
AVRASM ver. 2.1.30  D:\Kuliah\SMT3\Sensor dan Aktuator\Sensor Cahaya\Debug\List\adc_cahayaa.asm Thu Aug 25 10:10:21 2022

D:\Kuliah\SMT3\Sensor dan Aktuator\Sensor Cahaya\Debug\List\adc_cahayaa.asm(1088): warning: Register r5 already defined by the .DEF directive
D:\Kuliah\SMT3\Sensor dan Aktuator\Sensor Cahaya\Debug\List\adc_cahayaa.asm(1089): warning: Register r4 already defined by the .DEF directive
D:\Kuliah\SMT3\Sensor dan Aktuator\Sensor Cahaya\Debug\List\adc_cahayaa.asm(1090): warning: Register r7 already defined by the .DEF directive
D:\Kuliah\SMT3\Sensor dan Aktuator\Sensor Cahaya\Debug\List\adc_cahayaa.asm(1091): warning: Register r6 already defined by the .DEF directive
                 
                 
                 ;CodeVisionAVR C Compiler V3.12 Advanced
                 ;(C) Copyright 1998-2014 Pavel Haiduc, HP InfoTech s.r.l.
                 ;http://www.hpinfotech.com
                 
                 ;Build configuration    : Debug
                 ;Chip type              : ATmega16
                 ;Program type           : Application
                 ;Clock frequency        : 12,000000 MHz
                 ;Memory model           : Small
                 ;Optimize for           : Size
                 ;(s)printf features     : int, width
                 ;(s)scanf features      : int, width
                 ;External RAM size      : 0
                 ;Data Stack size        : 256 byte(s)
                 ;Heap size              : 0 byte(s)
                 ;Promote 'char' to 'int': Yes
                 ;'char' is unsigned     : Yes
                 ;8 bit enums            : Yes
                 ;Global 'const' stored in FLASH: Yes
                 ;Enhanced function parameter passing: Yes
                 ;Enhanced core instructions: On
                 ;Automatic register allocation for global variables: On
                 ;Smart register allocation: On
                 
                 	#define _MODEL_SMALL_
                 
                 	#pragma AVRPART ADMIN PART_NAME ATmega16
                 	#pragma AVRPART MEMORY PROG_FLASH 16384
                 	#pragma AVRPART MEMORY EEPROM 512
                 	#pragma AVRPART MEMORY INT_SRAM SIZE 1024
                 	#pragma AVRPART MEMORY INT_SRAM START_ADDR 0x60
                 
                 	#define CALL_SUPPORTED 1
                 
                 	.LISTMAC
                 	.EQU UDRE=0x5
                 	.EQU RXC=0x7
                 	.EQU USR=0xB
                 	.EQU UDR=0xC
                 	.EQU SPSR=0xE
                 	.EQU SPDR=0xF
                 	.EQU EERE=0x0
                 	.EQU EEWE=0x1
                 	.EQU EEMWE=0x2
                 	.EQU EECR=0x1C
                 	.EQU EEDR=0x1D
                 	.EQU EEARL=0x1E
                 	.EQU EEARH=0x1F
                 	.EQU WDTCR=0x21
                 	.EQU MCUCR=0x35
                 	.EQU GICR=0x3B
                 	.EQU SPL=0x3D
                 	.EQU SPH=0x3E
                 	.EQU SREG=0x3F
                 
                 	.DEF R0X0=R0
                 	.DEF R0X1=R1
                 	.DEF R0X2=R2
                 	.DEF R0X3=R3
                 	.DEF R0X4=R4
                 	.DEF R0X5=R5
                 	.DEF R0X6=R6
                 	.DEF R0X7=R7
                 	.DEF R0X8=R8
                 	.DEF R0X9=R9
                 	.DEF R0XA=R10
                 	.DEF R0XB=R11
                 	.DEF R0XC=R12
                 	.DEF R0XD=R13
                 	.DEF R0XE=R14
                 	.DEF R0XF=R15
                 	.DEF R0X10=R16
                 	.DEF R0X11=R17
                 	.DEF R0X12=R18
                 	.DEF R0X13=R19
                 	.DEF R0X14=R20
                 	.DEF R0X15=R21
                 	.DEF R0X16=R22
                 	.DEF R0X17=R23
                 	.DEF R0X18=R24
                 	.DEF R0X19=R25
                 	.DEF R0X1A=R26
                 	.DEF R0X1B=R27
                 	.DEF R0X1C=R28
                 	.DEF R0X1D=R29
                 	.DEF R0X1E=R30
                 	.DEF R0X1F=R31
                 
                 	.EQU __SRAM_START=0x0060
                 	.EQU __SRAM_END=0x045F
                 	.EQU __DSTACK_SIZE=0x0100
                 	.EQU __HEAP_SIZE=0x0000
                 	.EQU __CLEAR_SRAM_SIZE=__SRAM_END-__SRAM_START+1
                 
                 	.MACRO __CPD1N
                 	CPI  R30,LOW(@0)
                 	LDI  R26,HIGH(@0)
                 	CPC  R31,R26
                 	LDI  R26,BYTE3(@0)
                 	CPC  R22,R26
                 	LDI  R26,BYTE4(@0)
                 	CPC  R23,R26
                 	.ENDM
                 
                 	.MACRO __CPD2N
                 	CPI  R26,LOW(@0)
                 	LDI  R30,HIGH(@0)
                 	CPC  R27,R30
                 	LDI  R30,BYTE3(@0)
                 	CPC  R24,R30
                 	LDI  R30,BYTE4(@0)
                 	CPC  R25,R30
                 	.ENDM
                 
                 	.MACRO __CPWRR
                 	CP   R@0,R@2
                 	CPC  R@1,R@3
                 	.ENDM
                 
                 	.MACRO __CPWRN
                 	CPI  R@0,LOW(@2)
                 	LDI  R30,HIGH(@2)
                 	CPC  R@1,R30
                 	.ENDM
                 
                 	.MACRO __ADDB1MN
                 	SUBI R30,LOW(-@0-(@1))
                 	.ENDM
                 
                 	.MACRO __ADDB2MN
                 	SUBI R26,LOW(-@0-(@1))
                 	.ENDM
                 
                 	.MACRO __ADDW1MN
                 	SUBI R30,LOW(-@0-(@1))
                 	SBCI R31,HIGH(-@0-(@1))
                 	.ENDM
                 
                 	.MACRO __ADDW2MN
                 	SUBI R26,LOW(-@0-(@1))
                 	SBCI R27,HIGH(-@0-(@1))
                 	.ENDM
                 
                 	.MACRO __ADDW1FN
                 	SUBI R30,LOW(-2*@0-(@1))
                 	SBCI R31,HIGH(-2*@0-(@1))
                 	.ENDM
                 
                 	.MACRO __ADDD1FN
                 	SUBI R30,LOW(-2*@0-(@1))
                 	SBCI R31,HIGH(-2*@0-(@1))
                 	SBCI R22,BYTE3(-2*@0-(@1))
                 	.ENDM
                 
                 	.MACRO __ADDD1N
                 	SUBI R30,LOW(-@0)
                 	SBCI R31,HIGH(-@0)
                 	SBCI R22,BYTE3(-@0)
                 	SBCI R23,BYTE4(-@0)
                 	.ENDM
                 
                 	.MACRO __ADDD2N
                 	SUBI R26,LOW(-@0)
                 	SBCI R27,HIGH(-@0)
                 	SBCI R24,BYTE3(-@0)
                 	SBCI R25,BYTE4(-@0)
                 	.ENDM
                 
                 	.MACRO __SUBD1N
                 	SUBI R30,LOW(@0)
                 	SBCI R31,HIGH(@0)
                 	SBCI R22,BYTE3(@0)
                 	SBCI R23,BYTE4(@0)
                 	.ENDM
                 
                 	.MACRO __SUBD2N
                 	SUBI R26,LOW(@0)
                 	SBCI R27,HIGH(@0)
                 	SBCI R24,BYTE3(@0)
                 	SBCI R25,BYTE4(@0)
                 	.ENDM
                 
                 	.MACRO __ANDBMNN
                 	LDS  R30,@0+(@1)
                 	ANDI R30,LOW(@2)
                 	STS  @0+(@1),R30
                 	.ENDM
                 
                 	.MACRO __ANDWMNN
                 	LDS  R30,@0+(@1)
                 	ANDI R30,LOW(@2)
                 	STS  @0+(@1),R30
                 	LDS  R30,@0+(@1)+1
                 	ANDI R30,HIGH(@2)
                 	STS  @0+(@1)+1,R30
                 	.ENDM
                 
                 	.MACRO __ANDD1N
                 	ANDI R30,LOW(@0)
                 	ANDI R31,HIGH(@0)
                 	ANDI R22,BYTE3(@0)
                 	ANDI R23,BYTE4(@0)
                 	.ENDM
                 
                 	.MACRO __ANDD2N
                 	ANDI R26,LOW(@0)
                 	ANDI R27,HIGH(@0)
                 	ANDI R24,BYTE3(@0)
                 	ANDI R25,BYTE4(@0)
                 	.ENDM
                 
                 	.MACRO __ORBMNN
                 	LDS  R30,@0+(@1)
                 	ORI  R30,LOW(@2)
                 	STS  @0+(@1),R30
                 	.ENDM
                 
                 	.MACRO __ORWMNN
                 	LDS  R30,@0+(@1)
                 	ORI  R30,LOW(@2)
                 	STS  @0+(@1),R30
                 	LDS  R30,@0+(@1)+1
                 	ORI  R30,HIGH(@2)
                 	STS  @0+(@1)+1,R30
                 	.ENDM
                 
                 	.MACRO __ORD1N
                 	ORI  R30,LOW(@0)
                 	ORI  R31,HIGH(@0)
                 	ORI  R22,BYTE3(@0)
                 	ORI  R23,BYTE4(@0)
                 	.ENDM
                 
                 	.MACRO __ORD2N
                 	ORI  R26,LOW(@0)
                 	ORI  R27,HIGH(@0)
                 	ORI  R24,BYTE3(@0)
                 	ORI  R25,BYTE4(@0)
                 	.ENDM
                 
                 	.MACRO __DELAY_USB
                 	LDI  R24,LOW(@0)
                 __DELAY_USB_LOOP:
                 	DEC  R24
                 	BRNE __DELAY_USB_LOOP
                 	.ENDM
                 
                 	.MACRO __DELAY_USW
                 	LDI  R24,LOW(@0)
                 	LDI  R25,HIGH(@0)
                 __DELAY_USW_LOOP:
                 	SBIW R24,1
                 	BRNE __DELAY_USW_LOOP
                 	.ENDM
                 
                 	.MACRO __GETD1S
                 	LDD  R30,Y+@0
                 	LDD  R31,Y+@0+1
                 	LDD  R22,Y+@0+2
                 	LDD  R23,Y+@0+3
                 	.ENDM
                 
                 	.MACRO __GETD2S
                 	LDD  R26,Y+@0
                 	LDD  R27,Y+@0+1
                 	LDD  R24,Y+@0+2
                 	LDD  R25,Y+@0+3
                 	.ENDM
                 
                 	.MACRO __PUTD1S
                 	STD  Y+@0,R30
                 	STD  Y+@0+1,R31
                 	STD  Y+@0+2,R22
                 	STD  Y+@0+3,R23
                 	.ENDM
                 
                 	.MACRO __PUTD2S
                 	STD  Y+@0,R26
                 	STD  Y+@0+1,R27
                 	STD  Y+@0+2,R24
                 	STD  Y+@0+3,R25
                 	.ENDM
                 
                 	.MACRO __PUTDZ2
                 	STD  Z+@0,R26
                 	STD  Z+@0+1,R27
                 	STD  Z+@0+2,R24
                 	STD  Z+@0+3,R25
                 	.ENDM
                 
                 	.MACRO __CLRD1S
                 	STD  Y+@0,R30
                 	STD  Y+@0+1,R30
                 	STD  Y+@0+2,R30
                 	STD  Y+@0+3,R30
                 	.ENDM
                 
                 	.MACRO __POINTB1MN
                 	LDI  R30,LOW(@0+(@1))
                 	.ENDM
                 
                 	.MACRO __POINTW1MN
                 	LDI  R30,LOW(@0+(@1))
                 	LDI  R31,HIGH(@0+(@1))
                 	.ENDM
                 
                 	.MACRO __POINTD1M
                 	LDI  R30,LOW(@0)
                 	LDI  R31,HIGH(@0)
                 	LDI  R22,BYTE3(@0)
                 	LDI  R23,BYTE4(@0)
                 	.ENDM
                 
                 	.MACRO __POINTW1FN
                 	LDI  R30,LOW(2*@0+(@1))
                 	LDI  R31,HIGH(2*@0+(@1))
                 	.ENDM
                 
                 	.MACRO __POINTD1FN
                 	LDI  R30,LOW(2*@0+(@1))
                 	LDI  R31,HIGH(2*@0+(@1))
                 	LDI  R22,BYTE3(2*@0+(@1))
                 	LDI  R23,BYTE4(2*@0+(@1))
                 	.ENDM
                 
                 	.MACRO __POINTB2MN
                 	LDI  R26,LOW(@0+(@1))
                 	.ENDM
                 
                 	.MACRO __POINTW2MN
                 	LDI  R26,LOW(@0+(@1))
                 	LDI  R27,HIGH(@0+(@1))
                 	.ENDM
                 
                 	.MACRO __POINTW2FN
                 	LDI  R26,LOW(2*@0+(@1))
                 	LDI  R27,HIGH(2*@0+(@1))
                 	.ENDM
                 
                 	.MACRO __POINTD2FN
                 	LDI  R26,LOW(2*@0+(@1))
                 	LDI  R27,HIGH(2*@0+(@1))
                 	LDI  R24,BYTE3(2*@0+(@1))
                 	LDI  R25,BYTE4(2*@0+(@1))
                 	.ENDM
                 
                 	.MACRO __POINTBRM
                 	LDI  R@0,LOW(@1)
                 	.ENDM
                 
                 	.MACRO __POINTWRM
                 	LDI  R@0,LOW(@2)
                 	LDI  R@1,HIGH(@2)
                 	.ENDM
                 
                 	.MACRO __POINTBRMN
                 	LDI  R@0,LOW(@1+(@2))
                 	.ENDM
                 
                 	.MACRO __POINTWRMN
                 	LDI  R@0,LOW(@2+(@3))
                 	LDI  R@1,HIGH(@2+(@3))
                 	.ENDM
                 
                 	.MACRO __POINTWRFN
                 	LDI  R@0,LOW(@2*2+(@3))
                 	LDI  R@1,HIGH(@2*2+(@3))
                 	.ENDM
                 
                 	.MACRO __GETD1N
                 	LDI  R30,LOW(@0)
                 	LDI  R31,HIGH(@0)
                 	LDI  R22,BYTE3(@0)
                 	LDI  R23,BYTE4(@0)
                 	.ENDM
                 
                 	.MACRO __GETD2N
                 	LDI  R26,LOW(@0)
                 	LDI  R27,HIGH(@0)
                 	LDI  R24,BYTE3(@0)
                 	LDI  R25,BYTE4(@0)
                 	.ENDM
                 
                 	.MACRO __GETB1MN
                 	LDS  R30,@0+(@1)
                 	.ENDM
                 
                 	.MACRO __GETB1HMN
                 	LDS  R31,@0+(@1)
                 	.ENDM
                 
                 	.MACRO __GETW1MN
                 	LDS  R30,@0+(@1)
                 	LDS  R31,@0+(@1)+1
                 	.ENDM
                 
                 	.MACRO __GETD1MN
                 	LDS  R30,@0+(@1)
                 	LDS  R31,@0+(@1)+1
                 	LDS  R22,@0+(@1)+2
                 	LDS  R23,@0+(@1)+3
                 	.ENDM
                 
                 	.MACRO __GETBRMN
                 	LDS  R@0,@1+(@2)
                 	.ENDM
                 
                 	.MACRO __GETWRMN
                 	LDS  R@0,@2+(@3)
                 	LDS  R@1,@2+(@3)+1
                 	.ENDM
                 
                 	.MACRO __GETWRZ
                 	LDD  R@0,Z+@2
                 	LDD  R@1,Z+@2+1
                 	.ENDM
                 
                 	.MACRO __GETD2Z
                 	LDD  R26,Z+@0
                 	LDD  R27,Z+@0+1
                 	LDD  R24,Z+@0+2
                 	LDD  R25,Z+@0+3
                 	.ENDM
                 
                 	.MACRO __GETB2MN
                 	LDS  R26,@0+(@1)
                 	.ENDM
                 
                 	.MACRO __GETW2MN
                 	LDS  R26,@0+(@1)
                 	LDS  R27,@0+(@1)+1
                 	.ENDM
                 
                 	.MACRO __GETD2MN
                 	LDS  R26,@0+(@1)
                 	LDS  R27,@0+(@1)+1
                 	LDS  R24,@0+(@1)+2
                 	LDS  R25,@0+(@1)+3
                 	.ENDM
                 
                 	.MACRO __PUTB1MN
                 	STS  @0+(@1),R30
                 	.ENDM
                 
                 	.MACRO __PUTW1MN
                 	STS  @0+(@1),R30
                 	STS  @0+(@1)+1,R31
                 	.ENDM
                 
                 	.MACRO __PUTD1MN
                 	STS  @0+(@1),R30
                 	STS  @0+(@1)+1,R31
                 	STS  @0+(@1)+2,R22
                 	STS  @0+(@1)+3,R23
                 	.ENDM
                 
                 	.MACRO __PUTB1EN
                 	LDI  R26,LOW(@0+(@1))
                 	LDI  R27,HIGH(@0+(@1))
                 	CALL __EEPROMWRB
                 	.ENDM
                 
                 	.MACRO __PUTW1EN
                 	LDI  R26,LOW(@0+(@1))
                 	LDI  R27,HIGH(@0+(@1))
                 	CALL __EEPROMWRW
                 	.ENDM
                 
                 	.MACRO __PUTD1EN
                 	LDI  R26,LOW(@0+(@1))
                 	LDI  R27,HIGH(@0+(@1))
                 	CALL __EEPROMWRD
                 	.ENDM
                 
                 	.MACRO __PUTBR0MN
                 	STS  @0+(@1),R0
                 	.ENDM
                 
                 	.MACRO __PUTBMRN
                 	STS  @0+(@1),R@2
                 	.ENDM
                 
                 	.MACRO __PUTWMRN
                 	STS  @0+(@1),R@2
                 	STS  @0+(@1)+1,R@3
                 	.ENDM
                 
                 	.MACRO __PUTBZR
                 	STD  Z+@1,R@0
                 	.ENDM
                 
                 	.MACRO __PUTWZR
                 	STD  Z+@2,R@0
                 	STD  Z+@2+1,R@1
                 	.ENDM
                 
                 	.MACRO __GETW1R
                 	MOV  R30,R@0
                 	MOV  R31,R@1
                 	.ENDM
                 
                 	.MACRO __GETW2R
                 	MOV  R26,R@0
                 	MOV  R27,R@1
                 	.ENDM
                 
                 	.MACRO __GETWRN
                 	LDI  R@0,LOW(@2)
                 	LDI  R@1,HIGH(@2)
                 	.ENDM
                 
                 	.MACRO __PUTW1R
                 	MOV  R@0,R30
                 	MOV  R@1,R31
                 	.ENDM
                 
                 	.MACRO __PUTW2R
                 	MOV  R@0,R26
                 	MOV  R@1,R27
                 	.ENDM
                 
                 	.MACRO __ADDWRN
                 	SUBI R@0,LOW(-@2)
                 	SBCI R@1,HIGH(-@2)
                 	.ENDM
                 
                 	.MACRO __ADDWRR
                 	ADD  R@0,R@2
                 	ADC  R@1,R@3
                 	.ENDM
                 
                 	.MACRO __SUBWRN
                 	SUBI R@0,LOW(@2)
                 	SBCI R@1,HIGH(@2)
                 	.ENDM
                 
                 	.MACRO __SUBWRR
                 	SUB  R@0,R@2
                 	SBC  R@1,R@3
                 	.ENDM
                 
                 	.MACRO __ANDWRN
                 	ANDI R@0,LOW(@2)
                 	ANDI R@1,HIGH(@2)
                 	.ENDM
                 
                 	.MACRO __ANDWRR
                 	AND  R@0,R@2
                 	AND  R@1,R@3
                 	.ENDM
                 
                 	.MACRO __ORWRN
                 	ORI  R@0,LOW(@2)
                 	ORI  R@1,HIGH(@2)
                 	.ENDM
                 
                 	.MACRO __ORWRR
                 	OR   R@0,R@2
                 	OR   R@1,R@3
                 	.ENDM
                 
                 	.MACRO __EORWRR
                 	EOR  R@0,R@2
                 	EOR  R@1,R@3
                 	.ENDM
                 
                 	.MACRO __GETWRS
                 	LDD  R@0,Y+@2
                 	LDD  R@1,Y+@2+1
                 	.ENDM
                 
                 	.MACRO __PUTBSR
                 	STD  Y+@1,R@0
                 	.ENDM
                 
                 	.MACRO __PUTWSR
                 	STD  Y+@2,R@0
                 	STD  Y+@2+1,R@1
                 	.ENDM
                 
                 	.MACRO __MOVEWRR
                 	MOV  R@0,R@2
                 	MOV  R@1,R@3
                 	.ENDM
                 
                 	.MACRO __INWR
                 	IN   R@0,@2
                 	IN   R@1,@2+1
                 	.ENDM
                 
                 	.MACRO __OUTWR
                 	OUT  @2+1,R@1
                 	OUT  @2,R@0
                 	.ENDM
                 
                 	.MACRO __CALL1MN
                 	LDS  R30,@0+(@1)
                 	LDS  R31,@0+(@1)+1
                 	ICALL
                 	.ENDM
                 
                 	.MACRO __CALL1FN
                 	LDI  R30,LOW(2*@0+(@1))
                 	LDI  R31,HIGH(2*@0+(@1))
                 	CALL __GETW1PF
                 	ICALL
                 	.ENDM
                 
                 	.MACRO __CALL2EN
                 	PUSH R26
                 	PUSH R27
                 	LDI  R26,LOW(@0+(@1))
                 	LDI  R27,HIGH(@0+(@1))
                 	CALL __EEPROMRDW
                 	POP  R27
                 	POP  R26
                 	ICALL
                 	.ENDM
                 
                 	.MACRO __CALL2EX
                 	SUBI R26,LOW(-@0)
                 	SBCI R27,HIGH(-@0)
                 	CALL __EEPROMRDD
                 	ICALL
                 	.ENDM
                 
                 	.MACRO __GETW1STACK
                 	IN   R30,SPL
                 	IN   R31,SPH
                 	ADIW R30,@0+1
                 	LD   R0,Z+
                 	LD   R31,Z
                 	MOV  R30,R0
                 	.ENDM
                 
                 	.MACRO __GETD1STACK
                 	IN   R30,SPL
                 	IN   R31,SPH
                 	ADIW R30,@0+1
                 	LD   R0,Z+
                 	LD   R1,Z+
                 	LD   R22,Z
                 	MOVW R30,R0
                 	.ENDM
                 
                 	.MACRO __NBST
                 	BST  R@0,@1
                 	IN   R30,SREG
                 	LDI  R31,0x40
                 	EOR  R30,R31
                 	OUT  SREG,R30
                 	.ENDM
                 
                 
                 	.MACRO __PUTB1SN
                 	LDD  R26,Y+@0
                 	LDD  R27,Y+@0+1
                 	SUBI R26,LOW(-@1)
                 	SBCI R27,HIGH(-@1)
                 	ST   X,R30
                 	.ENDM
                 
                 	.MACRO __PUTW1SN
                 	LDD  R26,Y+@0
                 	LDD  R27,Y+@0+1
                 	SUBI R26,LOW(-@1)
                 	SBCI R27,HIGH(-@1)
                 	ST   X+,R30
                 	ST   X,R31
                 	.ENDM
                 
                 	.MACRO __PUTD1SN
                 	LDD  R26,Y+@0
                 	LDD  R27,Y+@0+1
                 	SUBI R26,LOW(-@1)
                 	SBCI R27,HIGH(-@1)
                 	CALL __PUTDP1
                 	.ENDM
                 
                 	.MACRO __PUTB1SNS
                 	LDD  R26,Y+@0
                 	LDD  R27,Y+@0+1
                 	ADIW R26,@1
                 	ST   X,R30
                 	.ENDM
                 
                 	.MACRO __PUTW1SNS
                 	LDD  R26,Y+@0
                 	LDD  R27,Y+@0+1
                 	ADIW R26,@1
                 	ST   X+,R30
                 	ST   X,R31
                 	.ENDM
                 
                 	.MACRO __PUTD1SNS
                 	LDD  R26,Y+@0
                 	LDD  R27,Y+@0+1
                 	ADIW R26,@1
                 	CALL __PUTDP1
                 	.ENDM
                 
                 	.MACRO __PUTB1PMN
                 	LDS  R26,@0
                 	LDS  R27,@0+1
                 	SUBI R26,LOW(-@1)
                 	SBCI R27,HIGH(-@1)
                 	ST   X,R30
                 	.ENDM
                 
                 	.MACRO __PUTW1PMN
                 	LDS  R26,@0
                 	LDS  R27,@0+1
                 	SUBI R26,LOW(-@1)
                 	SBCI R27,HIGH(-@1)
                 	ST   X+,R30
                 	ST   X,R31
                 	.ENDM
                 
                 	.MACRO __PUTD1PMN
                 	LDS  R26,@0
                 	LDS  R27,@0+1
                 	SUBI R26,LOW(-@1)
                 	SBCI R27,HIGH(-@1)
                 	CALL __PUTDP1
                 	.ENDM
                 
                 	.MACRO __PUTB1PMNS
                 	LDS  R26,@0
                 	LDS  R27,@0+1
                 	ADIW R26,@1
                 	ST   X,R30
                 	.ENDM
                 
                 	.MACRO __PUTW1PMNS
                 	LDS  R26,@0
                 	LDS  R27,@0+1
                 	ADIW R26,@1
                 	ST   X+,R30
                 	ST   X,R31
                 	.ENDM
                 
                 	.MACRO __PUTD1PMNS
                 	LDS  R26,@0
                 	LDS  R27,@0+1
                 	ADIW R26,@1
                 	CALL __PUTDP1
                 	.ENDM
                 
                 	.MACRO __PUTB1RN
                 	MOVW R26,R@0
                 	SUBI R26,LOW(-@1)
                 	SBCI R27,HIGH(-@1)
                 	ST   X,R30
                 	.ENDM
                 
                 	.MACRO __PUTW1RN
                 	MOVW R26,R@0
                 	SUBI R26,LOW(-@1)
                 	SBCI R27,HIGH(-@1)
                 	ST   X+,R30
                 	ST   X,R31
                 	.ENDM
                 
                 	.MACRO __PUTD1RN
                 	MOVW R26,R@0
                 	SUBI R26,LOW(-@1)
                 	SBCI R27,HIGH(-@1)
                 	CALL __PUTDP1
                 	.ENDM
                 
                 	.MACRO __PUTB1RNS
                 	MOVW R26,R@0
                 	ADIW R26,@1
                 	ST   X,R30
                 	.ENDM
                 
                 	.MACRO __PUTW1RNS
                 	MOVW R26,R@0
                 	ADIW R26,@1
                 	ST   X+,R30
                 	ST   X,R31
                 	.ENDM
                 
                 	.MACRO __PUTD1RNS
                 	MOVW R26,R@0
                 	ADIW R26,@1
                 	CALL __PUTDP1
                 	.ENDM
                 
                 	.MACRO __PUTB1RON
                 	MOV  R26,R@0
                 	MOV  R27,R@1
                 	SUBI R26,LOW(-@2)
                 	SBCI R27,HIGH(-@2)
                 	ST   X,R30
                 	.ENDM
                 
                 	.MACRO __PUTW1RON
                 	MOV  R26,R@0
                 	MOV  R27,R@1
                 	SUBI R26,LOW(-@2)
                 	SBCI R27,HIGH(-@2)
                 	ST   X+,R30
                 	ST   X,R31
                 	.ENDM
                 
                 	.MACRO __PUTD1RON
                 	MOV  R26,R@0
                 	MOV  R27,R@1
                 	SUBI R26,LOW(-@2)
                 	SBCI R27,HIGH(-@2)
                 	CALL __PUTDP1
                 	.ENDM
                 
                 	.MACRO __PUTB1RONS
                 	MOV  R26,R@0
                 	MOV  R27,R@1
                 	ADIW R26,@2
                 	ST   X,R30
                 	.ENDM
                 
                 	.MACRO __PUTW1RONS
                 	MOV  R26,R@0
                 	MOV  R27,R@1
                 	ADIW R26,@2
                 	ST   X+,R30
                 	ST   X,R31
                 	.ENDM
                 
                 	.MACRO __PUTD1RONS
                 	MOV  R26,R@0
                 	MOV  R27,R@1
                 	ADIW R26,@2
                 	CALL __PUTDP1
                 	.ENDM
                 
                 
                 	.MACRO __GETB1SX
                 	MOVW R30,R28
                 	SUBI R30,LOW(-@0)
                 	SBCI R31,HIGH(-@0)
                 	LD   R30,Z
                 	.ENDM
                 
                 	.MACRO __GETB1HSX
                 	MOVW R30,R28
                 	SUBI R30,LOW(-@0)
                 	SBCI R31,HIGH(-@0)
                 	LD   R31,Z
                 	.ENDM
                 
                 	.MACRO __GETW1SX
                 	MOVW R30,R28
                 	SUBI R30,LOW(-@0)
                 	SBCI R31,HIGH(-@0)
                 	LD   R0,Z+
                 	LD   R31,Z
                 	MOV  R30,R0
                 	.ENDM
                 
                 	.MACRO __GETD1SX
                 	MOVW R30,R28
                 	SUBI R30,LOW(-@0)
                 	SBCI R31,HIGH(-@0)
                 	LD   R0,Z+
                 	LD   R1,Z+
                 	LD   R22,Z+
                 	LD   R23,Z
                 	MOVW R30,R0
                 	.ENDM
                 
                 	.MACRO __GETB2SX
                 	MOVW R26,R28
                 	SUBI R26,LOW(-@0)
                 	SBCI R27,HIGH(-@0)
                 	LD   R26,X
                 	.ENDM
                 
                 	.MACRO __GETW2SX
                 	MOVW R26,R28
                 	SUBI R26,LOW(-@0)
                 	SBCI R27,HIGH(-@0)
                 	LD   R0,X+
                 	LD   R27,X
                 	MOV  R26,R0
                 	.ENDM
                 
                 	.MACRO __GETD2SX
                 	MOVW R26,R28
                 	SUBI R26,LOW(-@0)
                 	SBCI R27,HIGH(-@0)
                 	LD   R0,X+
                 	LD   R1,X+
                 	LD   R24,X+
                 	LD   R25,X
                 	MOVW R26,R0
                 	.ENDM
                 
                 	.MACRO __GETBRSX
                 	MOVW R30,R28
                 	SUBI R30,LOW(-@1)
                 	SBCI R31,HIGH(-@1)
                 	LD   R@0,Z
                 	.ENDM
                 
                 	.MACRO __GETWRSX
                 	MOVW R30,R28
                 	SUBI R30,LOW(-@2)
                 	SBCI R31,HIGH(-@2)
                 	LD   R@0,Z+
                 	LD   R@1,Z
                 	.ENDM
                 
                 	.MACRO __GETBRSX2
                 	MOVW R26,R28
                 	SUBI R26,LOW(-@1)
                 	SBCI R27,HIGH(-@1)
                 	LD   R@0,X
                 	.ENDM
                 
                 	.MACRO __GETWRSX2
                 	MOVW R26,R28
                 	SUBI R26,LOW(-@2)
                 	SBCI R27,HIGH(-@2)
                 	LD   R@0,X+
                 	LD   R@1,X
                 	.ENDM
                 
                 	.MACRO __LSLW8SX
                 	MOVW R30,R28
                 	SUBI R30,LOW(-@0)
                 	SBCI R31,HIGH(-@0)
                 	LD   R31,Z
                 	CLR  R30
                 	.ENDM
                 
                 	.MACRO __PUTB1SX
                 	MOVW R26,R28
                 	SUBI R26,LOW(-@0)
                 	SBCI R27,HIGH(-@0)
                 	ST   X,R30
                 	.ENDM
                 
                 	.MACRO __PUTW1SX
                 	MOVW R26,R28
                 	SUBI R26,LOW(-@0)
                 	SBCI R27,HIGH(-@0)
                 	ST   X+,R30
                 	ST   X,R31
                 	.ENDM
                 
                 	.MACRO __PUTD1SX
                 	MOVW R26,R28
                 	SUBI R26,LOW(-@0)
                 	SBCI R27,HIGH(-@0)
                 	ST   X+,R30
                 	ST   X+,R31
                 	ST   X+,R22
                 	ST   X,R23
                 	.ENDM
                 
                 	.MACRO __CLRW1SX
                 	MOVW R26,R28
                 	SUBI R26,LOW(-@0)
                 	SBCI R27,HIGH(-@0)
                 	ST   X+,R30
                 	ST   X,R30
                 	.ENDM
                 
                 	.MACRO __CLRD1SX
                 	MOVW R26,R28
                 	SUBI R26,LOW(-@0)
                 	SBCI R27,HIGH(-@0)
                 	ST   X+,R30
                 	ST   X+,R30
                 	ST   X+,R30
                 	ST   X,R30
                 	.ENDM
                 
                 	.MACRO __PUTB2SX
                 	MOVW R30,R28
                 	SUBI R30,LOW(-@0)
                 	SBCI R31,HIGH(-@0)
                 	ST   Z,R26
                 	.ENDM
                 
                 	.MACRO __PUTW2SX
                 	MOVW R30,R28
                 	SUBI R30,LOW(-@0)
                 	SBCI R31,HIGH(-@0)
                 	ST   Z+,R26
                 	ST   Z,R27
                 	.ENDM
                 
                 	.MACRO __PUTD2SX
                 	MOVW R30,R28
                 	SUBI R30,LOW(-@0)
                 	SBCI R31,HIGH(-@0)
                 	ST   Z+,R26
                 	ST   Z+,R27
                 	ST   Z+,R24
                 	ST   Z,R25
                 	.ENDM
                 
                 	.MACRO __PUTBSRX
                 	MOVW R30,R28
                 	SUBI R30,LOW(-@1)
                 	SBCI R31,HIGH(-@1)
                 	ST   Z,R@0
                 	.ENDM
                 
                 	.MACRO __PUTWSRX
                 	MOVW R30,R28
                 	SUBI R30,LOW(-@2)
                 	SBCI R31,HIGH(-@2)
                 	ST   Z+,R@0
                 	ST   Z,R@1
                 	.ENDM
                 
                 	.MACRO __PUTB1SNX
                 	MOVW R26,R28
                 	SUBI R26,LOW(-@0)
                 	SBCI R27,HIGH(-@0)
                 	LD   R0,X+
                 	LD   R27,X
                 	MOV  R26,R0
                 	SUBI R26,LOW(-@1)
                 	SBCI R27,HIGH(-@1)
                 	ST   X,R30
                 	.ENDM
                 
                 	.MACRO __PUTW1SNX
                 	MOVW R26,R28
                 	SUBI R26,LOW(-@0)
                 	SBCI R27,HIGH(-@0)
                 	LD   R0,X+
                 	LD   R27,X
                 	MOV  R26,R0
                 	SUBI R26,LOW(-@1)
                 	SBCI R27,HIGH(-@1)
                 	ST   X+,R30
                 	ST   X,R31
                 	.ENDM
                 
                 	.MACRO __PUTD1SNX
                 	MOVW R26,R28
                 	SUBI R26,LOW(-@0)
                 	SBCI R27,HIGH(-@0)
                 	LD   R0,X+
                 	LD   R27,X
                 	MOV  R26,R0
                 	SUBI R26,LOW(-@1)
                 	SBCI R27,HIGH(-@1)
                 	ST   X+,R30
                 	ST   X+,R31
                 	ST   X+,R22
                 	ST   X,R23
                 	.ENDM
                 
                 	.MACRO __MULBRR
                 	MULS R@0,R@1
                 	MOVW R30,R0
                 	.ENDM
                 
                 	.MACRO __MULBRRU
                 	MUL  R@0,R@1
                 	MOVW R30,R0
                 	.ENDM
                 
                 	.MACRO __MULBRR0
                 	MULS R@0,R@1
                 	.ENDM
                 
                 	.MACRO __MULBRRU0
                 	MUL  R@0,R@1
                 	.ENDM
                 
                 	.MACRO __MULBNWRU
                 	LDI  R26,@2
                 	MUL  R26,R@0
                 	MOVW R30,R0
                 	MUL  R26,R@1
                 	ADD  R31,R0
                 	.ENDM
                 
                 ;NAME DEFINITIONS FOR GLOBAL VARIABLES ALLOCATED TO REGISTERS
                 	.DEF _data_cahaya=R5
                 	.DEF __lcd_x=R4
                 	.DEF __lcd_y=R7
                 	.DEF __lcd_maxx=R6
                 
                 	.CSEG
                 	.ORG 0x00
                 
                 ;START OF CODE MARKER
                 __START_OF_CODE:
                 
                 ;INTERRUPT VECTORS
000000 940c 0049 	JMP  __RESET
000002 940c 0000 	JMP  0x00
000004 940c 0000 	JMP  0x00
000006 940c 0000 	JMP  0x00
000008 940c 0000 	JMP  0x00
00000a 940c 0000 	JMP  0x00
00000c 940c 0000 	JMP  0x00
00000e 940c 0000 	JMP  0x00
000010 940c 0000 	JMP  0x00
000012 940c 0000 	JMP  0x00
000014 940c 0000 	JMP  0x00
000016 940c 0000 	JMP  0x00
000018 940c 0000 	JMP  0x00
00001a 940c 0000 	JMP  0x00
00001c 940c 0000 	JMP  0x00
00001e 940c 0000 	JMP  0x00
000020 940c 0000 	JMP  0x00
000022 940c 0000 	JMP  0x00
000024 940c 0000 	JMP  0x00
000026 940c 0000 	JMP  0x00
000028 940c 0000 	JMP  0x00
                 
                 _tbl10_G100:
00002a 2710
00002b 03e8
00002c 0064
00002d 000a      	.DB  0x10,0x27,0xE8,0x3,0x64,0x0,0xA,0x0
00002e 0001      	.DB  0x1,0x0
                 _tbl16_G100:
00002f 1000
000030 0100
000031 0010
000032 0001      	.DB  0x0,0x10,0x0,0x1,0x10,0x0,0x1,0x0
                 
                 _0x0:
000033 6144
000034 6174
000035 203a
000036 2500      	.DB  0x44,0x61,0x74,0x61,0x3A,0x20,0x0,0x25
000037 0064
000038 4d0a
000039 6c61
00003a 6d61      	.DB  0x64,0x0,0xA,0x4D,0x61,0x6C,0x61,0x6D
00003b 4820
00003c 7261
00003d 0069
00003e 530a      	.DB  0x20,0x48,0x61,0x72,0x69,0x0,0xA,0x53
00003f 6169
000040 676e
000041 4820
000042 7261      	.DB  0x69,0x61,0x6E,0x67,0x20,0x48,0x61,0x72
000043 0069      	.DB  0x69,0x0
                 _0x2020003:
000044 c080      	.DB  0x80,0xC0
                 
                 __GLOBAL_INI_TBL:
000045 0002      	.DW  0x02
000046 0163      	.DW  __base_y_G101
000047 0088      	.DW  _0x2020003*2
                 
                 _0xFFFFFFFF:
000048 0000      	.DW  0
                 
                 #define __GLOBAL_INI_TBL_PRESENT 1
                 
                 __RESET:
000049 94f8      	CLI
00004a 27ee      	CLR  R30
00004b bbec      	OUT  EECR,R30
                 
                 ;INTERRUPT VECTORS ARE PLACED
                 ;AT THE START OF FLASH
00004c e0f1      	LDI  R31,1
00004d bffb      	OUT  GICR,R31
00004e bfeb      	OUT  GICR,R30
00004f bfe5      	OUT  MCUCR,R30
                 
                 ;CLEAR R2-R14
000050 e08d      	LDI  R24,(14-2)+1
000051 e0a2      	LDI  R26,2
000052 27bb      	CLR  R27
                 __CLEAR_REG:
000053 93ed      	ST   X+,R30
000054 958a      	DEC  R24
000055 f7e9      	BRNE __CLEAR_REG
                 
                 ;CLEAR SRAM
000056 e080      	LDI  R24,LOW(__CLEAR_SRAM_SIZE)
000057 e094      	LDI  R25,HIGH(__CLEAR_SRAM_SIZE)
000058 e6a0      	LDI  R26,__SRAM_START
                 __CLEAR_SRAM:
000059 93ed      	ST   X+,R30
00005a 9701      	SBIW R24,1
00005b f7e9      	BRNE __CLEAR_SRAM
                 
                 ;GLOBAL VARIABLES INITIALIZATION
00005c e8ea      	LDI  R30,LOW(__GLOBAL_INI_TBL*2)
00005d e0f0      	LDI  R31,HIGH(__GLOBAL_INI_TBL*2)
                 __GLOBAL_INI_NEXT:
00005e 9185      	LPM  R24,Z+
00005f 9195      	LPM  R25,Z+
000060 9700      	SBIW R24,0
000061 f061      	BREQ __GLOBAL_INI_END
000062 91a5      	LPM  R26,Z+
000063 91b5      	LPM  R27,Z+
000064 9005      	LPM  R0,Z+
000065 9015      	LPM  R1,Z+
000066 01bf      	MOVW R22,R30
000067 01f0      	MOVW R30,R0
                 __GLOBAL_INI_LOOP:
000068 9005      	LPM  R0,Z+
000069 920d      	ST   X+,R0
00006a 9701      	SBIW R24,1
00006b f7e1      	BRNE __GLOBAL_INI_LOOP
00006c 01fb      	MOVW R30,R22
00006d cff0      	RJMP __GLOBAL_INI_NEXT
                 __GLOBAL_INI_END:
                 
                 ;HARDWARE STACK POINTER INITIALIZATION
00006e e5ef      	LDI  R30,LOW(__SRAM_END-__HEAP_SIZE)
00006f bfed      	OUT  SPL,R30
000070 e0e4      	LDI  R30,HIGH(__SRAM_END-__HEAP_SIZE)
000071 bfee      	OUT  SPH,R30
                 
                 ;DATA STACK POINTER INITIALIZATION
000072 e6c0      	LDI  R28,LOW(__SRAM_START+__DSTACK_SIZE)
000073 e0d1      	LDI  R29,HIGH(__SRAM_START+__DSTACK_SIZE)
                 
000074 940c 0084 	JMP  _main
                 
                 	.ESEG
                 	.ORG 0
                 
                 	.DSEG
                 	.ORG 0x160
                 
                 	.CSEG
                 ;/*******************************************************
                 ;This program was created by the
                 ;CodeWizardAVR V3.12 Advanced
                 ;Automatic Program Generator
                 ;© Copyright 1998-2014 Pavel Haiduc, HP InfoTech s.r.l.
                 ;http://www.hpinfotech.com
                 ;
                 ;Project :
                 ;Version :
                 ;Date    : 25/08/2022
                 ;Author  :
                 ;Company :
                 ;Comments:
                 ;
                 ;
                 ;Chip type               : ATmega16
                 ;Program type            : Application
                 ;AVR Core Clock frequency: 12,000000 MHz
                 ;Memory model            : Small
                 ;External RAM size       : 0
                 ;Data Stack size         : 256
                 ;*******************************************************/
                 ;
                 ;#include <mega16.h>
                 	#ifndef __SLEEP_DEFINED__
                 	#define __SLEEP_DEFINED__
                 	.EQU __se_bit=0x40
                 	.EQU __sm_mask=0xB0
                 	.EQU __sm_powerdown=0x20
                 	.EQU __sm_powersave=0x30
                 	.EQU __sm_standby=0xA0
                 	.EQU __sm_ext_standby=0xB0
                 	.EQU __sm_adc_noise_red=0x10
                 	.SET power_ctrl_reg=mcucr
                 	#endif
                 ;
                 ;#include <delay.h>
                 ;
                 ;#include <stdio.h>
                 ;
                 ;// Alphanumeric LCD functions
                 ;#include <alcd.h>
                 ;
                 ;// Declare your global variables here
                 ;
                 ;// Voltage Reference: AREF pin
                 ;#define ADC_VREF_TYPE ((0<<REFS1) | (0<<REFS0) | (1<<ADLAR))
                 ;
                 ;// Read the 8 most significant bits
                 ;// of the AD conversion result
                 ;unsigned char read_adc(unsigned char adc_input)
                 ; 0000 0029 {
                 
                 	.CSEG
                 _read_adc:
                 ; .FSTART _read_adc
                 ; 0000 002A ADMUX=adc_input | ADC_VREF_TYPE;
000076 93aa      	ST   -Y,R26
                 ;	adc_input -> Y+0
000077 81e8      	LD   R30,Y
000078 62e0      	ORI  R30,0x20
000079 b9e7      	OUT  0x7,R30
                 ; 0000 002B // Delay needed for the stabilization of the ADC input voltage
                 ; 0000 002C delay_us(10);
                +
00007a e288     +LDI R24 , LOW ( 40 )
                +__DELAY_USB_LOOP :
00007b 958a     +DEC R24
00007c f7f1     +BRNE __DELAY_USB_LOOP
                 	__DELAY_USB 40
                 ; 0000 002D // Start the AD conversion
                 ; 0000 002E ADCSRA|=(1<<ADSC);
00007d 9a36      	SBI  0x6,6
                 ; 0000 002F // Wait for the AD conversion to complete
                 ; 0000 0030 while ((ADCSRA & (1<<ADIF))==0);
                 _0x3:
00007e 9b34      	SBIS 0x6,4
00007f cffe      	RJMP _0x3
                 ; 0000 0031 ADCSRA|=(1<<ADIF);
000080 9a34      	SBI  0x6,4
                 ; 0000 0032 return ADCH;
000081 b1e5      	IN   R30,0x5
000082 940c 0322 	JMP  _0x2080001
                 ; 0000 0033 }
                 ; .FEND
                 ;
                 ;unsigned char xstring[3],data_cahaya;
                 ;
                 ;void main(void)
                 ; 0000 0038 {
                 _main:
                 ; .FSTART _main
                 ; 0000 0039 // Declare your local variables here
                 ; 0000 003A 
                 ; 0000 003B // Input/Output Ports initialization
                 ; 0000 003C // Port A initialization
                 ; 0000 003D // Function: Bit7=In Bit6=In Bit5=In Bit4=In Bit3=In Bit2=In Bit1=In Bit0=In
                 ; 0000 003E DDRA=(0<<DDA7) | (0<<DDA6) | (0<<DDA5) | (0<<DDA4) | (0<<DDA3) | (0<<DDA2) | (0<<DDA1) | (0<<DDA0);
000084 e0e0      	LDI  R30,LOW(0)
000085 bbea      	OUT  0x1A,R30
                 ; 0000 003F // State: Bit7=T Bit6=T Bit5=T Bit4=T Bit3=T Bit2=T Bit1=T Bit0=T
                 ; 0000 0040 PORTA=(0<<PORTA7) | (0<<PORTA6) | (0<<PORTA5) | (0<<PORTA4) | (0<<PORTA3) | (0<<PORTA2) | (0<<PORTA1) | (0<<PORTA0);
000086 bbeb      	OUT  0x1B,R30
                 ; 0000 0041 
                 ; 0000 0042 // Port B initialization
                 ; 0000 0043 // Function: Bit7=In Bit6=In Bit5=In Bit4=In Bit3=In Bit2=In Bit1=In Bit0=In
                 ; 0000 0044 DDRB=(0<<DDB7) | (0<<DDB6) | (0<<DDB5) | (0<<DDB4) | (0<<DDB3) | (0<<DDB2) | (0<<DDB1) | (0<<DDB0);
000087 bbe7      	OUT  0x17,R30
                 ; 0000 0045 // State: Bit7=T Bit6=T Bit5=T Bit4=T Bit3=T Bit2=T Bit1=T Bit0=T
                 ; 0000 0046 PORTB=(0<<PORTB7) | (0<<PORTB6) | (0<<PORTB5) | (0<<PORTB4) | (0<<PORTB3) | (0<<PORTB2) | (0<<PORTB1) | (0<<PORTB0);
000088 bbe8      	OUT  0x18,R30
                 ; 0000 0047 
                 ; 0000 0048 // Port C initialization
                 ; 0000 0049 // Function: Bit7=In Bit6=In Bit5=In Bit4=In Bit3=In Bit2=In Bit1=In Bit0=In
                 ; 0000 004A DDRC=(0<<DDC7) | (0<<DDC6) | (0<<DDC5) | (0<<DDC4) | (0<<DDC3) | (0<<DDC2) | (0<<DDC1) | (0<<DDC0);
000089 bbe4      	OUT  0x14,R30
                 ; 0000 004B // State: Bit7=T Bit6=T Bit5=T Bit4=T Bit3=T Bit2=T Bit1=T Bit0=T
                 ; 0000 004C PORTC=(0<<PORTC7) | (0<<PORTC6) | (0<<PORTC5) | (0<<PORTC4) | (0<<PORTC3) | (0<<PORTC2) | (0<<PORTC1) | (0<<PORTC0);
00008a bbe5      	OUT  0x15,R30
                 ; 0000 004D 
                 ; 0000 004E // Port D initialization
                 ; 0000 004F // Function: Bit7=In Bit6=In Bit5=In Bit4=In Bit3=In Bit2=In Bit1=In Bit0=In
                 ; 0000 0050 DDRD=(0<<DDD7) | (0<<DDD6) | (0<<DDD5) | (0<<DDD4) | (0<<DDD3) | (0<<DDD2) | (0<<DDD1) | (0<<DDD0);
00008b bbe1      	OUT  0x11,R30
                 ; 0000 0051 // State: Bit7=T Bit6=T Bit5=T Bit4=T Bit3=T Bit2=T Bit1=T Bit0=T
                 ; 0000 0052 PORTD=(0<<PORTD7) | (0<<PORTD6) | (0<<PORTD5) | (0<<PORTD4) | (0<<PORTD3) | (0<<PORTD2) | (0<<PORTD1) | (0<<PORTD0);
00008c bbe2      	OUT  0x12,R30
                 ; 0000 0053 
                 ; 0000 0054 // Timer/Counter 0 initialization
                 ; 0000 0055 // Clock source: System Clock
                 ; 0000 0056 // Clock value: Timer 0 Stopped
                 ; 0000 0057 // Mode: Normal top=0xFF
                 ; 0000 0058 // OC0 output: Disconnected
                 ; 0000 0059 TCCR0=(0<<WGM00) | (0<<COM01) | (0<<COM00) | (0<<WGM01) | (0<<CS02) | (0<<CS01) | (0<<CS00);
00008d bfe3      	OUT  0x33,R30
                 ; 0000 005A TCNT0=0x00;
00008e bfe2      	OUT  0x32,R30
                 ; 0000 005B OCR0=0x00;
00008f bfec      	OUT  0x3C,R30
                 ; 0000 005C 
                 ; 0000 005D // Timer/Counter 1 initialization
                 ; 0000 005E // Clock source: System Clock
                 ; 0000 005F // Clock value: Timer1 Stopped
                 ; 0000 0060 // Mode: Normal top=0xFFFF
                 ; 0000 0061 // OC1A output: Disconnected
                 ; 0000 0062 // OC1B output: Disconnected
                 ; 0000 0063 // Noise Canceler: Off
                 ; 0000 0064 // Input Capture on Falling Edge
                 ; 0000 0065 // Timer1 Overflow Interrupt: Off
                 ; 0000 0066 // Input Capture Interrupt: Off
                 ; 0000 0067 // Compare A Match Interrupt: Off
                 ; 0000 0068 // Compare B Match Interrupt: Off
                 ; 0000 0069 TCCR1A=(0<<COM1A1) | (0<<COM1A0) | (0<<COM1B1) | (0<<COM1B0) | (0<<WGM11) | (0<<WGM10);
000090 bdef      	OUT  0x2F,R30
                 ; 0000 006A TCCR1B=(0<<ICNC1) | (0<<ICES1) | (0<<WGM13) | (0<<WGM12) | (0<<CS12) | (0<<CS11) | (0<<CS10);
000091 bdee      	OUT  0x2E,R30
                 ; 0000 006B TCNT1H=0x00;
000092 bded      	OUT  0x2D,R30
                 ; 0000 006C TCNT1L=0x00;
000093 bdec      	OUT  0x2C,R30
                 ; 0000 006D ICR1H=0x00;
000094 bde7      	OUT  0x27,R30
                 ; 0000 006E ICR1L=0x00;
000095 bde6      	OUT  0x26,R30
                 ; 0000 006F OCR1AH=0x00;
000096 bdeb      	OUT  0x2B,R30
                 ; 0000 0070 OCR1AL=0x00;
000097 bdea      	OUT  0x2A,R30
                 ; 0000 0071 OCR1BH=0x00;
000098 bde9      	OUT  0x29,R30
                 ; 0000 0072 OCR1BL=0x00;
000099 bde8      	OUT  0x28,R30
                 ; 0000 0073 
                 ; 0000 0074 // Timer/Counter 2 initialization
                 ; 0000 0075 // Clock source: System Clock
                 ; 0000 0076 // Clock value: Timer2 Stopped
                 ; 0000 0077 // Mode: Normal top=0xFF
                 ; 0000 0078 // OC2 output: Disconnected
                 ; 0000 0079 ASSR=0<<AS2;
00009a bde2      	OUT  0x22,R30
                 ; 0000 007A TCCR2=(0<<PWM2) | (0<<COM21) | (0<<COM20) | (0<<CTC2) | (0<<CS22) | (0<<CS21) | (0<<CS20);
00009b bde5      	OUT  0x25,R30
                 ; 0000 007B TCNT2=0x00;
00009c bde4      	OUT  0x24,R30
                 ; 0000 007C OCR2=0x00;
00009d bde3      	OUT  0x23,R30
                 ; 0000 007D 
                 ; 0000 007E // Timer(s)/Counter(s) Interrupt(s) initialization
                 ; 0000 007F TIMSK=(0<<OCIE2) | (0<<TOIE2) | (0<<TICIE1) | (0<<OCIE1A) | (0<<OCIE1B) | (0<<TOIE1) | (0<<OCIE0) | (0<<TOIE0);
00009e bfe9      	OUT  0x39,R30
                 ; 0000 0080 
                 ; 0000 0081 // External Interrupt(s) initialization
                 ; 0000 0082 // INT0: Off
                 ; 0000 0083 // INT1: Off
                 ; 0000 0084 // INT2: Off
                 ; 0000 0085 MCUCR=(0<<ISC11) | (0<<ISC10) | (0<<ISC01) | (0<<ISC00);
00009f bfe5      	OUT  0x35,R30
                 ; 0000 0086 MCUCSR=(0<<ISC2);
0000a0 bfe4      	OUT  0x34,R30
                 ; 0000 0087 
                 ; 0000 0088 // USART initialization
                 ; 0000 0089 // USART disabled
                 ; 0000 008A UCSRB=(0<<RXCIE) | (0<<TXCIE) | (0<<UDRIE) | (0<<RXEN) | (0<<TXEN) | (0<<UCSZ2) | (0<<RXB8) | (0<<TXB8);
0000a1 b9ea      	OUT  0xA,R30
                 ; 0000 008B 
                 ; 0000 008C // Analog Comparator initialization
                 ; 0000 008D // Analog Comparator: Off
                 ; 0000 008E // The Analog Comparator's positive input is
                 ; 0000 008F // connected to the AIN0 pin
                 ; 0000 0090 // The Analog Comparator's negative input is
                 ; 0000 0091 // connected to the AIN1 pin
                 ; 0000 0092 ACSR=(1<<ACD) | (0<<ACBG) | (0<<ACO) | (0<<ACI) | (0<<ACIE) | (0<<ACIC) | (0<<ACIS1) | (0<<ACIS0);
0000a2 e8e0      	LDI  R30,LOW(128)
0000a3 b9e8      	OUT  0x8,R30
                 ; 0000 0093 
                 ; 0000 0094 // ADC initialization
                 ; 0000 0095 // ADC Clock frequency: 750,000 kHz
                 ; 0000 0096 // ADC Voltage Reference: AREF pin
                 ; 0000 0097 // ADC Auto Trigger Source: ADC Stopped
                 ; 0000 0098 // Only the 8 most significant bits of
                 ; 0000 0099 // the AD conversion result are used
                 ; 0000 009A ADMUX=ADC_VREF_TYPE;
0000a4 e2e0      	LDI  R30,LOW(32)
0000a5 b9e7      	OUT  0x7,R30
                 ; 0000 009B ADCSRA=(1<<ADEN) | (0<<ADSC) | (0<<ADATE) | (0<<ADIF) | (0<<ADIE) | (1<<ADPS2) | (0<<ADPS1) | (0<<ADPS0);
0000a6 e8e4      	LDI  R30,LOW(132)
0000a7 b9e6      	OUT  0x6,R30
                 ; 0000 009C SFIOR=(0<<ADTS2) | (0<<ADTS1) | (0<<ADTS0);
0000a8 e0e0      	LDI  R30,LOW(0)
0000a9 bfe0      	OUT  0x30,R30
                 ; 0000 009D 
                 ; 0000 009E // SPI initialization
                 ; 0000 009F // SPI disabled
                 ; 0000 00A0 SPCR=(0<<SPIE) | (0<<SPE) | (0<<DORD) | (0<<MSTR) | (0<<CPOL) | (0<<CPHA) | (0<<SPR1) | (0<<SPR0);
0000aa b9ed      	OUT  0xD,R30
                 ; 0000 00A1 
                 ; 0000 00A2 // TWI initialization
                 ; 0000 00A3 // TWI disabled
                 ; 0000 00A4 TWCR=(0<<TWEA) | (0<<TWSTA) | (0<<TWSTO) | (0<<TWEN) | (0<<TWIE);
0000ab bfe6      	OUT  0x36,R30
                 ; 0000 00A5 
                 ; 0000 00A6 // Alphanumeric LCD initialization
                 ; 0000 00A7 // Connections are specified in the
                 ; 0000 00A8 // Project|Configure|C Compiler|Libraries|Alphanumeric LCD menu:
                 ; 0000 00A9 // RS - PORTB Bit 0
                 ; 0000 00AA // RD - PORTB Bit 1
                 ; 0000 00AB // EN - PORTB Bit 2
                 ; 0000 00AC // D4 - PORTB Bit 4
                 ; 0000 00AD // D5 - PORTB Bit 5
                 ; 0000 00AE // D6 - PORTB Bit 6
                 ; 0000 00AF // D7 - PORTB Bit 7
                 ; 0000 00B0 // Characters/line: 16
                 ; 0000 00B1 lcd_init(16);
0000ac e1a0      	LDI  R26,LOW(16)
0000ad 940e 02f6 	CALL _lcd_init
                 ; 0000 00B2 
                 ; 0000 00B3 while (1)
                 _0x6:
                 ; 0000 00B4       {
                 ; 0000 00B5       // Place your code here
                 ; 0000 00B6       lcd_clear();
0000af 940e 02b3 	CALL _lcd_clear
                 ; 0000 00B7         lcd_putsf("Data: ");
                +
0000b1 e6a6     +LDI R26 , LOW ( 2 * _0x0 + ( 0 ) )
0000b2 e0b0     +LDI R27 , HIGH ( 2 * _0x0 + ( 0 ) )
                 	__POINTW2FN _0x0,0
0000b3 940e 02e3 	CALL _lcd_putsf
                 ; 0000 00B8         data_cahaya = read_adc(1);
0000b5 e0a1      	LDI  R26,LOW(1)
0000b6 dfbf      	RCALL _read_adc
0000b7 2e5e      	MOV  R5,R30
                 ; 0000 00B9         sprintf(xstring,"%d",data_cahaya);
0000b8 e6e0      	LDI  R30,LOW(_xstring)
0000b9 e0f1      	LDI  R31,HIGH(_xstring)
0000ba 93fa      	ST   -Y,R31
0000bb 93ea      	ST   -Y,R30
                +
0000bc e6ed     +LDI R30 , LOW ( 2 * _0x0 + ( 7 ) )
0000bd e0f0     +LDI R31 , HIGH ( 2 * _0x0 + ( 7 ) )
                 	__POINTW1FN _0x0,7
0000be 93fa      	ST   -Y,R31
0000bf 93ea      	ST   -Y,R30
0000c0 2de5      	MOV  R30,R5
0000c1 27ff      	CLR  R31
0000c2 2766      	CLR  R22
0000c3 2777      	CLR  R23
0000c4 940e 0391 	CALL __PUTPARD1
0000c6 e084      	LDI  R24,4
0000c7 940e 0252 	CALL _sprintf
0000c9 9628      	ADIW R28,8
                 ; 0000 00BA         lcd_puts(xstring);
0000ca e6a0      	LDI  R26,LOW(_xstring)
0000cb e0b1      	LDI  R27,HIGH(_xstring)
0000cc 940e 02d4 	CALL _lcd_puts
                 ; 0000 00BB 
                 ; 0000 00BC         if(data_cahaya>100){
0000ce e6e4      	LDI  R30,LOW(100)
0000cf 15e5      	CP   R30,R5
0000d0 f418      	BRSH _0x9
                 ; 0000 00BD         lcd_putsf("\nMalam Hari");
                +
0000d1 e7a0     +LDI R26 , LOW ( 2 * _0x0 + ( 10 ) )
0000d2 e0b0     +LDI R27 , HIGH ( 2 * _0x0 + ( 10 ) )
                 	__POINTW2FN _0x0,10
0000d3 c002      	RJMP _0xC
                 ; 0000 00BE         }
                 ; 0000 00BF         else{
                 _0x9:
                 ; 0000 00C0         lcd_putsf("\nSiang Hari");
                +
0000d4 e7ac     +LDI R26 , LOW ( 2 * _0x0 + ( 22 ) )
0000d5 e0b0     +LDI R27 , HIGH ( 2 * _0x0 + ( 22 ) )
                 	__POINTW2FN _0x0,22
                 _0xC:
0000d6 940e 02e3 	CALL _lcd_putsf
                 ; 0000 00C1         }
                 ; 0000 00C2         delay_ms(1000);
0000d8 eea8      	LDI  R26,LOW(1000)
0000d9 e0b3      	LDI  R27,HIGH(1000)
0000da 940e 0377 	CALL _delay_ms
                 ; 0000 00C3       }
0000dc cfd2      	RJMP _0x6
                 ; 0000 00C4 }
                 _0xB:
0000dd cfff      	RJMP _0xB
                 ; .FEND
                 	#ifndef __SLEEP_DEFINED__
                 	#endif
                 
                 	.CSEG
                 _put_buff_G100:
                 ; .FSTART _put_buff_G100
0000de 93ba      	ST   -Y,R27
0000df 93aa      	ST   -Y,R26
0000e0 931a      	ST   -Y,R17
0000e1 930a      	ST   -Y,R16
0000e2 81aa      	LDD  R26,Y+2
0000e3 81bb      	LDD  R27,Y+2+1
0000e4 9612      	ADIW R26,2
0000e5 940e 0389 	CALL __GETW1P
0000e7 9730      	SBIW R30,0
0000e8 f159      	BREQ _0x2000010
0000e9 81aa      	LDD  R26,Y+2
0000ea 81bb      	LDD  R27,Y+2+1
0000eb 9614      	ADIW R26,4
0000ec 940e 0389 	CALL __GETW1P
0000ee 018f      	MOVW R16,R30
0000ef 9730      	SBIW R30,0
0000f0 f061      	BREQ _0x2000012
                +
0000f1 3002     +CPI R16 , LOW ( 2 )
0000f2 e0e0     +LDI R30 , HIGH ( 2 )
0000f3 071e     +CPC R17 , R30
                 	__CPWRN 16,17,2
0000f4 f098      	BRLO _0x2000013
0000f5 01f8      	MOVW R30,R16
0000f6 9731      	SBIW R30,1
0000f7 018f      	MOVW R16,R30
                +
0000f8 81aa     +LDD R26 , Y + 2
0000f9 81bb     +LDD R27 , Y + 2 + 1
0000fa 9614     +ADIW R26 , 4
0000fb 93ed     +ST X + , R30
0000fc 93fc     +ST X , R31
                 	__PUTW1SNS 2,4
                 _0x2000012:
0000fd 81aa      	LDD  R26,Y+2
0000fe 81bb      	LDD  R27,Y+2+1
0000ff 9612      	ADIW R26,2
000100 91ed      	LD   R30,X+
000101 91fd      	LD   R31,X+
000102 9631      	ADIW R30,1
000103 93fe      	ST   -X,R31
000104 93ee      	ST   -X,R30
000105 9731      	SBIW R30,1
000106 81ac      	LDD  R26,Y+4
000107 83a0      	STD  Z+0,R26
                 _0x2000013:
000108 81aa      	LDD  R26,Y+2
000109 81bb      	LDD  R27,Y+2+1
00010a 940e 0389 	CALL __GETW1P
00010c 23ff      	TST  R31
00010d f02a      	BRMI _0x2000014
00010e 91ed      	LD   R30,X+
00010f 91fd      	LD   R31,X+
000110 9631      	ADIW R30,1
000111 93fe      	ST   -X,R31
000112 93ee      	ST   -X,R30
                 _0x2000014:
000113 c006      	RJMP _0x2000015
                 _0x2000010:
000114 81aa      	LDD  R26,Y+2
000115 81bb      	LDD  R27,Y+2+1
000116 efef      	LDI  R30,LOW(65535)
000117 efff      	LDI  R31,HIGH(65535)
000118 93ed      	ST   X+,R30
000119 93fc      	ST   X,R31
                 _0x2000015:
00011a 8119      	LDD  R17,Y+1
00011b 8108      	LDD  R16,Y+0
00011c 9625      	ADIW R28,5
00011d 9508      	RET
                 ; .FEND
                 __print_G100:
                 ; .FSTART __print_G100
00011e 93ba      	ST   -Y,R27
00011f 93aa      	ST   -Y,R26
000120 9726      	SBIW R28,6
000121 940e 0396 	CALL __SAVELOCR6
000123 e010      	LDI  R17,0
000124 85ac      	LDD  R26,Y+12
000125 85bd      	LDD  R27,Y+12+1
000126 e0e0      	LDI  R30,LOW(0)
000127 e0f0      	LDI  R31,HIGH(0)
000128 93ed      	ST   X+,R30
000129 93fc      	ST   X,R31
                 _0x2000016:
00012a 89ea      	LDD  R30,Y+18
00012b 89fb      	LDD  R31,Y+18+1
00012c 9631      	ADIW R30,1
00012d 8bea      	STD  Y+18,R30
00012e 8bfb      	STD  Y+18+1,R31
00012f 9731      	SBIW R30,1
000130 91e4      	LPM  R30,Z
000131 2f2e      	MOV  R18,R30
000132 30e0      	CPI  R30,0
000133 f409      	BRNE PC+2
000134 c115      	RJMP _0x2000018
000135 2fe1      	MOV  R30,R17
000136 30e0      	CPI  R30,0
000137 f439      	BRNE _0x200001C
000138 3225      	CPI  R18,37
000139 f411      	BRNE _0x200001D
00013a e011      	LDI  R17,LOW(1)
00013b c002      	RJMP _0x200001E
                 _0x200001D:
00013c 940e 033d 	CALL SUBOPT_0x0
                 _0x200001E:
00013e c10a      	RJMP _0x200001B
                 _0x200001C:
00013f 30e1      	CPI  R30,LOW(0x1)
000140 f4a9      	BRNE _0x200001F
000141 3225      	CPI  R18,37
000142 f419      	BRNE _0x2000020
000143 940e 033d 	CALL SUBOPT_0x0
000145 c102      	RJMP _0x20000CC
                 _0x2000020:
000146 e012      	LDI  R17,LOW(2)
000147 e040      	LDI  R20,LOW(0)
000148 e000      	LDI  R16,LOW(0)
000149 322d      	CPI  R18,45
00014a f411      	BRNE _0x2000021
00014b e001      	LDI  R16,LOW(1)
00014c c0fc      	RJMP _0x200001B
                 _0x2000021:
00014d 322b      	CPI  R18,43
00014e f411      	BRNE _0x2000022
00014f e24b      	LDI  R20,LOW(43)
000150 c0f8      	RJMP _0x200001B
                 _0x2000022:
000151 3220      	CPI  R18,32
000152 f411      	BRNE _0x2000023
000153 e240      	LDI  R20,LOW(32)
000154 c0f4      	RJMP _0x200001B
                 _0x2000023:
000155 c002      	RJMP _0x2000024
                 _0x200001F:
000156 30e2      	CPI  R30,LOW(0x2)
000157 f439      	BRNE _0x2000025
                 _0x2000024:
000158 e050      	LDI  R21,LOW(0)
000159 e013      	LDI  R17,LOW(3)
00015a 3320      	CPI  R18,48
00015b f411      	BRNE _0x2000026
00015c 6800      	ORI  R16,LOW(128)
00015d c0eb      	RJMP _0x200001B
                 _0x2000026:
00015e c003      	RJMP _0x2000027
                 _0x2000025:
00015f 30e3      	CPI  R30,LOW(0x3)
000160 f009      	BREQ PC+2
000161 c0e7      	RJMP _0x200001B
                 _0x2000027:
000162 3320      	CPI  R18,48
000163 f010      	BRLO _0x200002A
000164 332a      	CPI  R18,58
000165 f008      	BRLO _0x200002B
                 _0x200002A:
000166 c007      	RJMP _0x2000029
                 _0x200002B:
000167 e0aa      	LDI  R26,LOW(10)
000168 9f5a      	MUL  R21,R26
000169 2d50      	MOV  R21,R0
00016a 2fe2      	MOV  R30,R18
00016b 53e0      	SUBI R30,LOW(48)
00016c 0f5e      	ADD  R21,R30
00016d c0db      	RJMP _0x200001B
                 _0x2000029:
00016e 2fe2      	MOV  R30,R18
00016f 36e3      	CPI  R30,LOW(0x63)
000170 f449      	BRNE _0x200002F
000171 940e 0344 	CALL SUBOPT_0x1
000173 89e8      	LDD  R30,Y+16
000174 89f9      	LDD  R31,Y+16+1
000175 81a4      	LDD  R26,Z+4
000176 93aa      	ST   -Y,R26
000177 940e 034a 	CALL SUBOPT_0x2
000179 c0ce      	RJMP _0x2000030
                 _0x200002F:
00017a 37e3      	CPI  R30,LOW(0x73)
00017b f441      	BRNE _0x2000032
00017c 940e 0344 	CALL SUBOPT_0x1
00017e 940e 0350 	CALL SUBOPT_0x3
000180 940e 0324 	CALL _strlen
000182 2f1e      	MOV  R17,R30
000183 c00a      	RJMP _0x2000033
                 _0x2000032:
000184 37e0      	CPI  R30,LOW(0x70)
000185 f461      	BRNE _0x2000035
000186 940e 0344 	CALL SUBOPT_0x1
000188 940e 0350 	CALL SUBOPT_0x3
00018a 940e 0330 	CALL _strlenf
00018c 2f1e      	MOV  R17,R30
00018d 6008      	ORI  R16,LOW(8)
                 _0x2000033:
00018e 6002      	ORI  R16,LOW(2)
00018f 770f      	ANDI R16,LOW(127)
000190 e030      	LDI  R19,LOW(0)
000191 c034      	RJMP _0x2000036
                 _0x2000035:
000192 36e4      	CPI  R30,LOW(0x64)
000193 f011      	BREQ _0x2000039
000194 36e9      	CPI  R30,LOW(0x69)
000195 f411      	BRNE _0x200003A
                 _0x2000039:
000196 6004      	ORI  R16,LOW(4)
000197 c002      	RJMP _0x200003B
                 _0x200003A:
000198 37e5      	CPI  R30,LOW(0x75)
000199 f431      	BRNE _0x200003C
                 _0x200003B:
00019a e5e4      	LDI  R30,LOW(_tbl10_G100*2)
00019b e0f0      	LDI  R31,HIGH(_tbl10_G100*2)
00019c 83ee      	STD  Y+6,R30
00019d 83ff      	STD  Y+6+1,R31
00019e e015      	LDI  R17,LOW(5)
00019f c00c      	RJMP _0x200003D
                 _0x200003C:
0001a0 35e8      	CPI  R30,LOW(0x58)
0001a1 f411      	BRNE _0x200003F
0001a2 6008      	ORI  R16,LOW(8)
0001a3 c003      	RJMP _0x2000040
                 _0x200003F:
0001a4 37e8      	CPI  R30,LOW(0x78)
0001a5 f009      	BREQ PC+2
0001a6 c0a1      	RJMP _0x2000071
                 _0x2000040:
0001a7 e5ee      	LDI  R30,LOW(_tbl16_G100*2)
0001a8 e0f0      	LDI  R31,HIGH(_tbl16_G100*2)
0001a9 83ee      	STD  Y+6,R30
0001aa 83ff      	STD  Y+6+1,R31
0001ab e014      	LDI  R17,LOW(4)
                 _0x200003D:
0001ac ff02      	SBRS R16,2
0001ad c014      	RJMP _0x2000042
0001ae 940e 0344 	CALL SUBOPT_0x1
0001b0 940e 035a 	CALL SUBOPT_0x4
0001b2 85ab      	LDD  R26,Y+11
0001b3 23aa      	TST  R26
0001b4 f43a      	BRPL _0x2000043
0001b5 85ea      	LDD  R30,Y+10
0001b6 85fb      	LDD  R31,Y+10+1
0001b7 940e 0385 	CALL __ANEGW1
0001b9 87ea      	STD  Y+10,R30
0001ba 87fb      	STD  Y+10+1,R31
0001bb e24d      	LDI  R20,LOW(45)
                 _0x2000043:
0001bc 3040      	CPI  R20,0
0001bd f011      	BREQ _0x2000044
0001be 5f1f      	SUBI R17,-LOW(1)
0001bf c001      	RJMP _0x2000045
                 _0x2000044:
0001c0 7f0b      	ANDI R16,LOW(251)
                 _0x2000045:
0001c1 c004      	RJMP _0x2000046
                 _0x2000042:
0001c2 940e 0344 	CALL SUBOPT_0x1
0001c4 940e 035a 	CALL SUBOPT_0x4
                 _0x2000046:
                 _0x2000036:
0001c6 fd00      	SBRC R16,0
0001c7 c011      	RJMP _0x2000047
                 _0x2000048:
0001c8 1715      	CP   R17,R21
0001c9 f478      	BRSH _0x200004A
0001ca ff07      	SBRS R16,7
0001cb c008      	RJMP _0x200004B
0001cc ff02      	SBRS R16,2
0001cd c004      	RJMP _0x200004C
0001ce 7f0b      	ANDI R16,LOW(251)
0001cf 2f24      	MOV  R18,R20
0001d0 5011      	SUBI R17,LOW(1)
0001d1 c001      	RJMP _0x200004D
                 _0x200004C:
0001d2 e320      	LDI  R18,LOW(48)
                 _0x200004D:
0001d3 c001      	RJMP _0x200004E
                 _0x200004B:
0001d4 e220      	LDI  R18,LOW(32)
                 _0x200004E:
0001d5 940e 033d 	CALL SUBOPT_0x0
0001d7 5051      	SUBI R21,LOW(1)
0001d8 cfef      	RJMP _0x2000048
                 _0x200004A:
                 _0x2000047:
0001d9 2f31      	MOV  R19,R17
0001da ff01      	SBRS R16,1
0001db c017      	RJMP _0x200004F
                 _0x2000050:
0001dc 3030      	CPI  R19,0
0001dd f0a1      	BREQ _0x2000052
0001de ff03      	SBRS R16,3
0001df c006      	RJMP _0x2000053
0001e0 81ee      	LDD  R30,Y+6
0001e1 81ff      	LDD  R31,Y+6+1
0001e2 9125      	LPM  R18,Z+
0001e3 83ee      	STD  Y+6,R30
0001e4 83ff      	STD  Y+6+1,R31
0001e5 c005      	RJMP _0x2000054
                 _0x2000053:
0001e6 81ae      	LDD  R26,Y+6
0001e7 81bf      	LDD  R27,Y+6+1
0001e8 912d      	LD   R18,X+
0001e9 83ae      	STD  Y+6,R26
0001ea 83bf      	STD  Y+6+1,R27
                 _0x2000054:
0001eb 940e 033d 	CALL SUBOPT_0x0
0001ed 3050      	CPI  R21,0
0001ee f009      	BREQ _0x2000055
0001ef 5051      	SUBI R21,LOW(1)
                 _0x2000055:
0001f0 5031      	SUBI R19,LOW(1)
0001f1 cfea      	RJMP _0x2000050
                 _0x2000052:
0001f2 c04b      	RJMP _0x2000056
                 _0x200004F:
                 _0x2000058:
0001f3 e320      	LDI  R18,LOW(48)
0001f4 81ee      	LDD  R30,Y+6
0001f5 81ff      	LDD  R31,Y+6+1
0001f6 940e 038d 	CALL __GETW1PF
0001f8 87e8      	STD  Y+8,R30
0001f9 87f9      	STD  Y+8+1,R31
0001fa 81ee      	LDD  R30,Y+6
0001fb 81ff      	LDD  R31,Y+6+1
0001fc 9632      	ADIW R30,2
0001fd 83ee      	STD  Y+6,R30
0001fe 83ff      	STD  Y+6+1,R31
                 _0x200005A:
0001ff 85e8      	LDD  R30,Y+8
000200 85f9      	LDD  R31,Y+8+1
000201 85aa      	LDD  R26,Y+10
000202 85bb      	LDD  R27,Y+10+1
000203 17ae      	CP   R26,R30
000204 07bf      	CPC  R27,R31
000205 f050      	BRLO _0x200005C
000206 5f2f      	SUBI R18,-LOW(1)
000207 85a8      	LDD  R26,Y+8
000208 85b9      	LDD  R27,Y+8+1
000209 85ea      	LDD  R30,Y+10
00020a 85fb      	LDD  R31,Y+10+1
00020b 1bea      	SUB  R30,R26
00020c 0bfb      	SBC  R31,R27
00020d 87ea      	STD  Y+10,R30
00020e 87fb      	STD  Y+10+1,R31
00020f cfef      	RJMP _0x200005A
                 _0x200005C:
000210 332a      	CPI  R18,58
000211 f028      	BRLO _0x200005D
000212 ff03      	SBRS R16,3
000213 c002      	RJMP _0x200005E
000214 5f29      	SUBI R18,-LOW(7)
000215 c001      	RJMP _0x200005F
                 _0x200005E:
000216 5d29      	SUBI R18,-LOW(39)
                 _0x200005F:
                 _0x200005D:
000217 fd04      	SBRC R16,4
000218 c01a      	RJMP _0x2000061
000219 3321      	CPI  R18,49
00021a f420      	BRSH _0x2000063
00021b 85a8      	LDD  R26,Y+8
00021c 85b9      	LDD  R27,Y+8+1
00021d 9711      	SBIW R26,1
00021e f409      	BRNE _0x2000062
                 _0x2000063:
00021f c009      	RJMP _0x20000CD
                 _0x2000062:
000220 1753      	CP   R21,R19
000221 f010      	BRLO _0x2000067
000222 ff00      	SBRS R16,0
000223 c001      	RJMP _0x2000068
                 _0x2000067:
000224 c013      	RJMP _0x2000066
                 _0x2000068:
000225 e220      	LDI  R18,LOW(32)
000226 ff07      	SBRS R16,7
000227 c00b      	RJMP _0x2000069
000228 e320      	LDI  R18,LOW(48)
                 _0x20000CD:
000229 6100      	ORI  R16,LOW(16)
00022a ff02      	SBRS R16,2
00022b c007      	RJMP _0x200006A
00022c 7f0b      	ANDI R16,LOW(251)
00022d 934a      	ST   -Y,R20
00022e 940e 034a 	CALL SUBOPT_0x2
000230 3050      	CPI  R21,0
000231 f009      	BREQ _0x200006B
000232 5051      	SUBI R21,LOW(1)
                 _0x200006B:
                 _0x200006A:
                 _0x2000069:
                 _0x2000061:
000233 940e 033d 	CALL SUBOPT_0x0
000235 3050      	CPI  R21,0
000236 f009      	BREQ _0x200006C
000237 5051      	SUBI R21,LOW(1)
                 _0x200006C:
                 _0x2000066:
000238 5031      	SUBI R19,LOW(1)
000239 85a8      	LDD  R26,Y+8
00023a 85b9      	LDD  R27,Y+8+1
00023b 9712      	SBIW R26,2
00023c f008      	BRLO _0x2000059
00023d cfb5      	RJMP _0x2000058
                 _0x2000059:
                 _0x2000056:
00023e ff00      	SBRS R16,0
00023f c008      	RJMP _0x200006D
                 _0x200006E:
000240 3050      	CPI  R21,0
000241 f031      	BREQ _0x2000070
000242 5051      	SUBI R21,LOW(1)
000243 e2e0      	LDI  R30,LOW(32)
000244 93ea      	ST   -Y,R30
000245 940e 034a 	CALL SUBOPT_0x2
000247 cff8      	RJMP _0x200006E
                 _0x2000070:
                 _0x200006D:
                 _0x2000071:
                 _0x2000030:
                 _0x20000CC:
000248 e010      	LDI  R17,LOW(0)
                 _0x200001B:
000249 cee0      	RJMP _0x2000016
                 _0x2000018:
00024a 85ac      	LDD  R26,Y+12
00024b 85bd      	LDD  R27,Y+12+1
00024c 940e 0389 	CALL __GETW1P
00024e 940e 039d 	CALL __LOADLOCR6
000250 9664      	ADIW R28,20
000251 9508      	RET
                 ; .FEND
                 _sprintf:
                 ; .FSTART _sprintf
000252 92ff      	PUSH R15
000253 2ef8      	MOV  R15,R24
000254 9726      	SBIW R28,6
000255 940e 0398 	CALL __SAVELOCR4
000257 940e 0362 	CALL SUBOPT_0x5
000259 9730      	SBIW R30,0
00025a f419      	BRNE _0x2000072
00025b efef      	LDI  R30,LOW(65535)
00025c efff      	LDI  R31,HIGH(65535)
00025d c023      	RJMP _0x2080003
                 _0x2000072:
00025e 01de      	MOVW R26,R28
00025f 9616      	ADIW R26,6
000260 940e 0381 	CALL __ADDW2R15
000262 018d      	MOVW R16,R26
000263 940e 0362 	CALL SUBOPT_0x5
000265 83ee      	STD  Y+6,R30
000266 83ff      	STD  Y+6+1,R31
000267 e0e0      	LDI  R30,LOW(0)
000268 87e8      	STD  Y+8,R30
000269 87e9      	STD  Y+8+1,R30
00026a 01de      	MOVW R26,R28
00026b 961a      	ADIW R26,10
00026c 940e 0381 	CALL __ADDW2R15
00026e 940e 0389 	CALL __GETW1P
000270 93fa      	ST   -Y,R31
000271 93ea      	ST   -Y,R30
000272 931a      	ST   -Y,R17
000273 930a      	ST   -Y,R16
000274 edee      	LDI  R30,LOW(_put_buff_G100)
000275 e0f0      	LDI  R31,HIGH(_put_buff_G100)
000276 93fa      	ST   -Y,R31
000277 93ea      	ST   -Y,R30
000278 01de      	MOVW R26,R28
000279 961a      	ADIW R26,10
00027a dea3      	RCALL __print_G100
00027b 019f      	MOVW R18,R30
00027c 81ae      	LDD  R26,Y+6
00027d 81bf      	LDD  R27,Y+6+1
00027e e0e0      	LDI  R30,LOW(0)
00027f 93ec      	ST   X,R30
000280 01f9      	MOVW R30,R18
                 _0x2080003:
000281 940e 039f 	CALL __LOADLOCR4
000283 962a      	ADIW R28,10
000284 90ff      	POP  R15
000285 9508      	RET
                 ; .FEND
                 	#ifndef __SLEEP_DEFINED__
                 	#endif
                 
                 	.DSEG
                 
                 	.CSEG
                 __lcd_write_nibble_G101:
                 ; .FSTART __lcd_write_nibble_G101
000286 93aa      	ST   -Y,R26
000287 b3e8      	IN   R30,0x18
000288 70ef      	ANDI R30,LOW(0xF)
000289 2fae      	MOV  R26,R30
00028a 81e8      	LD   R30,Y
00028b 7fe0      	ANDI R30,LOW(0xF0)
00028c 2bea      	OR   R30,R26
00028d bbe8      	OUT  0x18,R30
                +
00028e e184     +LDI R24 , LOW ( 20 )
                +__DELAY_USB_LOOP :
00028f 958a     +DEC R24
000290 f7f1     +BRNE __DELAY_USB_LOOP
                 	__DELAY_USB 20
000291 9ac2      	SBI  0x18,2
                +
000292 e184     +LDI R24 , LOW ( 20 )
                +__DELAY_USB_LOOP :
000293 958a     +DEC R24
000294 f7f1     +BRNE __DELAY_USB_LOOP
                 	__DELAY_USB 20
000295 98c2      	CBI  0x18,2
                +
000296 e184     +LDI R24 , LOW ( 20 )
                +__DELAY_USB_LOOP :
000297 958a     +DEC R24
000298 f7f1     +BRNE __DELAY_USB_LOOP
                 	__DELAY_USB 20
000299 c088      	RJMP _0x2080001
                 ; .FEND
                 __lcd_write_data:
                 ; .FSTART __lcd_write_data
00029a 93aa      	ST   -Y,R26
00029b 81a8      	LD   R26,Y
00029c dfe9      	RCALL __lcd_write_nibble_G101
00029d 81e8          ld    r30,y
00029e 95e2          swap  r30
00029f 83e8          st    y,r30
0002a0 81a8      	LD   R26,Y
0002a1 dfe4      	RCALL __lcd_write_nibble_G101
                +
0002a2 ec88     +LDI R24 , LOW ( 200 )
                +__DELAY_USB_LOOP :
0002a3 958a     +DEC R24
0002a4 f7f1     +BRNE __DELAY_USB_LOOP
                 	__DELAY_USB 200
0002a5 c07c      	RJMP _0x2080001
                 ; .FEND
                 _lcd_gotoxy:
                 ; .FSTART _lcd_gotoxy
0002a6 93aa      	ST   -Y,R26
0002a7 81e8      	LD   R30,Y
0002a8 e0f0      	LDI  R31,0
0002a9 59ed      	SUBI R30,LOW(-__base_y_G101)
0002aa 4ffe      	SBCI R31,HIGH(-__base_y_G101)
0002ab 81e0      	LD   R30,Z
0002ac 81a9      	LDD  R26,Y+1
0002ad 0fae      	ADD  R26,R30
0002ae dfeb      	RCALL __lcd_write_data
0002af 8049      	LDD  R4,Y+1
0002b0 8078      	LDD  R7,Y+0
0002b1 9622      	ADIW R28,2
0002b2 9508      	RET
                 ; .FEND
                 _lcd_clear:
                 ; .FSTART _lcd_clear
0002b3 e0a2      	LDI  R26,LOW(2)
0002b4 940e 0369 	CALL SUBOPT_0x6
0002b6 e0ac      	LDI  R26,LOW(12)
0002b7 dfe2      	RCALL __lcd_write_data
0002b8 e0a1      	LDI  R26,LOW(1)
0002b9 940e 0369 	CALL SUBOPT_0x6
0002bb e0e0      	LDI  R30,LOW(0)
0002bc 2e7e      	MOV  R7,R30
0002bd 2e4e      	MOV  R4,R30
0002be 9508      	RET
                 ; .FEND
                 _lcd_putchar:
                 ; .FSTART _lcd_putchar
0002bf 93aa      	ST   -Y,R26
0002c0 81a8      	LD   R26,Y
0002c1 30aa      	CPI  R26,LOW(0xA)
0002c2 f011      	BREQ _0x2020005
0002c3 1446      	CP   R4,R6
0002c4 f048      	BRLO _0x2020004
                 _0x2020005:
0002c5 e0e0      	LDI  R30,LOW(0)
0002c6 93ea      	ST   -Y,R30
0002c7 9473      	INC  R7
0002c8 2da7      	MOV  R26,R7
0002c9 dfdc      	RCALL _lcd_gotoxy
0002ca 81a8      	LD   R26,Y
0002cb 30aa      	CPI  R26,LOW(0xA)
0002cc f409      	BRNE _0x2020007
0002cd c054      	RJMP _0x2080001
                 _0x2020007:
                 _0x2020004:
0002ce 9443      	INC  R4
0002cf 9ac0      	SBI  0x18,0
0002d0 81a8      	LD   R26,Y
0002d1 dfc8      	RCALL __lcd_write_data
0002d2 98c0      	CBI  0x18,0
0002d3 c04e      	RJMP _0x2080001
                 ; .FEND
                 _lcd_puts:
                 ; .FSTART _lcd_puts
0002d4 93ba      	ST   -Y,R27
0002d5 93aa      	ST   -Y,R26
0002d6 931a      	ST   -Y,R17
                 _0x2020008:
0002d7 81a9      	LDD  R26,Y+1
0002d8 81ba      	LDD  R27,Y+1+1
0002d9 91ed      	LD   R30,X+
0002da 83a9      	STD  Y+1,R26
0002db 83ba      	STD  Y+1+1,R27
0002dc 2f1e      	MOV  R17,R30
0002dd 30e0      	CPI  R30,0
0002de f019      	BREQ _0x202000A
0002df 2fa1      	MOV  R26,R17
0002e0 dfde      	RCALL _lcd_putchar
0002e1 cff5      	RJMP _0x2020008
                 _0x202000A:
0002e2 c010      	RJMP _0x2080002
                 ; .FEND
                 _lcd_putsf:
                 ; .FSTART _lcd_putsf
0002e3 93ba      	ST   -Y,R27
0002e4 93aa      	ST   -Y,R26
0002e5 931a      	ST   -Y,R17
                 _0x202000B:
0002e6 81e9      	LDD  R30,Y+1
0002e7 81fa      	LDD  R31,Y+1+1
0002e8 9631      	ADIW R30,1
0002e9 83e9      	STD  Y+1,R30
0002ea 83fa      	STD  Y+1+1,R31
0002eb 9731      	SBIW R30,1
0002ec 91e4      	LPM  R30,Z
0002ed 2f1e      	MOV  R17,R30
0002ee 30e0      	CPI  R30,0
0002ef f019      	BREQ _0x202000D
0002f0 2fa1      	MOV  R26,R17
0002f1 dfcd      	RCALL _lcd_putchar
0002f2 cff3      	RJMP _0x202000B
                 _0x202000D:
                 _0x2080002:
0002f3 8118      	LDD  R17,Y+0
0002f4 9623      	ADIW R28,3
0002f5 9508      	RET
                 ; .FEND
                 _lcd_init:
                 ; .FSTART _lcd_init
0002f6 93aa      	ST   -Y,R26
0002f7 b3e7      	IN   R30,0x17
0002f8 6fe0      	ORI  R30,LOW(0xF0)
0002f9 bbe7      	OUT  0x17,R30
0002fa 9aba      	SBI  0x17,2
0002fb 9ab8      	SBI  0x17,0
0002fc 9ab9      	SBI  0x17,1
0002fd 98c2      	CBI  0x18,2
0002fe 98c0      	CBI  0x18,0
0002ff 98c1      	CBI  0x18,1
000300 8068      	LDD  R6,Y+0
000301 81e8      	LD   R30,Y
000302 58e0      	SUBI R30,-LOW(128)
                +
000303 93e0 0165+STS __base_y_G101 + ( 2 ) , R30
                 	__PUTB1MN __base_y_G101,2
000305 81e8      	LD   R30,Y
000306 54e0      	SUBI R30,-LOW(192)
                +
000307 93e0 0166+STS __base_y_G101 + ( 3 ) , R30
                 	__PUTB1MN __base_y_G101,3
000309 e1a4      	LDI  R26,LOW(20)
00030a e0b0      	LDI  R27,0
00030b 940e 0377 	CALL _delay_ms
00030d 940e 036f 	CALL SUBOPT_0x7
00030f 940e 036f 	CALL SUBOPT_0x7
000311 940e 036f 	CALL SUBOPT_0x7
000313 e2a0      	LDI  R26,LOW(32)
000314 df71      	RCALL __lcd_write_nibble_G101
                +
000315 e28c     +LDI R24 , LOW ( 300 )
000316 e091     +LDI R25 , HIGH ( 300 )
                +__DELAY_USW_LOOP :
000317 9701     +SBIW R24 , 1
000318 f7f1     +BRNE __DELAY_USW_LOOP
                 	__DELAY_USW 300
000319 e2a8      	LDI  R26,LOW(40)
00031a df7f      	RCALL __lcd_write_data
00031b e0a4      	LDI  R26,LOW(4)
00031c df7d      	RCALL __lcd_write_data
00031d e8a5      	LDI  R26,LOW(133)
00031e df7b      	RCALL __lcd_write_data
00031f e0a6      	LDI  R26,LOW(6)
000320 df79      	RCALL __lcd_write_data
000321 df91      	RCALL _lcd_clear
                 _0x2080001:
000322 9621      	ADIW R28,1
000323 9508      	RET
                 ; .FEND
                 
                 	.CSEG
                 
                 	.CSEG
                 _strlen:
                 ; .FSTART _strlen
000324 93ba      	ST   -Y,R27
000325 93aa      	ST   -Y,R26
000326 91a9          ld   r26,y+
000327 91b9          ld   r27,y+
000328 27ee          clr  r30
000329 27ff          clr  r31
                 strlen0:
00032a 916d          ld   r22,x+
00032b 2366          tst  r22
00032c f011          breq strlen1
00032d 9631          adiw r30,1
00032e cffb          rjmp strlen0
                 strlen1:
00032f 9508          ret
                 ; .FEND
                 _strlenf:
                 ; .FSTART _strlenf
000330 93ba      	ST   -Y,R27
000331 93aa      	ST   -Y,R26
000332 27aa          clr  r26
000333 27bb          clr  r27
000334 91e9          ld   r30,y+
000335 91f9          ld   r31,y+
                 strlenf0:
000336 9005      	lpm  r0,z+
000337 2000          tst  r0
000338 f011          breq strlenf1
000339 9611          adiw r26,1
00033a cffb          rjmp strlenf0
                 strlenf1:
00033b 01fd          movw r30,r26
00033c 9508          ret
                 ; .FEND
                 
                 	.DSEG
                 _xstring:
000160           	.BYTE 0x3
                 __base_y_G101:
000163           	.BYTE 0x4
                 
                 	.CSEG
                 ;OPTIMIZER ADDED SUBROUTINE, CALLED 5 TIMES, CODE SIZE REDUCTION:13 WORDS
                 SUBOPT_0x0:
00033d 932a      	ST   -Y,R18
00033e 85ad      	LDD  R26,Y+13
00033f 85be      	LDD  R27,Y+13+1
000340 85ef      	LDD  R30,Y+15
000341 89f8      	LDD  R31,Y+15+1
000342 9509      	ICALL
000343 9508      	RET
                 
                 ;OPTIMIZER ADDED SUBROUTINE, CALLED 5 TIMES, CODE SIZE REDUCTION:9 WORDS
                 SUBOPT_0x1:
000344 89e8      	LDD  R30,Y+16
000345 89f9      	LDD  R31,Y+16+1
000346 9734      	SBIW R30,4
000347 8be8      	STD  Y+16,R30
000348 8bf9      	STD  Y+16+1,R31
000349 9508      	RET
                 
                 ;OPTIMIZER ADDED SUBROUTINE, CALLED 3 TIMES, CODE SIZE REDUCTION:3 WORDS
                 SUBOPT_0x2:
00034a 85ad      	LDD  R26,Y+13
00034b 85be      	LDD  R27,Y+13+1
00034c 85ef      	LDD  R30,Y+15
00034d 89f8      	LDD  R31,Y+15+1
00034e 9509      	ICALL
00034f 9508      	RET
                 
                 ;OPTIMIZER ADDED SUBROUTINE, CALLED 2 TIMES, CODE SIZE REDUCTION:4 WORDS
                 SUBOPT_0x3:
000350 89a8      	LDD  R26,Y+16
000351 89b9      	LDD  R27,Y+16+1
000352 9614      	ADIW R26,4
000353 940e 0389 	CALL __GETW1P
000355 83ee      	STD  Y+6,R30
000356 83ff      	STD  Y+6+1,R31
000357 81ae      	LDD  R26,Y+6
000358 81bf      	LDD  R27,Y+6+1
000359 9508      	RET
                 
                 ;OPTIMIZER ADDED SUBROUTINE, CALLED 2 TIMES, CODE SIZE REDUCTION:2 WORDS
                 SUBOPT_0x4:
00035a 89a8      	LDD  R26,Y+16
00035b 89b9      	LDD  R27,Y+16+1
00035c 9614      	ADIW R26,4
00035d 940e 0389 	CALL __GETW1P
00035f 87ea      	STD  Y+10,R30
000360 87fb      	STD  Y+10+1,R31
000361 9508      	RET
                 
                 ;OPTIMIZER ADDED SUBROUTINE, CALLED 2 TIMES, CODE SIZE REDUCTION:1 WORDS
                 SUBOPT_0x5:
000362 01de      	MOVW R26,R28
000363 961c      	ADIW R26,12
000364 940e 0381 	CALL __ADDW2R15
000366 940e 0389 	CALL __GETW1P
000368 9508      	RET
                 
                 ;OPTIMIZER ADDED SUBROUTINE, CALLED 2 TIMES, CODE SIZE REDUCTION:1 WORDS
                 SUBOPT_0x6:
000369 940e 029a 	CALL __lcd_write_data
00036b e0a3      	LDI  R26,LOW(3)
00036c e0b0      	LDI  R27,0
00036d 940c 0377 	JMP  _delay_ms
                 
                 ;OPTIMIZER ADDED SUBROUTINE, CALLED 3 TIMES, CODE SIZE REDUCTION:7 WORDS
                 SUBOPT_0x7:
00036f e3a0      	LDI  R26,LOW(48)
000370 940e 0286 	CALL __lcd_write_nibble_G101
                +
000372 e28c     +LDI R24 , LOW ( 300 )
000373 e091     +LDI R25 , HIGH ( 300 )
                +__DELAY_USW_LOOP :
000374 9701     +SBIW R24 , 1
000375 f7f1     +BRNE __DELAY_USW_LOOP
                 	__DELAY_USW 300
000376 9508      	RET
                 
                 
                 	.CSEG
                 _delay_ms:
000377 9610      	adiw r26,0
000378 f039      	breq __delay_ms1
                 __delay_ms0:
                +
000379 eb88     +LDI R24 , LOW ( 0xBB8 )
00037a e09b     +LDI R25 , HIGH ( 0xBB8 )
                +__DELAY_USW_LOOP :
00037b 9701     +SBIW R24 , 1
00037c f7f1     +BRNE __DELAY_USW_LOOP
                 	__DELAY_USW 0xBB8
00037d 95a8      	wdr
00037e 9711      	sbiw r26,1
00037f f7c9      	brne __delay_ms0
                 __delay_ms1:
000380 9508      	ret
                 
                 __ADDW2R15:
000381 2400      	CLR  R0
000382 0daf      	ADD  R26,R15
000383 1db0      	ADC  R27,R0
000384 9508      	RET
                 
                 __ANEGW1:
000385 95f1      	NEG  R31
000386 95e1      	NEG  R30
000387 40f0      	SBCI R31,0
000388 9508      	RET
                 
                 __GETW1P:
000389 91ed      	LD   R30,X+
00038a 91fc      	LD   R31,X
00038b 9711      	SBIW R26,1
00038c 9508      	RET
                 
                 __GETW1PF:
00038d 9005      	LPM  R0,Z+
00038e 91f4      	LPM  R31,Z
00038f 2de0      	MOV  R30,R0
000390 9508      	RET
                 
                 __PUTPARD1:
000391 937a      	ST   -Y,R23
000392 936a      	ST   -Y,R22
000393 93fa      	ST   -Y,R31
000394 93ea      	ST   -Y,R30
000395 9508      	RET
                 
                 __SAVELOCR6:
000396 935a      	ST   -Y,R21
                 __SAVELOCR5:
000397 934a      	ST   -Y,R20
                 __SAVELOCR4:
000398 933a      	ST   -Y,R19
                 __SAVELOCR3:
000399 932a      	ST   -Y,R18
                 __SAVELOCR2:
00039a 931a      	ST   -Y,R17
00039b 930a      	ST   -Y,R16
00039c 9508      	RET
                 
                 __LOADLOCR6:
00039d 815d      	LDD  R21,Y+5
                 __LOADLOCR5:
00039e 814c      	LDD  R20,Y+4
                 __LOADLOCR4:
00039f 813b      	LDD  R19,Y+3
                 __LOADLOCR3:
0003a0 812a      	LDD  R18,Y+2
                 __LOADLOCR2:
0003a1 8119      	LDD  R17,Y+1
0003a2 8108      	LD   R16,Y
0003a3 9508      	RET
                 
                 ;END OF CODE MARKER
                 __END_OF_CODE:


RESOURCE USE INFORMATION
------------------------

Notice:
The register and instruction counts are symbol table hit counts,
and hence implicitly used resources are not counted, eg, the
'lpm' instruction without operands implicitly uses r0 and z,
none of which are counted.

x,y,z are separate entities in the symbol table and are
counted separately from r26..r31 here.

.dseg memory usage only counts static data declared with .byte

ATmega16 register use summary:
r0 :  11 r1 :   1 r2 :   0 r3 :   0 r4 :   4 r5 :   3 r6 :   2 r7 :   4 
r8 :   0 r9 :   0 r10:   0 r11:   0 r12:   0 r13:   0 r14:   0 r15:   4 
r16:  34 r17:  27 r18:  29 r19:   8 r20:   9 r21:  17 r22:   6 r23:   2 
r24:  25 r25:   5 r26: 104 r27:  42 r28:  14 r29:   1 r30: 199 r31:  60 
x  :  23 y  : 174 z  :  16 
Registers used: 26 out of 35 (74.3%)

ATmega16 instruction use summary:
.lds  :   0 .lds.l:   0 .sts  :   0 .sts.l:   0 adc   :   1 add   :   3 
adiw  :  25 and   :   0 andi  :   6 asr   :   0 bclr  :   0 bld   :   0 
brbc  :   0 brbs  :   0 brcc  :   0 brcs  :   0 break :   0 breq  :  18 
brge  :   0 brhc  :   0 brhs  :   0 brid  :   0 brie  :   0 brlo  :   8 
brlt  :   0 brmi  :   1 brne  :  31 brpl  :   1 brsh  :   3 brtc  :   0 
brts  :   0 brvc  :   0 brvs  :   0 bset  :   0 bst   :   0 call  :  54 
cbi   :   5 cbr   :   0 clc   :   0 clh   :   0 cli   :   1 cln   :   0 
clr   :  10 cls   :   0 clt   :   0 clv   :   0 clz   :   0 com   :   0 
cp    :   5 cpc   :   2 cpi   :  34 cpse  :   0 dec   :   6 des   :   0 
eor   :   0 fmul  :   0 fmuls :   0 fmulsu:   0 icall :   2 ijmp  :   0 
in    :   3 inc   :   2 jmp   :  24 ld    :  26 ldd   :  79 ldi   :  99 
lds   :   0 lpm   :  16 lsl   :   0 lsr   :   0 mov   :  21 movw  :  14 
mul   :   1 muls  :   0 mulsu :   0 neg   :   2 nop   :   0 or    :   1 
ori   :   8 out   :  44 pop   :   1 push  :   1 rcall :  16 ret   :  24 
reti  :   0 rjmp  :  63 rol   :   0 ror   :   0 sbc   :   1 sbci  :   2 
sbi   :   7 sbic  :   0 sbis  :   1 sbiw  :  20 sbr   :   0 sbrc  :   2 
sbrs  :  10 sec   :   0 seh   :   0 sei   :   0 sen   :   0 ser   :   0 
ses   :   0 set   :   0 sev   :   0 sez   :   0 sleep :   0 spm   :   0 
st    :  62 std   :  33 sts   :   2 sub   :   1 subi  :  16 swap  :   1 
tst   :   4 wdr   :   1 
Instructions used: 53 out of 116 (45.7%)

ATmega16 memory use summary [bytes]:
Segment   Begin    End      Code   Data   Used    Size   Use%
---------------------------------------------------------------
[.cseg] 0x000000 0x000748   1802     62   1864   16384  11.4%
[.dseg] 0x000060 0x000167      0      7      7    1024   0.7%
[.eseg] 0x000000 0x000000      0      0      0     512   0.0%

Assembly complete, 0 errors, 4 warnings
