
AVRASM ver. 2.1.30  D:\Kuliah\SMT3\Sensor dan Aktuator\Sensor Suara\Debug\List\adc_suara.asm Thu Sep 01 09:53:49 2022

D:\Kuliah\SMT3\Sensor dan Aktuator\Sensor Suara\Debug\List\adc_suara.asm(1088): warning: Register r5 already defined by the .DEF directive
D:\Kuliah\SMT3\Sensor dan Aktuator\Sensor Suara\Debug\List\adc_suara.asm(1089): warning: Register r4 already defined by the .DEF directive
D:\Kuliah\SMT3\Sensor dan Aktuator\Sensor Suara\Debug\List\adc_suara.asm(1090): warning: Register r7 already defined by the .DEF directive
D:\Kuliah\SMT3\Sensor dan Aktuator\Sensor Suara\Debug\List\adc_suara.asm(1091): warning: Register r6 already defined by the .DEF directive
                 
                 
                 ;CodeVisionAVR C Compiler V3.12 Advanced
                 ;(C) Copyright 1998-2014 Pavel Haiduc, HP InfoTech s.r.l.
                 ;http://www.hpinfotech.com
                 
                 ;Build configuration    : Debug
                 ;Chip type              : ATmega16
                 ;Program type           : Application
                 ;Clock frequency        : 12,000000 MHz
                 ;Memory model           : Small
                 ;Optimize for           : Size
                 ;(s)printf features     : int, width
                 ;(s)scanf features      : int, width
                 ;External RAM size      : 0
                 ;Data Stack size        : 256 byte(s)
                 ;Heap size              : 0 byte(s)
                 ;Promote 'char' to 'int': Yes
                 ;'char' is unsigned     : Yes
                 ;8 bit enums            : Yes
                 ;Global 'const' stored in FLASH: Yes
                 ;Enhanced function parameter passing: Yes
                 ;Enhanced core instructions: On
                 ;Automatic register allocation for global variables: On
                 ;Smart register allocation: On
                 
                 	#define _MODEL_SMALL_
                 
                 	#pragma AVRPART ADMIN PART_NAME ATmega16
                 	#pragma AVRPART MEMORY PROG_FLASH 16384
                 	#pragma AVRPART MEMORY EEPROM 512
                 	#pragma AVRPART MEMORY INT_SRAM SIZE 1024
                 	#pragma AVRPART MEMORY INT_SRAM START_ADDR 0x60
                 
                 	#define CALL_SUPPORTED 1
                 
                 	.LISTMAC
                 	.EQU UDRE=0x5
                 	.EQU RXC=0x7
                 	.EQU USR=0xB
                 	.EQU UDR=0xC
                 	.EQU SPSR=0xE
                 	.EQU SPDR=0xF
                 	.EQU EERE=0x0
                 	.EQU EEWE=0x1
                 	.EQU EEMWE=0x2
                 	.EQU EECR=0x1C
                 	.EQU EEDR=0x1D
                 	.EQU EEARL=0x1E
                 	.EQU EEARH=0x1F
                 	.EQU WDTCR=0x21
                 	.EQU MCUCR=0x35
                 	.EQU GICR=0x3B
                 	.EQU SPL=0x3D
                 	.EQU SPH=0x3E
                 	.EQU SREG=0x3F
                 
                 	.DEF R0X0=R0
                 	.DEF R0X1=R1
                 	.DEF R0X2=R2
                 	.DEF R0X3=R3
                 	.DEF R0X4=R4
                 	.DEF R0X5=R5
                 	.DEF R0X6=R6
                 	.DEF R0X7=R7
                 	.DEF R0X8=R8
                 	.DEF R0X9=R9
                 	.DEF R0XA=R10
                 	.DEF R0XB=R11
                 	.DEF R0XC=R12
                 	.DEF R0XD=R13
                 	.DEF R0XE=R14
                 	.DEF R0XF=R15
                 	.DEF R0X10=R16
                 	.DEF R0X11=R17
                 	.DEF R0X12=R18
                 	.DEF R0X13=R19
                 	.DEF R0X14=R20
                 	.DEF R0X15=R21
                 	.DEF R0X16=R22
                 	.DEF R0X17=R23
                 	.DEF R0X18=R24
                 	.DEF R0X19=R25
                 	.DEF R0X1A=R26
                 	.DEF R0X1B=R27
                 	.DEF R0X1C=R28
                 	.DEF R0X1D=R29
                 	.DEF R0X1E=R30
                 	.DEF R0X1F=R31
                 
                 	.EQU __SRAM_START=0x0060
                 	.EQU __SRAM_END=0x045F
                 	.EQU __DSTACK_SIZE=0x0100
                 	.EQU __HEAP_SIZE=0x0000
                 	.EQU __CLEAR_SRAM_SIZE=__SRAM_END-__SRAM_START+1
                 
                 	.MACRO __CPD1N
                 	CPI  R30,LOW(@0)
                 	LDI  R26,HIGH(@0)
                 	CPC  R31,R26
                 	LDI  R26,BYTE3(@0)
                 	CPC  R22,R26
                 	LDI  R26,BYTE4(@0)
                 	CPC  R23,R26
                 	.ENDM
                 
                 	.MACRO __CPD2N
                 	CPI  R26,LOW(@0)
                 	LDI  R30,HIGH(@0)
                 	CPC  R27,R30
                 	LDI  R30,BYTE3(@0)
                 	CPC  R24,R30
                 	LDI  R30,BYTE4(@0)
                 	CPC  R25,R30
                 	.ENDM
                 
                 	.MACRO __CPWRR
                 	CP   R@0,R@2
                 	CPC  R@1,R@3
                 	.ENDM
                 
                 	.MACRO __CPWRN
                 	CPI  R@0,LOW(@2)
                 	LDI  R30,HIGH(@2)
                 	CPC  R@1,R30
                 	.ENDM
                 
                 	.MACRO __ADDB1MN
                 	SUBI R30,LOW(-@0-(@1))
                 	.ENDM
                 
                 	.MACRO __ADDB2MN
                 	SUBI R26,LOW(-@0-(@1))
                 	.ENDM
                 
                 	.MACRO __ADDW1MN
                 	SUBI R30,LOW(-@0-(@1))
                 	SBCI R31,HIGH(-@0-(@1))
                 	.ENDM
                 
                 	.MACRO __ADDW2MN
                 	SUBI R26,LOW(-@0-(@1))
                 	SBCI R27,HIGH(-@0-(@1))
                 	.ENDM
                 
                 	.MACRO __ADDW1FN
                 	SUBI R30,LOW(-2*@0-(@1))
                 	SBCI R31,HIGH(-2*@0-(@1))
                 	.ENDM
                 
                 	.MACRO __ADDD1FN
                 	SUBI R30,LOW(-2*@0-(@1))
                 	SBCI R31,HIGH(-2*@0-(@1))
                 	SBCI R22,BYTE3(-2*@0-(@1))
                 	.ENDM
                 
                 	.MACRO __ADDD1N
                 	SUBI R30,LOW(-@0)
                 	SBCI R31,HIGH(-@0)
                 	SBCI R22,BYTE3(-@0)
                 	SBCI R23,BYTE4(-@0)
                 	.ENDM
                 
                 	.MACRO __ADDD2N
                 	SUBI R26,LOW(-@0)
                 	SBCI R27,HIGH(-@0)
                 	SBCI R24,BYTE3(-@0)
                 	SBCI R25,BYTE4(-@0)
                 	.ENDM
                 
                 	.MACRO __SUBD1N
                 	SUBI R30,LOW(@0)
                 	SBCI R31,HIGH(@0)
                 	SBCI R22,BYTE3(@0)
                 	SBCI R23,BYTE4(@0)
                 	.ENDM
                 
                 	.MACRO __SUBD2N
                 	SUBI R26,LOW(@0)
                 	SBCI R27,HIGH(@0)
                 	SBCI R24,BYTE3(@0)
                 	SBCI R25,BYTE4(@0)
                 	.ENDM
                 
                 	.MACRO __ANDBMNN
                 	LDS  R30,@0+(@1)
                 	ANDI R30,LOW(@2)
                 	STS  @0+(@1),R30
                 	.ENDM
                 
                 	.MACRO __ANDWMNN
                 	LDS  R30,@0+(@1)
                 	ANDI R30,LOW(@2)
                 	STS  @0+(@1),R30
                 	LDS  R30,@0+(@1)+1
                 	ANDI R30,HIGH(@2)
                 	STS  @0+(@1)+1,R30
                 	.ENDM
                 
                 	.MACRO __ANDD1N
                 	ANDI R30,LOW(@0)
                 	ANDI R31,HIGH(@0)
                 	ANDI R22,BYTE3(@0)
                 	ANDI R23,BYTE4(@0)
                 	.ENDM
                 
                 	.MACRO __ANDD2N
                 	ANDI R26,LOW(@0)
                 	ANDI R27,HIGH(@0)
                 	ANDI R24,BYTE3(@0)
                 	ANDI R25,BYTE4(@0)
                 	.ENDM
                 
                 	.MACRO __ORBMNN
                 	LDS  R30,@0+(@1)
                 	ORI  R30,LOW(@2)
                 	STS  @0+(@1),R30
                 	.ENDM
                 
                 	.MACRO __ORWMNN
                 	LDS  R30,@0+(@1)
                 	ORI  R30,LOW(@2)
                 	STS  @0+(@1),R30
                 	LDS  R30,@0+(@1)+1
                 	ORI  R30,HIGH(@2)
                 	STS  @0+(@1)+1,R30
                 	.ENDM
                 
                 	.MACRO __ORD1N
                 	ORI  R30,LOW(@0)
                 	ORI  R31,HIGH(@0)
                 	ORI  R22,BYTE3(@0)
                 	ORI  R23,BYTE4(@0)
                 	.ENDM
                 
                 	.MACRO __ORD2N
                 	ORI  R26,LOW(@0)
                 	ORI  R27,HIGH(@0)
                 	ORI  R24,BYTE3(@0)
                 	ORI  R25,BYTE4(@0)
                 	.ENDM
                 
                 	.MACRO __DELAY_USB
                 	LDI  R24,LOW(@0)
                 __DELAY_USB_LOOP:
                 	DEC  R24
                 	BRNE __DELAY_USB_LOOP
                 	.ENDM
                 
                 	.MACRO __DELAY_USW
                 	LDI  R24,LOW(@0)
                 	LDI  R25,HIGH(@0)
                 __DELAY_USW_LOOP:
                 	SBIW R24,1
                 	BRNE __DELAY_USW_LOOP
                 	.ENDM
                 
                 	.MACRO __GETD1S
                 	LDD  R30,Y+@0
                 	LDD  R31,Y+@0+1
                 	LDD  R22,Y+@0+2
                 	LDD  R23,Y+@0+3
                 	.ENDM
                 
                 	.MACRO __GETD2S
                 	LDD  R26,Y+@0
                 	LDD  R27,Y+@0+1
                 	LDD  R24,Y+@0+2
                 	LDD  R25,Y+@0+3
                 	.ENDM
                 
                 	.MACRO __PUTD1S
                 	STD  Y+@0,R30
                 	STD  Y+@0+1,R31
                 	STD  Y+@0+2,R22
                 	STD  Y+@0+3,R23
                 	.ENDM
                 
                 	.MACRO __PUTD2S
                 	STD  Y+@0,R26
                 	STD  Y+@0+1,R27
                 	STD  Y+@0+2,R24
                 	STD  Y+@0+3,R25
                 	.ENDM
                 
                 	.MACRO __PUTDZ2
                 	STD  Z+@0,R26
                 	STD  Z+@0+1,R27
                 	STD  Z+@0+2,R24
                 	STD  Z+@0+3,R25
                 	.ENDM
                 
                 	.MACRO __CLRD1S
                 	STD  Y+@0,R30
                 	STD  Y+@0+1,R30
                 	STD  Y+@0+2,R30
                 	STD  Y+@0+3,R30
                 	.ENDM
                 
                 	.MACRO __POINTB1MN
                 	LDI  R30,LOW(@0+(@1))
                 	.ENDM
                 
                 	.MACRO __POINTW1MN
                 	LDI  R30,LOW(@0+(@1))
                 	LDI  R31,HIGH(@0+(@1))
                 	.ENDM
                 
                 	.MACRO __POINTD1M
                 	LDI  R30,LOW(@0)
                 	LDI  R31,HIGH(@0)
                 	LDI  R22,BYTE3(@0)
                 	LDI  R23,BYTE4(@0)
                 	.ENDM
                 
                 	.MACRO __POINTW1FN
                 	LDI  R30,LOW(2*@0+(@1))
                 	LDI  R31,HIGH(2*@0+(@1))
                 	.ENDM
                 
                 	.MACRO __POINTD1FN
                 	LDI  R30,LOW(2*@0+(@1))
                 	LDI  R31,HIGH(2*@0+(@1))
                 	LDI  R22,BYTE3(2*@0+(@1))
                 	LDI  R23,BYTE4(2*@0+(@1))
                 	.ENDM
                 
                 	.MACRO __POINTB2MN
                 	LDI  R26,LOW(@0+(@1))
                 	.ENDM
                 
                 	.MACRO __POINTW2MN
                 	LDI  R26,LOW(@0+(@1))
                 	LDI  R27,HIGH(@0+(@1))
                 	.ENDM
                 
                 	.MACRO __POINTW2FN
                 	LDI  R26,LOW(2*@0+(@1))
                 	LDI  R27,HIGH(2*@0+(@1))
                 	.ENDM
                 
                 	.MACRO __POINTD2FN
                 	LDI  R26,LOW(2*@0+(@1))
                 	LDI  R27,HIGH(2*@0+(@1))
                 	LDI  R24,BYTE3(2*@0+(@1))
                 	LDI  R25,BYTE4(2*@0+(@1))
                 	.ENDM
                 
                 	.MACRO __POINTBRM
                 	LDI  R@0,LOW(@1)
                 	.ENDM
                 
                 	.MACRO __POINTWRM
                 	LDI  R@0,LOW(@2)
                 	LDI  R@1,HIGH(@2)
                 	.ENDM
                 
                 	.MACRO __POINTBRMN
                 	LDI  R@0,LOW(@1+(@2))
                 	.ENDM
                 
                 	.MACRO __POINTWRMN
                 	LDI  R@0,LOW(@2+(@3))
                 	LDI  R@1,HIGH(@2+(@3))
                 	.ENDM
                 
                 	.MACRO __POINTWRFN
                 	LDI  R@0,LOW(@2*2+(@3))
                 	LDI  R@1,HIGH(@2*2+(@3))
                 	.ENDM
                 
                 	.MACRO __GETD1N
                 	LDI  R30,LOW(@0)
                 	LDI  R31,HIGH(@0)
                 	LDI  R22,BYTE3(@0)
                 	LDI  R23,BYTE4(@0)
                 	.ENDM
                 
                 	.MACRO __GETD2N
                 	LDI  R26,LOW(@0)
                 	LDI  R27,HIGH(@0)
                 	LDI  R24,BYTE3(@0)
                 	LDI  R25,BYTE4(@0)
                 	.ENDM
                 
                 	.MACRO __GETB1MN
                 	LDS  R30,@0+(@1)
                 	.ENDM
                 
                 	.MACRO __GETB1HMN
                 	LDS  R31,@0+(@1)
                 	.ENDM
                 
                 	.MACRO __GETW1MN
                 	LDS  R30,@0+(@1)
                 	LDS  R31,@0+(@1)+1
                 	.ENDM
                 
                 	.MACRO __GETD1MN
                 	LDS  R30,@0+(@1)
                 	LDS  R31,@0+(@1)+1
                 	LDS  R22,@0+(@1)+2
                 	LDS  R23,@0+(@1)+3
                 	.ENDM
                 
                 	.MACRO __GETBRMN
                 	LDS  R@0,@1+(@2)
                 	.ENDM
                 
                 	.MACRO __GETWRMN
                 	LDS  R@0,@2+(@3)
                 	LDS  R@1,@2+(@3)+1
                 	.ENDM
                 
                 	.MACRO __GETWRZ
                 	LDD  R@0,Z+@2
                 	LDD  R@1,Z+@2+1
                 	.ENDM
                 
                 	.MACRO __GETD2Z
                 	LDD  R26,Z+@0
                 	LDD  R27,Z+@0+1
                 	LDD  R24,Z+@0+2
                 	LDD  R25,Z+@0+3
                 	.ENDM
                 
                 	.MACRO __GETB2MN
                 	LDS  R26,@0+(@1)
                 	.ENDM
                 
                 	.MACRO __GETW2MN
                 	LDS  R26,@0+(@1)
                 	LDS  R27,@0+(@1)+1
                 	.ENDM
                 
                 	.MACRO __GETD2MN
                 	LDS  R26,@0+(@1)
                 	LDS  R27,@0+(@1)+1
                 	LDS  R24,@0+(@1)+2
                 	LDS  R25,@0+(@1)+3
                 	.ENDM
                 
                 	.MACRO __PUTB1MN
                 	STS  @0+(@1),R30
                 	.ENDM
                 
                 	.MACRO __PUTW1MN
                 	STS  @0+(@1),R30
                 	STS  @0+(@1)+1,R31
                 	.ENDM
                 
                 	.MACRO __PUTD1MN
                 	STS  @0+(@1),R30
                 	STS  @0+(@1)+1,R31
                 	STS  @0+(@1)+2,R22
                 	STS  @0+(@1)+3,R23
                 	.ENDM
                 
                 	.MACRO __PUTB1EN
                 	LDI  R26,LOW(@0+(@1))
                 	LDI  R27,HIGH(@0+(@1))
                 	CALL __EEPROMWRB
                 	.ENDM
                 
                 	.MACRO __PUTW1EN
                 	LDI  R26,LOW(@0+(@1))
                 	LDI  R27,HIGH(@0+(@1))
                 	CALL __EEPROMWRW
                 	.ENDM
                 
                 	.MACRO __PUTD1EN
                 	LDI  R26,LOW(@0+(@1))
                 	LDI  R27,HIGH(@0+(@1))
                 	CALL __EEPROMWRD
                 	.ENDM
                 
                 	.MACRO __PUTBR0MN
                 	STS  @0+(@1),R0
                 	.ENDM
                 
                 	.MACRO __PUTBMRN
                 	STS  @0+(@1),R@2
                 	.ENDM
                 
                 	.MACRO __PUTWMRN
                 	STS  @0+(@1),R@2
                 	STS  @0+(@1)+1,R@3
                 	.ENDM
                 
                 	.MACRO __PUTBZR
                 	STD  Z+@1,R@0
                 	.ENDM
                 
                 	.MACRO __PUTWZR
                 	STD  Z+@2,R@0
                 	STD  Z+@2+1,R@1
                 	.ENDM
                 
                 	.MACRO __GETW1R
                 	MOV  R30,R@0
                 	MOV  R31,R@1
                 	.ENDM
                 
                 	.MACRO __GETW2R
                 	MOV  R26,R@0
                 	MOV  R27,R@1
                 	.ENDM
                 
                 	.MACRO __GETWRN
                 	LDI  R@0,LOW(@2)
                 	LDI  R@1,HIGH(@2)
                 	.ENDM
                 
                 	.MACRO __PUTW1R
                 	MOV  R@0,R30
                 	MOV  R@1,R31
                 	.ENDM
                 
                 	.MACRO __PUTW2R
                 	MOV  R@0,R26
                 	MOV  R@1,R27
                 	.ENDM
                 
                 	.MACRO __ADDWRN
                 	SUBI R@0,LOW(-@2)
                 	SBCI R@1,HIGH(-@2)
                 	.ENDM
                 
                 	.MACRO __ADDWRR
                 	ADD  R@0,R@2
                 	ADC  R@1,R@3
                 	.ENDM
                 
                 	.MACRO __SUBWRN
                 	SUBI R@0,LOW(@2)
                 	SBCI R@1,HIGH(@2)
                 	.ENDM
                 
                 	.MACRO __SUBWRR
                 	SUB  R@0,R@2
                 	SBC  R@1,R@3
                 	.ENDM
                 
                 	.MACRO __ANDWRN
                 	ANDI R@0,LOW(@2)
                 	ANDI R@1,HIGH(@2)
                 	.ENDM
                 
                 	.MACRO __ANDWRR
                 	AND  R@0,R@2
                 	AND  R@1,R@3
                 	.ENDM
                 
                 	.MACRO __ORWRN
                 	ORI  R@0,LOW(@2)
                 	ORI  R@1,HIGH(@2)
                 	.ENDM
                 
                 	.MACRO __ORWRR
                 	OR   R@0,R@2
                 	OR   R@1,R@3
                 	.ENDM
                 
                 	.MACRO __EORWRR
                 	EOR  R@0,R@2
                 	EOR  R@1,R@3
                 	.ENDM
                 
                 	.MACRO __GETWRS
                 	LDD  R@0,Y+@2
                 	LDD  R@1,Y+@2+1
                 	.ENDM
                 
                 	.MACRO __PUTBSR
                 	STD  Y+@1,R@0
                 	.ENDM
                 
                 	.MACRO __PUTWSR
                 	STD  Y+@2,R@0
                 	STD  Y+@2+1,R@1
                 	.ENDM
                 
                 	.MACRO __MOVEWRR
                 	MOV  R@0,R@2
                 	MOV  R@1,R@3
                 	.ENDM
                 
                 	.MACRO __INWR
                 	IN   R@0,@2
                 	IN   R@1,@2+1
                 	.ENDM
                 
                 	.MACRO __OUTWR
                 	OUT  @2+1,R@1
                 	OUT  @2,R@0
                 	.ENDM
                 
                 	.MACRO __CALL1MN
                 	LDS  R30,@0+(@1)
                 	LDS  R31,@0+(@1)+1
                 	ICALL
                 	.ENDM
                 
                 	.MACRO __CALL1FN
                 	LDI  R30,LOW(2*@0+(@1))
                 	LDI  R31,HIGH(2*@0+(@1))
                 	CALL __GETW1PF
                 	ICALL
                 	.ENDM
                 
                 	.MACRO __CALL2EN
                 	PUSH R26
                 	PUSH R27
                 	LDI  R26,LOW(@0+(@1))
                 	LDI  R27,HIGH(@0+(@1))
                 	CALL __EEPROMRDW
                 	POP  R27
                 	POP  R26
                 	ICALL
                 	.ENDM
                 
                 	.MACRO __CALL2EX
                 	SUBI R26,LOW(-@0)
                 	SBCI R27,HIGH(-@0)
                 	CALL __EEPROMRDD
                 	ICALL
                 	.ENDM
                 
                 	.MACRO __GETW1STACK
                 	IN   R30,SPL
                 	IN   R31,SPH
                 	ADIW R30,@0+1
                 	LD   R0,Z+
                 	LD   R31,Z
                 	MOV  R30,R0
                 	.ENDM
                 
                 	.MACRO __GETD1STACK
                 	IN   R30,SPL
                 	IN   R31,SPH
                 	ADIW R30,@0+1
                 	LD   R0,Z+
                 	LD   R1,Z+
                 	LD   R22,Z
                 	MOVW R30,R0
                 	.ENDM
                 
                 	.MACRO __NBST
                 	BST  R@0,@1
                 	IN   R30,SREG
                 	LDI  R31,0x40
                 	EOR  R30,R31
                 	OUT  SREG,R30
                 	.ENDM
                 
                 
                 	.MACRO __PUTB1SN
                 	LDD  R26,Y+@0
                 	LDD  R27,Y+@0+1
                 	SUBI R26,LOW(-@1)
                 	SBCI R27,HIGH(-@1)
                 	ST   X,R30
                 	.ENDM
                 
                 	.MACRO __PUTW1SN
                 	LDD  R26,Y+@0
                 	LDD  R27,Y+@0+1
                 	SUBI R26,LOW(-@1)
                 	SBCI R27,HIGH(-@1)
                 	ST   X+,R30
                 	ST   X,R31
                 	.ENDM
                 
                 	.MACRO __PUTD1SN
                 	LDD  R26,Y+@0
                 	LDD  R27,Y+@0+1
                 	SUBI R26,LOW(-@1)
                 	SBCI R27,HIGH(-@1)
                 	CALL __PUTDP1
                 	.ENDM
                 
                 	.MACRO __PUTB1SNS
                 	LDD  R26,Y+@0
                 	LDD  R27,Y+@0+1
                 	ADIW R26,@1
                 	ST   X,R30
                 	.ENDM
                 
                 	.MACRO __PUTW1SNS
                 	LDD  R26,Y+@0
                 	LDD  R27,Y+@0+1
                 	ADIW R26,@1
                 	ST   X+,R30
                 	ST   X,R31
                 	.ENDM
                 
                 	.MACRO __PUTD1SNS
                 	LDD  R26,Y+@0
                 	LDD  R27,Y+@0+1
                 	ADIW R26,@1
                 	CALL __PUTDP1
                 	.ENDM
                 
                 	.MACRO __PUTB1PMN
                 	LDS  R26,@0
                 	LDS  R27,@0+1
                 	SUBI R26,LOW(-@1)
                 	SBCI R27,HIGH(-@1)
                 	ST   X,R30
                 	.ENDM
                 
                 	.MACRO __PUTW1PMN
                 	LDS  R26,@0
                 	LDS  R27,@0+1
                 	SUBI R26,LOW(-@1)
                 	SBCI R27,HIGH(-@1)
                 	ST   X+,R30
                 	ST   X,R31
                 	.ENDM
                 
                 	.MACRO __PUTD1PMN
                 	LDS  R26,@0
                 	LDS  R27,@0+1
                 	SUBI R26,LOW(-@1)
                 	SBCI R27,HIGH(-@1)
                 	CALL __PUTDP1
                 	.ENDM
                 
                 	.MACRO __PUTB1PMNS
                 	LDS  R26,@0
                 	LDS  R27,@0+1
                 	ADIW R26,@1
                 	ST   X,R30
                 	.ENDM
                 
                 	.MACRO __PUTW1PMNS
                 	LDS  R26,@0
                 	LDS  R27,@0+1
                 	ADIW R26,@1
                 	ST   X+,R30
                 	ST   X,R31
                 	.ENDM
                 
                 	.MACRO __PUTD1PMNS
                 	LDS  R26,@0
                 	LDS  R27,@0+1
                 	ADIW R26,@1
                 	CALL __PUTDP1
                 	.ENDM
                 
                 	.MACRO __PUTB1RN
                 	MOVW R26,R@0
                 	SUBI R26,LOW(-@1)
                 	SBCI R27,HIGH(-@1)
                 	ST   X,R30
                 	.ENDM
                 
                 	.MACRO __PUTW1RN
                 	MOVW R26,R@0
                 	SUBI R26,LOW(-@1)
                 	SBCI R27,HIGH(-@1)
                 	ST   X+,R30
                 	ST   X,R31
                 	.ENDM
                 
                 	.MACRO __PUTD1RN
                 	MOVW R26,R@0
                 	SUBI R26,LOW(-@1)
                 	SBCI R27,HIGH(-@1)
                 	CALL __PUTDP1
                 	.ENDM
                 
                 	.MACRO __PUTB1RNS
                 	MOVW R26,R@0
                 	ADIW R26,@1
                 	ST   X,R30
                 	.ENDM
                 
                 	.MACRO __PUTW1RNS
                 	MOVW R26,R@0
                 	ADIW R26,@1
                 	ST   X+,R30
                 	ST   X,R31
                 	.ENDM
                 
                 	.MACRO __PUTD1RNS
                 	MOVW R26,R@0
                 	ADIW R26,@1
                 	CALL __PUTDP1
                 	.ENDM
                 
                 	.MACRO __PUTB1RON
                 	MOV  R26,R@0
                 	MOV  R27,R@1
                 	SUBI R26,LOW(-@2)
                 	SBCI R27,HIGH(-@2)
                 	ST   X,R30
                 	.ENDM
                 
                 	.MACRO __PUTW1RON
                 	MOV  R26,R@0
                 	MOV  R27,R@1
                 	SUBI R26,LOW(-@2)
                 	SBCI R27,HIGH(-@2)
                 	ST   X+,R30
                 	ST   X,R31
                 	.ENDM
                 
                 	.MACRO __PUTD1RON
                 	MOV  R26,R@0
                 	MOV  R27,R@1
                 	SUBI R26,LOW(-@2)
                 	SBCI R27,HIGH(-@2)
                 	CALL __PUTDP1
                 	.ENDM
                 
                 	.MACRO __PUTB1RONS
                 	MOV  R26,R@0
                 	MOV  R27,R@1
                 	ADIW R26,@2
                 	ST   X,R30
                 	.ENDM
                 
                 	.MACRO __PUTW1RONS
                 	MOV  R26,R@0
                 	MOV  R27,R@1
                 	ADIW R26,@2
                 	ST   X+,R30
                 	ST   X,R31
                 	.ENDM
                 
                 	.MACRO __PUTD1RONS
                 	MOV  R26,R@0
                 	MOV  R27,R@1
                 	ADIW R26,@2
                 	CALL __PUTDP1
                 	.ENDM
                 
                 
                 	.MACRO __GETB1SX
                 	MOVW R30,R28
                 	SUBI R30,LOW(-@0)
                 	SBCI R31,HIGH(-@0)
                 	LD   R30,Z
                 	.ENDM
                 
                 	.MACRO __GETB1HSX
                 	MOVW R30,R28
                 	SUBI R30,LOW(-@0)
                 	SBCI R31,HIGH(-@0)
                 	LD   R31,Z
                 	.ENDM
                 
                 	.MACRO __GETW1SX
                 	MOVW R30,R28
                 	SUBI R30,LOW(-@0)
                 	SBCI R31,HIGH(-@0)
                 	LD   R0,Z+
                 	LD   R31,Z
                 	MOV  R30,R0
                 	.ENDM
                 
                 	.MACRO __GETD1SX
                 	MOVW R30,R28
                 	SUBI R30,LOW(-@0)
                 	SBCI R31,HIGH(-@0)
                 	LD   R0,Z+
                 	LD   R1,Z+
                 	LD   R22,Z+
                 	LD   R23,Z
                 	MOVW R30,R0
                 	.ENDM
                 
                 	.MACRO __GETB2SX
                 	MOVW R26,R28
                 	SUBI R26,LOW(-@0)
                 	SBCI R27,HIGH(-@0)
                 	LD   R26,X
                 	.ENDM
                 
                 	.MACRO __GETW2SX
                 	MOVW R26,R28
                 	SUBI R26,LOW(-@0)
                 	SBCI R27,HIGH(-@0)
                 	LD   R0,X+
                 	LD   R27,X
                 	MOV  R26,R0
                 	.ENDM
                 
                 	.MACRO __GETD2SX
                 	MOVW R26,R28
                 	SUBI R26,LOW(-@0)
                 	SBCI R27,HIGH(-@0)
                 	LD   R0,X+
                 	LD   R1,X+
                 	LD   R24,X+
                 	LD   R25,X
                 	MOVW R26,R0
                 	.ENDM
                 
                 	.MACRO __GETBRSX
                 	MOVW R30,R28
                 	SUBI R30,LOW(-@1)
                 	SBCI R31,HIGH(-@1)
                 	LD   R@0,Z
                 	.ENDM
                 
                 	.MACRO __GETWRSX
                 	MOVW R30,R28
                 	SUBI R30,LOW(-@2)
                 	SBCI R31,HIGH(-@2)
                 	LD   R@0,Z+
                 	LD   R@1,Z
                 	.ENDM
                 
                 	.MACRO __GETBRSX2
                 	MOVW R26,R28
                 	SUBI R26,LOW(-@1)
                 	SBCI R27,HIGH(-@1)
                 	LD   R@0,X
                 	.ENDM
                 
                 	.MACRO __GETWRSX2
                 	MOVW R26,R28
                 	SUBI R26,LOW(-@2)
                 	SBCI R27,HIGH(-@2)
                 	LD   R@0,X+
                 	LD   R@1,X
                 	.ENDM
                 
                 	.MACRO __LSLW8SX
                 	MOVW R30,R28
                 	SUBI R30,LOW(-@0)
                 	SBCI R31,HIGH(-@0)
                 	LD   R31,Z
                 	CLR  R30
                 	.ENDM
                 
                 	.MACRO __PUTB1SX
                 	MOVW R26,R28
                 	SUBI R26,LOW(-@0)
                 	SBCI R27,HIGH(-@0)
                 	ST   X,R30
                 	.ENDM
                 
                 	.MACRO __PUTW1SX
                 	MOVW R26,R28
                 	SUBI R26,LOW(-@0)
                 	SBCI R27,HIGH(-@0)
                 	ST   X+,R30
                 	ST   X,R31
                 	.ENDM
                 
                 	.MACRO __PUTD1SX
                 	MOVW R26,R28
                 	SUBI R26,LOW(-@0)
                 	SBCI R27,HIGH(-@0)
                 	ST   X+,R30
                 	ST   X+,R31
                 	ST   X+,R22
                 	ST   X,R23
                 	.ENDM
                 
                 	.MACRO __CLRW1SX
                 	MOVW R26,R28
                 	SUBI R26,LOW(-@0)
                 	SBCI R27,HIGH(-@0)
                 	ST   X+,R30
                 	ST   X,R30
                 	.ENDM
                 
                 	.MACRO __CLRD1SX
                 	MOVW R26,R28
                 	SUBI R26,LOW(-@0)
                 	SBCI R27,HIGH(-@0)
                 	ST   X+,R30
                 	ST   X+,R30
                 	ST   X+,R30
                 	ST   X,R30
                 	.ENDM
                 
                 	.MACRO __PUTB2SX
                 	MOVW R30,R28
                 	SUBI R30,LOW(-@0)
                 	SBCI R31,HIGH(-@0)
                 	ST   Z,R26
                 	.ENDM
                 
                 	.MACRO __PUTW2SX
                 	MOVW R30,R28
                 	SUBI R30,LOW(-@0)
                 	SBCI R31,HIGH(-@0)
                 	ST   Z+,R26
                 	ST   Z,R27
                 	.ENDM
                 
                 	.MACRO __PUTD2SX
                 	MOVW R30,R28
                 	SUBI R30,LOW(-@0)
                 	SBCI R31,HIGH(-@0)
                 	ST   Z+,R26
                 	ST   Z+,R27
                 	ST   Z+,R24
                 	ST   Z,R25
                 	.ENDM
                 
                 	.MACRO __PUTBSRX
                 	MOVW R30,R28
                 	SUBI R30,LOW(-@1)
                 	SBCI R31,HIGH(-@1)
                 	ST   Z,R@0
                 	.ENDM
                 
                 	.MACRO __PUTWSRX
                 	MOVW R30,R28
                 	SUBI R30,LOW(-@2)
                 	SBCI R31,HIGH(-@2)
                 	ST   Z+,R@0
                 	ST   Z,R@1
                 	.ENDM
                 
                 	.MACRO __PUTB1SNX
                 	MOVW R26,R28
                 	SUBI R26,LOW(-@0)
                 	SBCI R27,HIGH(-@0)
                 	LD   R0,X+
                 	LD   R27,X
                 	MOV  R26,R0
                 	SUBI R26,LOW(-@1)
                 	SBCI R27,HIGH(-@1)
                 	ST   X,R30
                 	.ENDM
                 
                 	.MACRO __PUTW1SNX
                 	MOVW R26,R28
                 	SUBI R26,LOW(-@0)
                 	SBCI R27,HIGH(-@0)
                 	LD   R0,X+
                 	LD   R27,X
                 	MOV  R26,R0
                 	SUBI R26,LOW(-@1)
                 	SBCI R27,HIGH(-@1)
                 	ST   X+,R30
                 	ST   X,R31
                 	.ENDM
                 
                 	.MACRO __PUTD1SNX
                 	MOVW R26,R28
                 	SUBI R26,LOW(-@0)
                 	SBCI R27,HIGH(-@0)
                 	LD   R0,X+
                 	LD   R27,X
                 	MOV  R26,R0
                 	SUBI R26,LOW(-@1)
                 	SBCI R27,HIGH(-@1)
                 	ST   X+,R30
                 	ST   X+,R31
                 	ST   X+,R22
                 	ST   X,R23
                 	.ENDM
                 
                 	.MACRO __MULBRR
                 	MULS R@0,R@1
                 	MOVW R30,R0
                 	.ENDM
                 
                 	.MACRO __MULBRRU
                 	MUL  R@0,R@1
                 	MOVW R30,R0
                 	.ENDM
                 
                 	.MACRO __MULBRR0
                 	MULS R@0,R@1
                 	.ENDM
                 
                 	.MACRO __MULBRRU0
                 	MUL  R@0,R@1
                 	.ENDM
                 
                 	.MACRO __MULBNWRU
                 	LDI  R26,@2
                 	MUL  R26,R@0
                 	MOVW R30,R0
                 	MUL  R26,R@1
                 	ADD  R31,R0
                 	.ENDM
                 
                 ;NAME DEFINITIONS FOR GLOBAL VARIABLES ALLOCATED TO REGISTERS
                 	.DEF _data_suara=R5
                 	.DEF __lcd_x=R4
                 	.DEF __lcd_y=R7
                 	.DEF __lcd_maxx=R6
                 
                 	.CSEG
                 	.ORG 0x00
                 
                 ;START OF CODE MARKER
                 __START_OF_CODE:
                 
                 ;INTERRUPT VECTORS
000000 940c 0040 	JMP  __RESET
000002 940c 0000 	JMP  0x00
000004 940c 0000 	JMP  0x00
000006 940c 0000 	JMP  0x00
000008 940c 0000 	JMP  0x00
00000a 940c 0000 	JMP  0x00
00000c 940c 0000 	JMP  0x00
00000e 940c 0000 	JMP  0x00
000010 940c 0000 	JMP  0x00
000012 940c 0000 	JMP  0x00
000014 940c 0000 	JMP  0x00
000016 940c 0000 	JMP  0x00
000018 940c 0000 	JMP  0x00
00001a 940c 0000 	JMP  0x00
00001c 940c 0000 	JMP  0x00
00001e 940c 0000 	JMP  0x00
000020 940c 0000 	JMP  0x00
000022 940c 0000 	JMP  0x00
000024 940c 0000 	JMP  0x00
000026 940c 0000 	JMP  0x00
000028 940c 0000 	JMP  0x00
                 
                 _tbl10_G100:
00002a 2710
00002b 03e8
00002c 0064
00002d 000a      	.DB  0x10,0x27,0xE8,0x3,0x64,0x0,0xA,0x0
00002e 0001      	.DB  0x1,0x0
                 _tbl16_G100:
00002f 1000
000030 0100
000031 0010
000032 0001      	.DB  0x0,0x10,0x0,0x1,0x10,0x0,0x1,0x0
                 
                 _0x0:
000033 6144
000034 6174
000035 5320
000036 6175      	.DB  0x44,0x61,0x74,0x61,0x20,0x53,0x75,0x61
000037 6172
000038 203a
000039 2500
00003a 0064      	.DB  0x72,0x61,0x3A,0x20,0x0,0x25,0x64,0x0
                 _0x2020003:
00003b c080      	.DB  0x80,0xC0
                 
                 __GLOBAL_INI_TBL:
00003c 0002      	.DW  0x02
00003d 0163      	.DW  __base_y_G101
00003e 0076      	.DW  _0x2020003*2
                 
                 _0xFFFFFFFF:
00003f 0000      	.DW  0
                 
                 #define __GLOBAL_INI_TBL_PRESENT 1
                 
                 __RESET:
000040 94f8      	CLI
000041 27ee      	CLR  R30
000042 bbec      	OUT  EECR,R30
                 
                 ;INTERRUPT VECTORS ARE PLACED
                 ;AT THE START OF FLASH
000043 e0f1      	LDI  R31,1
000044 bffb      	OUT  GICR,R31
000045 bfeb      	OUT  GICR,R30
000046 bfe5      	OUT  MCUCR,R30
                 
                 ;CLEAR R2-R14
000047 e08d      	LDI  R24,(14-2)+1
000048 e0a2      	LDI  R26,2
000049 27bb      	CLR  R27
                 __CLEAR_REG:
00004a 93ed      	ST   X+,R30
00004b 958a      	DEC  R24
00004c f7e9      	BRNE __CLEAR_REG
                 
                 ;CLEAR SRAM
00004d e080      	LDI  R24,LOW(__CLEAR_SRAM_SIZE)
00004e e094      	LDI  R25,HIGH(__CLEAR_SRAM_SIZE)
00004f e6a0      	LDI  R26,__SRAM_START
                 __CLEAR_SRAM:
000050 93ed      	ST   X+,R30
000051 9701      	SBIW R24,1
000052 f7e9      	BRNE __CLEAR_SRAM
                 
                 ;GLOBAL VARIABLES INITIALIZATION
000053 e7e8      	LDI  R30,LOW(__GLOBAL_INI_TBL*2)
000054 e0f0      	LDI  R31,HIGH(__GLOBAL_INI_TBL*2)
                 __GLOBAL_INI_NEXT:
000055 9185      	LPM  R24,Z+
000056 9195      	LPM  R25,Z+
000057 9700      	SBIW R24,0
000058 f061      	BREQ __GLOBAL_INI_END
000059 91a5      	LPM  R26,Z+
00005a 91b5      	LPM  R27,Z+
00005b 9005      	LPM  R0,Z+
00005c 9015      	LPM  R1,Z+
00005d 01bf      	MOVW R22,R30
00005e 01f0      	MOVW R30,R0
                 __GLOBAL_INI_LOOP:
00005f 9005      	LPM  R0,Z+
000060 920d      	ST   X+,R0
000061 9701      	SBIW R24,1
000062 f7e1      	BRNE __GLOBAL_INI_LOOP
000063 01fb      	MOVW R30,R22
000064 cff0      	RJMP __GLOBAL_INI_NEXT
                 __GLOBAL_INI_END:
                 
                 ;HARDWARE STACK POINTER INITIALIZATION
000065 e5ef      	LDI  R30,LOW(__SRAM_END-__HEAP_SIZE)
000066 bfed      	OUT  SPL,R30
000067 e0e4      	LDI  R30,HIGH(__SRAM_END-__HEAP_SIZE)
000068 bfee      	OUT  SPH,R30
                 
                 ;DATA STACK POINTER INITIALIZATION
000069 e6c0      	LDI  R28,LOW(__SRAM_START+__DSTACK_SIZE)
00006a e0d1      	LDI  R29,HIGH(__SRAM_START+__DSTACK_SIZE)
                 
00006b 940c 007b 	JMP  _main
                 
                 	.ESEG
                 	.ORG 0
                 
                 	.DSEG
                 	.ORG 0x160
                 
                 	.CSEG
                 ;/*******************************************************
                 ;This program was created by the
                 ;CodeWizardAVR V3.12 Advanced
                 ;Automatic Program Generator
                 ;© Copyright 1998-2014 Pavel Haiduc, HP InfoTech s.r.l.
                 ;http://www.hpinfotech.com
                 ;
                 ;Project :
                 ;Version :
                 ;Date    : 01/09/2022
                 ;Author  :
                 ;Company :
                 ;Comments:
                 ;
                 ;
                 ;Chip type               : ATmega16
                 ;Program type            : Application
                 ;AVR Core Clock frequency: 12,000000 MHz
                 ;Memory model            : Small
                 ;External RAM size       : 0
                 ;Data Stack size         : 256
                 ;*******************************************************/
                 ;
                 ;#include <mega16.h>
                 	#ifndef __SLEEP_DEFINED__
                 	#define __SLEEP_DEFINED__
                 	.EQU __se_bit=0x40
                 	.EQU __sm_mask=0xB0
                 	.EQU __sm_powerdown=0x20
                 	.EQU __sm_powersave=0x30
                 	.EQU __sm_standby=0xA0
                 	.EQU __sm_ext_standby=0xB0
                 	.EQU __sm_adc_noise_red=0x10
                 	.SET power_ctrl_reg=mcucr
                 	#endif
                 ;
                 ;#include <delay.h>
                 ;
                 ;#include <stdio.h>
                 ;
                 ;// Alphanumeric LCD functions
                 ;#include <alcd.h>
                 ;
                 ;// Declare your global variables here
                 ;
                 ;// Voltage Reference: AREF pin
                 ;#define ADC_VREF_TYPE ((0<<REFS1) | (0<<REFS0) | (1<<ADLAR))
                 ;
                 ;// Read the 8 most significant bits
                 ;// of the AD conversion result
                 ;unsigned char read_adc(unsigned char adc_input)
                 ; 0000 0029 {
                 
                 	.CSEG
                 _read_adc:
                 ; .FSTART _read_adc
                 ; 0000 002A ADMUX=adc_input | ADC_VREF_TYPE;
00006d 93aa      	ST   -Y,R26
                 ;	adc_input -> Y+0
00006e 81e8      	LD   R30,Y
00006f 62e0      	ORI  R30,0x20
000070 b9e7      	OUT  0x7,R30
                 ; 0000 002B // Delay needed for the stabilization of the ADC input voltage
                 ; 0000 002C delay_us(10);
                +
000071 e288     +LDI R24 , LOW ( 40 )
                +__DELAY_USB_LOOP :
000072 958a     +DEC R24
000073 f7f1     +BRNE __DELAY_USB_LOOP
                 	__DELAY_USB 40
                 ; 0000 002D // Start the AD conversion
                 ; 0000 002E ADCSRA|=(1<<ADSC);
000074 9a36      	SBI  0x6,6
                 ; 0000 002F // Wait for the AD conversion to complete
                 ; 0000 0030 while ((ADCSRA & (1<<ADIF))==0);
                 _0x3:
000075 9b34      	SBIS 0x6,4
000076 cffe      	RJMP _0x3
                 ; 0000 0031 ADCSRA|=(1<<ADIF);
000077 9a34      	SBI  0x6,4
                 ; 0000 0032 return ADCH;
000078 b1e5      	IN   R30,0x5
000079 940c 030f 	JMP  _0x2080001
                 ; 0000 0033 }
                 ; .FEND
                 ;
                 ;unsigned char xstring[3], data_suara;
                 ;
                 ;void main(void)
                 ; 0000 0038 {
                 _main:
                 ; .FSTART _main
                 ; 0000 0039 // Declare your local variables here
                 ; 0000 003A 
                 ; 0000 003B // Input/Output Ports initialization
                 ; 0000 003C // Port A initialization
                 ; 0000 003D // Function: Bit7=In Bit6=In Bit5=In Bit4=In Bit3=In Bit2=In Bit1=In Bit0=In
                 ; 0000 003E DDRA=(0<<DDA7) | (0<<DDA6) | (0<<DDA5) | (0<<DDA4) | (0<<DDA3) | (0<<DDA2) | (0<<DDA1) | (0<<DDA0);
00007b e0e0      	LDI  R30,LOW(0)
00007c bbea      	OUT  0x1A,R30
                 ; 0000 003F // State: Bit7=T Bit6=T Bit5=T Bit4=T Bit3=T Bit2=T Bit1=T Bit0=T
                 ; 0000 0040 PORTA=(0<<PORTA7) | (0<<PORTA6) | (0<<PORTA5) | (0<<PORTA4) | (0<<PORTA3) | (0<<PORTA2) | (0<<PORTA1) | (0<<PORTA0);
00007d bbeb      	OUT  0x1B,R30
                 ; 0000 0041 
                 ; 0000 0042 // Port B initialization
                 ; 0000 0043 // Function: Bit7=In Bit6=In Bit5=In Bit4=In Bit3=In Bit2=In Bit1=In Bit0=In
                 ; 0000 0044 DDRB=(0<<DDB7) | (0<<DDB6) | (0<<DDB5) | (0<<DDB4) | (0<<DDB3) | (0<<DDB2) | (0<<DDB1) | (0<<DDB0);
00007e bbe7      	OUT  0x17,R30
                 ; 0000 0045 // State: Bit7=T Bit6=T Bit5=T Bit4=T Bit3=T Bit2=T Bit1=T Bit0=T
                 ; 0000 0046 PORTB=(0<<PORTB7) | (0<<PORTB6) | (0<<PORTB5) | (0<<PORTB4) | (0<<PORTB3) | (0<<PORTB2) | (0<<PORTB1) | (0<<PORTB0);
00007f bbe8      	OUT  0x18,R30
                 ; 0000 0047 
                 ; 0000 0048 // Port C initialization
                 ; 0000 0049 // Function: Bit7=In Bit6=In Bit5=In Bit4=In Bit3=In Bit2=In Bit1=In Bit0=In
                 ; 0000 004A DDRC=(0<<DDC7) | (0<<DDC6) | (0<<DDC5) | (0<<DDC4) | (0<<DDC3) | (0<<DDC2) | (0<<DDC1) | (0<<DDC0);
000080 bbe4      	OUT  0x14,R30
                 ; 0000 004B // State: Bit7=T Bit6=T Bit5=T Bit4=T Bit3=T Bit2=T Bit1=T Bit0=T
                 ; 0000 004C PORTC=(0<<PORTC7) | (0<<PORTC6) | (0<<PORTC5) | (0<<PORTC4) | (0<<PORTC3) | (0<<PORTC2) | (0<<PORTC1) | (0<<PORTC0);
000081 bbe5      	OUT  0x15,R30
                 ; 0000 004D 
                 ; 0000 004E // Port D initialization
                 ; 0000 004F // Function: Bit7=In Bit6=In Bit5=In Bit4=In Bit3=In Bit2=In Bit1=In Bit0=In
                 ; 0000 0050 DDRD=(0<<DDD7) | (0<<DDD6) | (0<<DDD5) | (0<<DDD4) | (0<<DDD3) | (0<<DDD2) | (0<<DDD1) | (0<<DDD0);
000082 bbe1      	OUT  0x11,R30
                 ; 0000 0051 // State: Bit7=T Bit6=T Bit5=T Bit4=T Bit3=T Bit2=T Bit1=T Bit0=T
                 ; 0000 0052 PORTD=(0<<PORTD7) | (0<<PORTD6) | (0<<PORTD5) | (0<<PORTD4) | (0<<PORTD3) | (0<<PORTD2) | (0<<PORTD1) | (0<<PORTD0);
000083 bbe2      	OUT  0x12,R30
                 ; 0000 0053 
                 ; 0000 0054 // Timer/Counter 0 initialization
                 ; 0000 0055 // Clock source: System Clock
                 ; 0000 0056 // Clock value: Timer 0 Stopped
                 ; 0000 0057 // Mode: Normal top=0xFF
                 ; 0000 0058 // OC0 output: Disconnected
                 ; 0000 0059 TCCR0=(0<<WGM00) | (0<<COM01) | (0<<COM00) | (0<<WGM01) | (0<<CS02) | (0<<CS01) | (0<<CS00);
000084 bfe3      	OUT  0x33,R30
                 ; 0000 005A TCNT0=0x00;
000085 bfe2      	OUT  0x32,R30
                 ; 0000 005B OCR0=0x00;
000086 bfec      	OUT  0x3C,R30
                 ; 0000 005C 
                 ; 0000 005D // Timer/Counter 1 initialization
                 ; 0000 005E // Clock source: System Clock
                 ; 0000 005F // Clock value: Timer1 Stopped
                 ; 0000 0060 // Mode: Normal top=0xFFFF
                 ; 0000 0061 // OC1A output: Disconnected
                 ; 0000 0062 // OC1B output: Disconnected
                 ; 0000 0063 // Noise Canceler: Off
                 ; 0000 0064 // Input Capture on Falling Edge
                 ; 0000 0065 // Timer1 Overflow Interrupt: Off
                 ; 0000 0066 // Input Capture Interrupt: Off
                 ; 0000 0067 // Compare A Match Interrupt: Off
                 ; 0000 0068 // Compare B Match Interrupt: Off
                 ; 0000 0069 TCCR1A=(0<<COM1A1) | (0<<COM1A0) | (0<<COM1B1) | (0<<COM1B0) | (0<<WGM11) | (0<<WGM10);
000087 bdef      	OUT  0x2F,R30
                 ; 0000 006A TCCR1B=(0<<ICNC1) | (0<<ICES1) | (0<<WGM13) | (0<<WGM12) | (0<<CS12) | (0<<CS11) | (0<<CS10);
000088 bdee      	OUT  0x2E,R30
                 ; 0000 006B TCNT1H=0x00;
000089 bded      	OUT  0x2D,R30
                 ; 0000 006C TCNT1L=0x00;
00008a bdec      	OUT  0x2C,R30
                 ; 0000 006D ICR1H=0x00;
00008b bde7      	OUT  0x27,R30
                 ; 0000 006E ICR1L=0x00;
00008c bde6      	OUT  0x26,R30
                 ; 0000 006F OCR1AH=0x00;
00008d bdeb      	OUT  0x2B,R30
                 ; 0000 0070 OCR1AL=0x00;
00008e bdea      	OUT  0x2A,R30
                 ; 0000 0071 OCR1BH=0x00;
00008f bde9      	OUT  0x29,R30
                 ; 0000 0072 OCR1BL=0x00;
000090 bde8      	OUT  0x28,R30
                 ; 0000 0073 
                 ; 0000 0074 // Timer/Counter 2 initialization
                 ; 0000 0075 // Clock source: System Clock
                 ; 0000 0076 // Clock value: Timer2 Stopped
                 ; 0000 0077 // Mode: Normal top=0xFF
                 ; 0000 0078 // OC2 output: Disconnected
                 ; 0000 0079 ASSR=0<<AS2;
000091 bde2      	OUT  0x22,R30
                 ; 0000 007A TCCR2=(0<<PWM2) | (0<<COM21) | (0<<COM20) | (0<<CTC2) | (0<<CS22) | (0<<CS21) | (0<<CS20);
000092 bde5      	OUT  0x25,R30
                 ; 0000 007B TCNT2=0x00;
000093 bde4      	OUT  0x24,R30
                 ; 0000 007C OCR2=0x00;
000094 bde3      	OUT  0x23,R30
                 ; 0000 007D 
                 ; 0000 007E // Timer(s)/Counter(s) Interrupt(s) initialization
                 ; 0000 007F TIMSK=(0<<OCIE2) | (0<<TOIE2) | (0<<TICIE1) | (0<<OCIE1A) | (0<<OCIE1B) | (0<<TOIE1) | (0<<OCIE0) | (0<<TOIE0);
000095 bfe9      	OUT  0x39,R30
                 ; 0000 0080 
                 ; 0000 0081 // External Interrupt(s) initialization
                 ; 0000 0082 // INT0: Off
                 ; 0000 0083 // INT1: Off
                 ; 0000 0084 // INT2: Off
                 ; 0000 0085 MCUCR=(0<<ISC11) | (0<<ISC10) | (0<<ISC01) | (0<<ISC00);
000096 bfe5      	OUT  0x35,R30
                 ; 0000 0086 MCUCSR=(0<<ISC2);
000097 bfe4      	OUT  0x34,R30
                 ; 0000 0087 
                 ; 0000 0088 // USART initialization
                 ; 0000 0089 // USART disabled
                 ; 0000 008A UCSRB=(0<<RXCIE) | (0<<TXCIE) | (0<<UDRIE) | (0<<RXEN) | (0<<TXEN) | (0<<UCSZ2) | (0<<RXB8) | (0<<TXB8);
000098 b9ea      	OUT  0xA,R30
                 ; 0000 008B 
                 ; 0000 008C // Analog Comparator initialization
                 ; 0000 008D // Analog Comparator: Off
                 ; 0000 008E // The Analog Comparator's positive input is
                 ; 0000 008F // connected to the AIN0 pin
                 ; 0000 0090 // The Analog Comparator's negative input is
                 ; 0000 0091 // connected to the AIN1 pin
                 ; 0000 0092 ACSR=(1<<ACD) | (0<<ACBG) | (0<<ACO) | (0<<ACI) | (0<<ACIE) | (0<<ACIC) | (0<<ACIS1) | (0<<ACIS0);
000099 e8e0      	LDI  R30,LOW(128)
00009a b9e8      	OUT  0x8,R30
                 ; 0000 0093 
                 ; 0000 0094 // ADC initialization
                 ; 0000 0095 // ADC Clock frequency: 750,000 kHz
                 ; 0000 0096 // ADC Voltage Reference: AREF pin
                 ; 0000 0097 // ADC Auto Trigger Source: ADC Stopped
                 ; 0000 0098 // Only the 8 most significant bits of
                 ; 0000 0099 // the AD conversion result are used
                 ; 0000 009A ADMUX=ADC_VREF_TYPE;
00009b e2e0      	LDI  R30,LOW(32)
00009c b9e7      	OUT  0x7,R30
                 ; 0000 009B ADCSRA=(1<<ADEN) | (0<<ADSC) | (0<<ADATE) | (0<<ADIF) | (0<<ADIE) | (1<<ADPS2) | (0<<ADPS1) | (0<<ADPS0);
00009d e8e4      	LDI  R30,LOW(132)
00009e b9e6      	OUT  0x6,R30
                 ; 0000 009C SFIOR=(0<<ADTS2) | (0<<ADTS1) | (0<<ADTS0);
00009f e0e0      	LDI  R30,LOW(0)
0000a0 bfe0      	OUT  0x30,R30
                 ; 0000 009D 
                 ; 0000 009E // SPI initialization
                 ; 0000 009F // SPI disabled
                 ; 0000 00A0 SPCR=(0<<SPIE) | (0<<SPE) | (0<<DORD) | (0<<MSTR) | (0<<CPOL) | (0<<CPHA) | (0<<SPR1) | (0<<SPR0);
0000a1 b9ed      	OUT  0xD,R30
                 ; 0000 00A1 
                 ; 0000 00A2 // TWI initialization
                 ; 0000 00A3 // TWI disabled
                 ; 0000 00A4 TWCR=(0<<TWEA) | (0<<TWSTA) | (0<<TWSTO) | (0<<TWEN) | (0<<TWIE);
0000a2 bfe6      	OUT  0x36,R30
                 ; 0000 00A5 
                 ; 0000 00A6 // Alphanumeric LCD initialization
                 ; 0000 00A7 // Connections are specified in the
                 ; 0000 00A8 // Project|Configure|C Compiler|Libraries|Alphanumeric LCD menu:
                 ; 0000 00A9 // RS - PORTB Bit 0
                 ; 0000 00AA // RD - PORTB Bit 1
                 ; 0000 00AB // EN - PORTB Bit 2
                 ; 0000 00AC // D4 - PORTB Bit 4
                 ; 0000 00AD // D5 - PORTB Bit 5
                 ; 0000 00AE // D6 - PORTB Bit 6
                 ; 0000 00AF // D7 - PORTB Bit 7
                 ; 0000 00B0 // Characters/line: 16
                 ; 0000 00B1 lcd_init(16);
0000a3 e1a0      	LDI  R26,LOW(16)
0000a4 940e 02e3 	CALL _lcd_init
                 ; 0000 00B2 
                 ; 0000 00B3 while (1)
                 _0x6:
                 ; 0000 00B4       {
                 ; 0000 00B5       // Place your code here
                 ; 0000 00B6       lcd_clear();
0000a6 940e 02a0 	CALL _lcd_clear
                 ; 0000 00B7         lcd_putsf("Data Suara: ");
                +
0000a8 e6a6     +LDI R26 , LOW ( 2 * _0x0 + ( 0 ) )
0000a9 e0b0     +LDI R27 , HIGH ( 2 * _0x0 + ( 0 ) )
                 	__POINTW2FN _0x0,0
0000aa 940e 02d0 	CALL _lcd_putsf
                 ; 0000 00B8         data_suara = read_adc(2);
0000ac e0a2      	LDI  R26,LOW(2)
0000ad dfbf      	RCALL _read_adc
0000ae 2e5e      	MOV  R5,R30
                 ; 0000 00B9         sprintf(xstring,"%d", data_suara);
0000af e6e0      	LDI  R30,LOW(_xstring)
0000b0 e0f1      	LDI  R31,HIGH(_xstring)
0000b1 93fa      	ST   -Y,R31
0000b2 93ea      	ST   -Y,R30
                +
0000b3 e7e3     +LDI R30 , LOW ( 2 * _0x0 + ( 13 ) )
0000b4 e0f0     +LDI R31 , HIGH ( 2 * _0x0 + ( 13 ) )
                 	__POINTW1FN _0x0,13
0000b5 93fa      	ST   -Y,R31
0000b6 93ea      	ST   -Y,R30
0000b7 2de5      	MOV  R30,R5
0000b8 27ff      	CLR  R31
0000b9 2766      	CLR  R22
0000ba 2777      	CLR  R23
0000bb 940e 037e 	CALL __PUTPARD1
0000bd e084      	LDI  R24,4
0000be 940e 023f 	CALL _sprintf
0000c0 9628      	ADIW R28,8
                 ; 0000 00BA         lcd_puts(xstring);
0000c1 e6a0      	LDI  R26,LOW(_xstring)
0000c2 e0b1      	LDI  R27,HIGH(_xstring)
0000c3 940e 02c1 	CALL _lcd_puts
                 ; 0000 00BB         delay_ms(500);
0000c5 efa4      	LDI  R26,LOW(500)
0000c6 e0b1      	LDI  R27,HIGH(500)
0000c7 940e 0364 	CALL _delay_ms
                 ; 0000 00BC       }
0000c9 cfdc      	RJMP _0x6
                 ; 0000 00BD }
                 _0x9:
0000ca cfff      	RJMP _0x9
                 ; .FEND
                 	#ifndef __SLEEP_DEFINED__
                 	#endif
                 
                 	.CSEG
                 _put_buff_G100:
                 ; .FSTART _put_buff_G100
0000cb 93ba      	ST   -Y,R27
0000cc 93aa      	ST   -Y,R26
0000cd 931a      	ST   -Y,R17
0000ce 930a      	ST   -Y,R16
0000cf 81aa      	LDD  R26,Y+2
0000d0 81bb      	LDD  R27,Y+2+1
0000d1 9612      	ADIW R26,2
0000d2 940e 0376 	CALL __GETW1P
0000d4 9730      	SBIW R30,0
0000d5 f159      	BREQ _0x2000010
0000d6 81aa      	LDD  R26,Y+2
0000d7 81bb      	LDD  R27,Y+2+1
0000d8 9614      	ADIW R26,4
0000d9 940e 0376 	CALL __GETW1P
0000db 018f      	MOVW R16,R30
0000dc 9730      	SBIW R30,0
0000dd f061      	BREQ _0x2000012
                +
0000de 3002     +CPI R16 , LOW ( 2 )
0000df e0e0     +LDI R30 , HIGH ( 2 )
0000e0 071e     +CPC R17 , R30
                 	__CPWRN 16,17,2
0000e1 f098      	BRLO _0x2000013
0000e2 01f8      	MOVW R30,R16
0000e3 9731      	SBIW R30,1
0000e4 018f      	MOVW R16,R30
                +
0000e5 81aa     +LDD R26 , Y + 2
0000e6 81bb     +LDD R27 , Y + 2 + 1
0000e7 9614     +ADIW R26 , 4
0000e8 93ed     +ST X + , R30
0000e9 93fc     +ST X , R31
                 	__PUTW1SNS 2,4
                 _0x2000012:
0000ea 81aa      	LDD  R26,Y+2
0000eb 81bb      	LDD  R27,Y+2+1
0000ec 9612      	ADIW R26,2
0000ed 91ed      	LD   R30,X+
0000ee 91fd      	LD   R31,X+
0000ef 9631      	ADIW R30,1
0000f0 93fe      	ST   -X,R31
0000f1 93ee      	ST   -X,R30
0000f2 9731      	SBIW R30,1
0000f3 81ac      	LDD  R26,Y+4
0000f4 83a0      	STD  Z+0,R26
                 _0x2000013:
0000f5 81aa      	LDD  R26,Y+2
0000f6 81bb      	LDD  R27,Y+2+1
0000f7 940e 0376 	CALL __GETW1P
0000f9 23ff      	TST  R31
0000fa f02a      	BRMI _0x2000014
0000fb 91ed      	LD   R30,X+
0000fc 91fd      	LD   R31,X+
0000fd 9631      	ADIW R30,1
0000fe 93fe      	ST   -X,R31
0000ff 93ee      	ST   -X,R30
                 _0x2000014:
000100 c006      	RJMP _0x2000015
                 _0x2000010:
000101 81aa      	LDD  R26,Y+2
000102 81bb      	LDD  R27,Y+2+1
000103 efef      	LDI  R30,LOW(65535)
000104 efff      	LDI  R31,HIGH(65535)
000105 93ed      	ST   X+,R30
000106 93fc      	ST   X,R31
                 _0x2000015:
000107 8119      	LDD  R17,Y+1
000108 8108      	LDD  R16,Y+0
000109 9625      	ADIW R28,5
00010a 9508      	RET
                 ; .FEND
                 __print_G100:
                 ; .FSTART __print_G100
00010b 93ba      	ST   -Y,R27
00010c 93aa      	ST   -Y,R26
00010d 9726      	SBIW R28,6
00010e 940e 0383 	CALL __SAVELOCR6
000110 e010      	LDI  R17,0
000111 85ac      	LDD  R26,Y+12
000112 85bd      	LDD  R27,Y+12+1
000113 e0e0      	LDI  R30,LOW(0)
000114 e0f0      	LDI  R31,HIGH(0)
000115 93ed      	ST   X+,R30
000116 93fc      	ST   X,R31
                 _0x2000016:
000117 89ea      	LDD  R30,Y+18
000118 89fb      	LDD  R31,Y+18+1
000119 9631      	ADIW R30,1
00011a 8bea      	STD  Y+18,R30
00011b 8bfb      	STD  Y+18+1,R31
00011c 9731      	SBIW R30,1
00011d 91e4      	LPM  R30,Z
00011e 2f2e      	MOV  R18,R30
00011f 30e0      	CPI  R30,0
000120 f409      	BRNE PC+2
000121 c115      	RJMP _0x2000018
000122 2fe1      	MOV  R30,R17
000123 30e0      	CPI  R30,0
000124 f439      	BRNE _0x200001C
000125 3225      	CPI  R18,37
000126 f411      	BRNE _0x200001D
000127 e011      	LDI  R17,LOW(1)
000128 c002      	RJMP _0x200001E
                 _0x200001D:
000129 940e 032a 	CALL SUBOPT_0x0
                 _0x200001E:
00012b c10a      	RJMP _0x200001B
                 _0x200001C:
00012c 30e1      	CPI  R30,LOW(0x1)
00012d f4a9      	BRNE _0x200001F
00012e 3225      	CPI  R18,37
00012f f419      	BRNE _0x2000020
000130 940e 032a 	CALL SUBOPT_0x0
000132 c102      	RJMP _0x20000CC
                 _0x2000020:
000133 e012      	LDI  R17,LOW(2)
000134 e040      	LDI  R20,LOW(0)
000135 e000      	LDI  R16,LOW(0)
000136 322d      	CPI  R18,45
000137 f411      	BRNE _0x2000021
000138 e001      	LDI  R16,LOW(1)
000139 c0fc      	RJMP _0x200001B
                 _0x2000021:
00013a 322b      	CPI  R18,43
00013b f411      	BRNE _0x2000022
00013c e24b      	LDI  R20,LOW(43)
00013d c0f8      	RJMP _0x200001B
                 _0x2000022:
00013e 3220      	CPI  R18,32
00013f f411      	BRNE _0x2000023
000140 e240      	LDI  R20,LOW(32)
000141 c0f4      	RJMP _0x200001B
                 _0x2000023:
000142 c002      	RJMP _0x2000024
                 _0x200001F:
000143 30e2      	CPI  R30,LOW(0x2)
000144 f439      	BRNE _0x2000025
                 _0x2000024:
000145 e050      	LDI  R21,LOW(0)
000146 e013      	LDI  R17,LOW(3)
000147 3320      	CPI  R18,48
000148 f411      	BRNE _0x2000026
000149 6800      	ORI  R16,LOW(128)
00014a c0eb      	RJMP _0x200001B
                 _0x2000026:
00014b c003      	RJMP _0x2000027
                 _0x2000025:
00014c 30e3      	CPI  R30,LOW(0x3)
00014d f009      	BREQ PC+2
00014e c0e7      	RJMP _0x200001B
                 _0x2000027:
00014f 3320      	CPI  R18,48
000150 f010      	BRLO _0x200002A
000151 332a      	CPI  R18,58
000152 f008      	BRLO _0x200002B
                 _0x200002A:
000153 c007      	RJMP _0x2000029
                 _0x200002B:
000154 e0aa      	LDI  R26,LOW(10)
000155 9f5a      	MUL  R21,R26
000156 2d50      	MOV  R21,R0
000157 2fe2      	MOV  R30,R18
000158 53e0      	SUBI R30,LOW(48)
000159 0f5e      	ADD  R21,R30
00015a c0db      	RJMP _0x200001B
                 _0x2000029:
00015b 2fe2      	MOV  R30,R18
00015c 36e3      	CPI  R30,LOW(0x63)
00015d f449      	BRNE _0x200002F
00015e 940e 0331 	CALL SUBOPT_0x1
000160 89e8      	LDD  R30,Y+16
000161 89f9      	LDD  R31,Y+16+1
000162 81a4      	LDD  R26,Z+4
000163 93aa      	ST   -Y,R26
000164 940e 0337 	CALL SUBOPT_0x2
000166 c0ce      	RJMP _0x2000030
                 _0x200002F:
000167 37e3      	CPI  R30,LOW(0x73)
000168 f441      	BRNE _0x2000032
000169 940e 0331 	CALL SUBOPT_0x1
00016b 940e 033d 	CALL SUBOPT_0x3
00016d 940e 0311 	CALL _strlen
00016f 2f1e      	MOV  R17,R30
000170 c00a      	RJMP _0x2000033
                 _0x2000032:
000171 37e0      	CPI  R30,LOW(0x70)
000172 f461      	BRNE _0x2000035
000173 940e 0331 	CALL SUBOPT_0x1
000175 940e 033d 	CALL SUBOPT_0x3
000177 940e 031d 	CALL _strlenf
000179 2f1e      	MOV  R17,R30
00017a 6008      	ORI  R16,LOW(8)
                 _0x2000033:
00017b 6002      	ORI  R16,LOW(2)
00017c 770f      	ANDI R16,LOW(127)
00017d e030      	LDI  R19,LOW(0)
00017e c034      	RJMP _0x2000036
                 _0x2000035:
00017f 36e4      	CPI  R30,LOW(0x64)
000180 f011      	BREQ _0x2000039
000181 36e9      	CPI  R30,LOW(0x69)
000182 f411      	BRNE _0x200003A
                 _0x2000039:
000183 6004      	ORI  R16,LOW(4)
000184 c002      	RJMP _0x200003B
                 _0x200003A:
000185 37e5      	CPI  R30,LOW(0x75)
000186 f431      	BRNE _0x200003C
                 _0x200003B:
000187 e5e4      	LDI  R30,LOW(_tbl10_G100*2)
000188 e0f0      	LDI  R31,HIGH(_tbl10_G100*2)
000189 83ee      	STD  Y+6,R30
00018a 83ff      	STD  Y+6+1,R31
00018b e015      	LDI  R17,LOW(5)
00018c c00c      	RJMP _0x200003D
                 _0x200003C:
00018d 35e8      	CPI  R30,LOW(0x58)
00018e f411      	BRNE _0x200003F
00018f 6008      	ORI  R16,LOW(8)
000190 c003      	RJMP _0x2000040
                 _0x200003F:
000191 37e8      	CPI  R30,LOW(0x78)
000192 f009      	BREQ PC+2
000193 c0a1      	RJMP _0x2000071
                 _0x2000040:
000194 e5ee      	LDI  R30,LOW(_tbl16_G100*2)
000195 e0f0      	LDI  R31,HIGH(_tbl16_G100*2)
000196 83ee      	STD  Y+6,R30
000197 83ff      	STD  Y+6+1,R31
000198 e014      	LDI  R17,LOW(4)
                 _0x200003D:
000199 ff02      	SBRS R16,2
00019a c014      	RJMP _0x2000042
00019b 940e 0331 	CALL SUBOPT_0x1
00019d 940e 0347 	CALL SUBOPT_0x4
00019f 85ab      	LDD  R26,Y+11
0001a0 23aa      	TST  R26
0001a1 f43a      	BRPL _0x2000043
0001a2 85ea      	LDD  R30,Y+10
0001a3 85fb      	LDD  R31,Y+10+1
0001a4 940e 0372 	CALL __ANEGW1
0001a6 87ea      	STD  Y+10,R30
0001a7 87fb      	STD  Y+10+1,R31
0001a8 e24d      	LDI  R20,LOW(45)
                 _0x2000043:
0001a9 3040      	CPI  R20,0
0001aa f011      	BREQ _0x2000044
0001ab 5f1f      	SUBI R17,-LOW(1)
0001ac c001      	RJMP _0x2000045
                 _0x2000044:
0001ad 7f0b      	ANDI R16,LOW(251)
                 _0x2000045:
0001ae c004      	RJMP _0x2000046
                 _0x2000042:
0001af 940e 0331 	CALL SUBOPT_0x1
0001b1 940e 0347 	CALL SUBOPT_0x4
                 _0x2000046:
                 _0x2000036:
0001b3 fd00      	SBRC R16,0
0001b4 c011      	RJMP _0x2000047
                 _0x2000048:
0001b5 1715      	CP   R17,R21
0001b6 f478      	BRSH _0x200004A
0001b7 ff07      	SBRS R16,7
0001b8 c008      	RJMP _0x200004B
0001b9 ff02      	SBRS R16,2
0001ba c004      	RJMP _0x200004C
0001bb 7f0b      	ANDI R16,LOW(251)
0001bc 2f24      	MOV  R18,R20
0001bd 5011      	SUBI R17,LOW(1)
0001be c001      	RJMP _0x200004D
                 _0x200004C:
0001bf e320      	LDI  R18,LOW(48)
                 _0x200004D:
0001c0 c001      	RJMP _0x200004E
                 _0x200004B:
0001c1 e220      	LDI  R18,LOW(32)
                 _0x200004E:
0001c2 940e 032a 	CALL SUBOPT_0x0
0001c4 5051      	SUBI R21,LOW(1)
0001c5 cfef      	RJMP _0x2000048
                 _0x200004A:
                 _0x2000047:
0001c6 2f31      	MOV  R19,R17
0001c7 ff01      	SBRS R16,1
0001c8 c017      	RJMP _0x200004F
                 _0x2000050:
0001c9 3030      	CPI  R19,0
0001ca f0a1      	BREQ _0x2000052
0001cb ff03      	SBRS R16,3
0001cc c006      	RJMP _0x2000053
0001cd 81ee      	LDD  R30,Y+6
0001ce 81ff      	LDD  R31,Y+6+1
0001cf 9125      	LPM  R18,Z+
0001d0 83ee      	STD  Y+6,R30
0001d1 83ff      	STD  Y+6+1,R31
0001d2 c005      	RJMP _0x2000054
                 _0x2000053:
0001d3 81ae      	LDD  R26,Y+6
0001d4 81bf      	LDD  R27,Y+6+1
0001d5 912d      	LD   R18,X+
0001d6 83ae      	STD  Y+6,R26
0001d7 83bf      	STD  Y+6+1,R27
                 _0x2000054:
0001d8 940e 032a 	CALL SUBOPT_0x0
0001da 3050      	CPI  R21,0
0001db f009      	BREQ _0x2000055
0001dc 5051      	SUBI R21,LOW(1)
                 _0x2000055:
0001dd 5031      	SUBI R19,LOW(1)
0001de cfea      	RJMP _0x2000050
                 _0x2000052:
0001df c04b      	RJMP _0x2000056
                 _0x200004F:
                 _0x2000058:
0001e0 e320      	LDI  R18,LOW(48)
0001e1 81ee      	LDD  R30,Y+6
0001e2 81ff      	LDD  R31,Y+6+1
0001e3 940e 037a 	CALL __GETW1PF
0001e5 87e8      	STD  Y+8,R30
0001e6 87f9      	STD  Y+8+1,R31
0001e7 81ee      	LDD  R30,Y+6
0001e8 81ff      	LDD  R31,Y+6+1
0001e9 9632      	ADIW R30,2
0001ea 83ee      	STD  Y+6,R30
0001eb 83ff      	STD  Y+6+1,R31
                 _0x200005A:
0001ec 85e8      	LDD  R30,Y+8
0001ed 85f9      	LDD  R31,Y+8+1
0001ee 85aa      	LDD  R26,Y+10
0001ef 85bb      	LDD  R27,Y+10+1
0001f0 17ae      	CP   R26,R30
0001f1 07bf      	CPC  R27,R31
0001f2 f050      	BRLO _0x200005C
0001f3 5f2f      	SUBI R18,-LOW(1)
0001f4 85a8      	LDD  R26,Y+8
0001f5 85b9      	LDD  R27,Y+8+1
0001f6 85ea      	LDD  R30,Y+10
0001f7 85fb      	LDD  R31,Y+10+1
0001f8 1bea      	SUB  R30,R26
0001f9 0bfb      	SBC  R31,R27
0001fa 87ea      	STD  Y+10,R30
0001fb 87fb      	STD  Y+10+1,R31
0001fc cfef      	RJMP _0x200005A
                 _0x200005C:
0001fd 332a      	CPI  R18,58
0001fe f028      	BRLO _0x200005D
0001ff ff03      	SBRS R16,3
000200 c002      	RJMP _0x200005E
000201 5f29      	SUBI R18,-LOW(7)
000202 c001      	RJMP _0x200005F
                 _0x200005E:
000203 5d29      	SUBI R18,-LOW(39)
                 _0x200005F:
                 _0x200005D:
000204 fd04      	SBRC R16,4
000205 c01a      	RJMP _0x2000061
000206 3321      	CPI  R18,49
000207 f420      	BRSH _0x2000063
000208 85a8      	LDD  R26,Y+8
000209 85b9      	LDD  R27,Y+8+1
00020a 9711      	SBIW R26,1
00020b f409      	BRNE _0x2000062
                 _0x2000063:
00020c c009      	RJMP _0x20000CD
                 _0x2000062:
00020d 1753      	CP   R21,R19
00020e f010      	BRLO _0x2000067
00020f ff00      	SBRS R16,0
000210 c001      	RJMP _0x2000068
                 _0x2000067:
000211 c013      	RJMP _0x2000066
                 _0x2000068:
000212 e220      	LDI  R18,LOW(32)
000213 ff07      	SBRS R16,7
000214 c00b      	RJMP _0x2000069
000215 e320      	LDI  R18,LOW(48)
                 _0x20000CD:
000216 6100      	ORI  R16,LOW(16)
000217 ff02      	SBRS R16,2
000218 c007      	RJMP _0x200006A
000219 7f0b      	ANDI R16,LOW(251)
00021a 934a      	ST   -Y,R20
00021b 940e 0337 	CALL SUBOPT_0x2
00021d 3050      	CPI  R21,0
00021e f009      	BREQ _0x200006B
00021f 5051      	SUBI R21,LOW(1)
                 _0x200006B:
                 _0x200006A:
                 _0x2000069:
                 _0x2000061:
000220 940e 032a 	CALL SUBOPT_0x0
000222 3050      	CPI  R21,0
000223 f009      	BREQ _0x200006C
000224 5051      	SUBI R21,LOW(1)
                 _0x200006C:
                 _0x2000066:
000225 5031      	SUBI R19,LOW(1)
000226 85a8      	LDD  R26,Y+8
000227 85b9      	LDD  R27,Y+8+1
000228 9712      	SBIW R26,2
000229 f008      	BRLO _0x2000059
00022a cfb5      	RJMP _0x2000058
                 _0x2000059:
                 _0x2000056:
00022b ff00      	SBRS R16,0
00022c c008      	RJMP _0x200006D
                 _0x200006E:
00022d 3050      	CPI  R21,0
00022e f031      	BREQ _0x2000070
00022f 5051      	SUBI R21,LOW(1)
000230 e2e0      	LDI  R30,LOW(32)
000231 93ea      	ST   -Y,R30
000232 940e 0337 	CALL SUBOPT_0x2
000234 cff8      	RJMP _0x200006E
                 _0x2000070:
                 _0x200006D:
                 _0x2000071:
                 _0x2000030:
                 _0x20000CC:
000235 e010      	LDI  R17,LOW(0)
                 _0x200001B:
000236 cee0      	RJMP _0x2000016
                 _0x2000018:
000237 85ac      	LDD  R26,Y+12
000238 85bd      	LDD  R27,Y+12+1
000239 940e 0376 	CALL __GETW1P
00023b 940e 038a 	CALL __LOADLOCR6
00023d 9664      	ADIW R28,20
00023e 9508      	RET
                 ; .FEND
                 _sprintf:
                 ; .FSTART _sprintf
00023f 92ff      	PUSH R15
000240 2ef8      	MOV  R15,R24
000241 9726      	SBIW R28,6
000242 940e 0385 	CALL __SAVELOCR4
000244 940e 034f 	CALL SUBOPT_0x5
000246 9730      	SBIW R30,0
000247 f419      	BRNE _0x2000072
000248 efef      	LDI  R30,LOW(65535)
000249 efff      	LDI  R31,HIGH(65535)
00024a c023      	RJMP _0x2080003
                 _0x2000072:
00024b 01de      	MOVW R26,R28
00024c 9616      	ADIW R26,6
00024d 940e 036e 	CALL __ADDW2R15
00024f 018d      	MOVW R16,R26
000250 940e 034f 	CALL SUBOPT_0x5
000252 83ee      	STD  Y+6,R30
000253 83ff      	STD  Y+6+1,R31
000254 e0e0      	LDI  R30,LOW(0)
000255 87e8      	STD  Y+8,R30
000256 87e9      	STD  Y+8+1,R30
000257 01de      	MOVW R26,R28
000258 961a      	ADIW R26,10
000259 940e 036e 	CALL __ADDW2R15
00025b 940e 0376 	CALL __GETW1P
00025d 93fa      	ST   -Y,R31
00025e 93ea      	ST   -Y,R30
00025f 931a      	ST   -Y,R17
000260 930a      	ST   -Y,R16
000261 eceb      	LDI  R30,LOW(_put_buff_G100)
000262 e0f0      	LDI  R31,HIGH(_put_buff_G100)
000263 93fa      	ST   -Y,R31
000264 93ea      	ST   -Y,R30
000265 01de      	MOVW R26,R28
000266 961a      	ADIW R26,10
000267 dea3      	RCALL __print_G100
000268 019f      	MOVW R18,R30
000269 81ae      	LDD  R26,Y+6
00026a 81bf      	LDD  R27,Y+6+1
00026b e0e0      	LDI  R30,LOW(0)
00026c 93ec      	ST   X,R30
00026d 01f9      	MOVW R30,R18
                 _0x2080003:
00026e 940e 038c 	CALL __LOADLOCR4
000270 962a      	ADIW R28,10
000271 90ff      	POP  R15
000272 9508      	RET
                 ; .FEND
                 	#ifndef __SLEEP_DEFINED__
                 	#endif
                 
                 	.DSEG
                 
                 	.CSEG
                 __lcd_write_nibble_G101:
                 ; .FSTART __lcd_write_nibble_G101
000273 93aa      	ST   -Y,R26
000274 b3e8      	IN   R30,0x18
000275 70ef      	ANDI R30,LOW(0xF)
000276 2fae      	MOV  R26,R30
000277 81e8      	LD   R30,Y
000278 7fe0      	ANDI R30,LOW(0xF0)
000279 2bea      	OR   R30,R26
00027a bbe8      	OUT  0x18,R30
                +
00027b e184     +LDI R24 , LOW ( 20 )
                +__DELAY_USB_LOOP :
00027c 958a     +DEC R24
00027d f7f1     +BRNE __DELAY_USB_LOOP
                 	__DELAY_USB 20
00027e 9ac2      	SBI  0x18,2
                +
00027f e184     +LDI R24 , LOW ( 20 )
                +__DELAY_USB_LOOP :
000280 958a     +DEC R24
000281 f7f1     +BRNE __DELAY_USB_LOOP
                 	__DELAY_USB 20
000282 98c2      	CBI  0x18,2
                +
000283 e184     +LDI R24 , LOW ( 20 )
                +__DELAY_USB_LOOP :
000284 958a     +DEC R24
000285 f7f1     +BRNE __DELAY_USB_LOOP
                 	__DELAY_USB 20
000286 c088      	RJMP _0x2080001
                 ; .FEND
                 __lcd_write_data:
                 ; .FSTART __lcd_write_data
000287 93aa      	ST   -Y,R26
000288 81a8      	LD   R26,Y
000289 dfe9      	RCALL __lcd_write_nibble_G101
00028a 81e8          ld    r30,y
00028b 95e2          swap  r30
00028c 83e8          st    y,r30
00028d 81a8      	LD   R26,Y
00028e dfe4      	RCALL __lcd_write_nibble_G101
                +
00028f ec88     +LDI R24 , LOW ( 200 )
                +__DELAY_USB_LOOP :
000290 958a     +DEC R24
000291 f7f1     +BRNE __DELAY_USB_LOOP
                 	__DELAY_USB 200
000292 c07c      	RJMP _0x2080001
                 ; .FEND
                 _lcd_gotoxy:
                 ; .FSTART _lcd_gotoxy
000293 93aa      	ST   -Y,R26
000294 81e8      	LD   R30,Y
000295 e0f0      	LDI  R31,0
000296 59ed      	SUBI R30,LOW(-__base_y_G101)
000297 4ffe      	SBCI R31,HIGH(-__base_y_G101)
000298 81e0      	LD   R30,Z
000299 81a9      	LDD  R26,Y+1
00029a 0fae      	ADD  R26,R30
00029b dfeb      	RCALL __lcd_write_data
00029c 8049      	LDD  R4,Y+1
00029d 8078      	LDD  R7,Y+0
00029e 9622      	ADIW R28,2
00029f 9508      	RET
                 ; .FEND
                 _lcd_clear:
                 ; .FSTART _lcd_clear
0002a0 e0a2      	LDI  R26,LOW(2)
0002a1 940e 0356 	CALL SUBOPT_0x6
0002a3 e0ac      	LDI  R26,LOW(12)
0002a4 dfe2      	RCALL __lcd_write_data
0002a5 e0a1      	LDI  R26,LOW(1)
0002a6 940e 0356 	CALL SUBOPT_0x6
0002a8 e0e0      	LDI  R30,LOW(0)
0002a9 2e7e      	MOV  R7,R30
0002aa 2e4e      	MOV  R4,R30
0002ab 9508      	RET
                 ; .FEND
                 _lcd_putchar:
                 ; .FSTART _lcd_putchar
0002ac 93aa      	ST   -Y,R26
0002ad 81a8      	LD   R26,Y
0002ae 30aa      	CPI  R26,LOW(0xA)
0002af f011      	BREQ _0x2020005
0002b0 1446      	CP   R4,R6
0002b1 f048      	BRLO _0x2020004
                 _0x2020005:
0002b2 e0e0      	LDI  R30,LOW(0)
0002b3 93ea      	ST   -Y,R30
0002b4 9473      	INC  R7
0002b5 2da7      	MOV  R26,R7
0002b6 dfdc      	RCALL _lcd_gotoxy
0002b7 81a8      	LD   R26,Y
0002b8 30aa      	CPI  R26,LOW(0xA)
0002b9 f409      	BRNE _0x2020007
0002ba c054      	RJMP _0x2080001
                 _0x2020007:
                 _0x2020004:
0002bb 9443      	INC  R4
0002bc 9ac0      	SBI  0x18,0
0002bd 81a8      	LD   R26,Y
0002be dfc8      	RCALL __lcd_write_data
0002bf 98c0      	CBI  0x18,0
0002c0 c04e      	RJMP _0x2080001
                 ; .FEND
                 _lcd_puts:
                 ; .FSTART _lcd_puts
0002c1 93ba      	ST   -Y,R27
0002c2 93aa      	ST   -Y,R26
0002c3 931a      	ST   -Y,R17
                 _0x2020008:
0002c4 81a9      	LDD  R26,Y+1
0002c5 81ba      	LDD  R27,Y+1+1
0002c6 91ed      	LD   R30,X+
0002c7 83a9      	STD  Y+1,R26
0002c8 83ba      	STD  Y+1+1,R27
0002c9 2f1e      	MOV  R17,R30
0002ca 30e0      	CPI  R30,0
0002cb f019      	BREQ _0x202000A
0002cc 2fa1      	MOV  R26,R17
0002cd dfde      	RCALL _lcd_putchar
0002ce cff5      	RJMP _0x2020008
                 _0x202000A:
0002cf c010      	RJMP _0x2080002
                 ; .FEND
                 _lcd_putsf:
                 ; .FSTART _lcd_putsf
0002d0 93ba      	ST   -Y,R27
0002d1 93aa      	ST   -Y,R26
0002d2 931a      	ST   -Y,R17
                 _0x202000B:
0002d3 81e9      	LDD  R30,Y+1
0002d4 81fa      	LDD  R31,Y+1+1
0002d5 9631      	ADIW R30,1
0002d6 83e9      	STD  Y+1,R30
0002d7 83fa      	STD  Y+1+1,R31
0002d8 9731      	SBIW R30,1
0002d9 91e4      	LPM  R30,Z
0002da 2f1e      	MOV  R17,R30
0002db 30e0      	CPI  R30,0
0002dc f019      	BREQ _0x202000D
0002dd 2fa1      	MOV  R26,R17
0002de dfcd      	RCALL _lcd_putchar
0002df cff3      	RJMP _0x202000B
                 _0x202000D:
                 _0x2080002:
0002e0 8118      	LDD  R17,Y+0
0002e1 9623      	ADIW R28,3
0002e2 9508      	RET
                 ; .FEND
                 _lcd_init:
                 ; .FSTART _lcd_init
0002e3 93aa      	ST   -Y,R26
0002e4 b3e7      	IN   R30,0x17
0002e5 6fe0      	ORI  R30,LOW(0xF0)
0002e6 bbe7      	OUT  0x17,R30
0002e7 9aba      	SBI  0x17,2
0002e8 9ab8      	SBI  0x17,0
0002e9 9ab9      	SBI  0x17,1
0002ea 98c2      	CBI  0x18,2
0002eb 98c0      	CBI  0x18,0
0002ec 98c1      	CBI  0x18,1
0002ed 8068      	LDD  R6,Y+0
0002ee 81e8      	LD   R30,Y
0002ef 58e0      	SUBI R30,-LOW(128)
                +
0002f0 93e0 0165+STS __base_y_G101 + ( 2 ) , R30
                 	__PUTB1MN __base_y_G101,2
0002f2 81e8      	LD   R30,Y
0002f3 54e0      	SUBI R30,-LOW(192)
                +
0002f4 93e0 0166+STS __base_y_G101 + ( 3 ) , R30
                 	__PUTB1MN __base_y_G101,3
0002f6 e1a4      	LDI  R26,LOW(20)
0002f7 e0b0      	LDI  R27,0
0002f8 940e 0364 	CALL _delay_ms
0002fa 940e 035c 	CALL SUBOPT_0x7
0002fc 940e 035c 	CALL SUBOPT_0x7
0002fe 940e 035c 	CALL SUBOPT_0x7
000300 e2a0      	LDI  R26,LOW(32)
000301 df71      	RCALL __lcd_write_nibble_G101
                +
000302 e28c     +LDI R24 , LOW ( 300 )
000303 e091     +LDI R25 , HIGH ( 300 )
                +__DELAY_USW_LOOP :
000304 9701     +SBIW R24 , 1
000305 f7f1     +BRNE __DELAY_USW_LOOP
                 	__DELAY_USW 300
000306 e2a8      	LDI  R26,LOW(40)
000307 df7f      	RCALL __lcd_write_data
000308 e0a4      	LDI  R26,LOW(4)
000309 df7d      	RCALL __lcd_write_data
00030a e8a5      	LDI  R26,LOW(133)
00030b df7b      	RCALL __lcd_write_data
00030c e0a6      	LDI  R26,LOW(6)
00030d df79      	RCALL __lcd_write_data
00030e df91      	RCALL _lcd_clear
                 _0x2080001:
00030f 9621      	ADIW R28,1
000310 9508      	RET
                 ; .FEND
                 
                 	.CSEG
                 
                 	.CSEG
                 _strlen:
                 ; .FSTART _strlen
000311 93ba      	ST   -Y,R27
000312 93aa      	ST   -Y,R26
000313 91a9          ld   r26,y+
000314 91b9          ld   r27,y+
000315 27ee          clr  r30
000316 27ff          clr  r31
                 strlen0:
000317 916d          ld   r22,x+
000318 2366          tst  r22
000319 f011          breq strlen1
00031a 9631          adiw r30,1
00031b cffb          rjmp strlen0
                 strlen1:
00031c 9508          ret
                 ; .FEND
                 _strlenf:
                 ; .FSTART _strlenf
00031d 93ba      	ST   -Y,R27
00031e 93aa      	ST   -Y,R26
00031f 27aa          clr  r26
000320 27bb          clr  r27
000321 91e9          ld   r30,y+
000322 91f9          ld   r31,y+
                 strlenf0:
000323 9005      	lpm  r0,z+
000324 2000          tst  r0
000325 f011          breq strlenf1
000326 9611          adiw r26,1
000327 cffb          rjmp strlenf0
                 strlenf1:
000328 01fd          movw r30,r26
000329 9508          ret
                 ; .FEND
                 
                 	.DSEG
                 _xstring:
000160           	.BYTE 0x3
                 __base_y_G101:
000163           	.BYTE 0x4
                 
                 	.CSEG
                 ;OPTIMIZER ADDED SUBROUTINE, CALLED 5 TIMES, CODE SIZE REDUCTION:13 WORDS
                 SUBOPT_0x0:
00032a 932a      	ST   -Y,R18
00032b 85ad      	LDD  R26,Y+13
00032c 85be      	LDD  R27,Y+13+1
00032d 85ef      	LDD  R30,Y+15
00032e 89f8      	LDD  R31,Y+15+1
00032f 9509      	ICALL
000330 9508      	RET
                 
                 ;OPTIMIZER ADDED SUBROUTINE, CALLED 5 TIMES, CODE SIZE REDUCTION:9 WORDS
                 SUBOPT_0x1:
000331 89e8      	LDD  R30,Y+16
000332 89f9      	LDD  R31,Y+16+1
000333 9734      	SBIW R30,4
000334 8be8      	STD  Y+16,R30
000335 8bf9      	STD  Y+16+1,R31
000336 9508      	RET
                 
                 ;OPTIMIZER ADDED SUBROUTINE, CALLED 3 TIMES, CODE SIZE REDUCTION:3 WORDS
                 SUBOPT_0x2:
000337 85ad      	LDD  R26,Y+13
000338 85be      	LDD  R27,Y+13+1
000339 85ef      	LDD  R30,Y+15
00033a 89f8      	LDD  R31,Y+15+1
00033b 9509      	ICALL
00033c 9508      	RET
                 
                 ;OPTIMIZER ADDED SUBROUTINE, CALLED 2 TIMES, CODE SIZE REDUCTION:4 WORDS
                 SUBOPT_0x3:
00033d 89a8      	LDD  R26,Y+16
00033e 89b9      	LDD  R27,Y+16+1
00033f 9614      	ADIW R26,4
000340 940e 0376 	CALL __GETW1P
000342 83ee      	STD  Y+6,R30
000343 83ff      	STD  Y+6+1,R31
000344 81ae      	LDD  R26,Y+6
000345 81bf      	LDD  R27,Y+6+1
000346 9508      	RET
                 
                 ;OPTIMIZER ADDED SUBROUTINE, CALLED 2 TIMES, CODE SIZE REDUCTION:2 WORDS
                 SUBOPT_0x4:
000347 89a8      	LDD  R26,Y+16
000348 89b9      	LDD  R27,Y+16+1
000349 9614      	ADIW R26,4
00034a 940e 0376 	CALL __GETW1P
00034c 87ea      	STD  Y+10,R30
00034d 87fb      	STD  Y+10+1,R31
00034e 9508      	RET
                 
                 ;OPTIMIZER ADDED SUBROUTINE, CALLED 2 TIMES, CODE SIZE REDUCTION:1 WORDS
                 SUBOPT_0x5:
00034f 01de      	MOVW R26,R28
000350 961c      	ADIW R26,12
000351 940e 036e 	CALL __ADDW2R15
000353 940e 0376 	CALL __GETW1P
000355 9508      	RET
                 
                 ;OPTIMIZER ADDED SUBROUTINE, CALLED 2 TIMES, CODE SIZE REDUCTION:1 WORDS
                 SUBOPT_0x6:
000356 940e 0287 	CALL __lcd_write_data
000358 e0a3      	LDI  R26,LOW(3)
000359 e0b0      	LDI  R27,0
00035a 940c 0364 	JMP  _delay_ms
                 
                 ;OPTIMIZER ADDED SUBROUTINE, CALLED 3 TIMES, CODE SIZE REDUCTION:7 WORDS
                 SUBOPT_0x7:
00035c e3a0      	LDI  R26,LOW(48)
00035d 940e 0273 	CALL __lcd_write_nibble_G101
                +
00035f e28c     +LDI R24 , LOW ( 300 )
000360 e091     +LDI R25 , HIGH ( 300 )
                +__DELAY_USW_LOOP :
000361 9701     +SBIW R24 , 1
000362 f7f1     +BRNE __DELAY_USW_LOOP
                 	__DELAY_USW 300
000363 9508      	RET
                 
                 
                 	.CSEG
                 _delay_ms:
000364 9610      	adiw r26,0
000365 f039      	breq __delay_ms1
                 __delay_ms0:
                +
000366 eb88     +LDI R24 , LOW ( 0xBB8 )
000367 e09b     +LDI R25 , HIGH ( 0xBB8 )
                +__DELAY_USW_LOOP :
000368 9701     +SBIW R24 , 1
000369 f7f1     +BRNE __DELAY_USW_LOOP
                 	__DELAY_USW 0xBB8
00036a 95a8      	wdr
00036b 9711      	sbiw r26,1
00036c f7c9      	brne __delay_ms0
                 __delay_ms1:
00036d 9508      	ret
                 
                 __ADDW2R15:
00036e 2400      	CLR  R0
00036f 0daf      	ADD  R26,R15
000370 1db0      	ADC  R27,R0
000371 9508      	RET
                 
                 __ANEGW1:
000372 95f1      	NEG  R31
000373 95e1      	NEG  R30
000374 40f0      	SBCI R31,0
000375 9508      	RET
                 
                 __GETW1P:
000376 91ed      	LD   R30,X+
000377 91fc      	LD   R31,X
000378 9711      	SBIW R26,1
000379 9508      	RET
                 
                 __GETW1PF:
00037a 9005      	LPM  R0,Z+
00037b 91f4      	LPM  R31,Z
00037c 2de0      	MOV  R30,R0
00037d 9508      	RET
                 
                 __PUTPARD1:
00037e 937a      	ST   -Y,R23
00037f 936a      	ST   -Y,R22
000380 93fa      	ST   -Y,R31
000381 93ea      	ST   -Y,R30
000382 9508      	RET
                 
                 __SAVELOCR6:
000383 935a      	ST   -Y,R21
                 __SAVELOCR5:
000384 934a      	ST   -Y,R20
                 __SAVELOCR4:
000385 933a      	ST   -Y,R19
                 __SAVELOCR3:
000386 932a      	ST   -Y,R18
                 __SAVELOCR2:
000387 931a      	ST   -Y,R17
000388 930a      	ST   -Y,R16
000389 9508      	RET
                 
                 __LOADLOCR6:
00038a 815d      	LDD  R21,Y+5
                 __LOADLOCR5:
00038b 814c      	LDD  R20,Y+4
                 __LOADLOCR4:
00038c 813b      	LDD  R19,Y+3
                 __LOADLOCR3:
00038d 812a      	LDD  R18,Y+2
                 __LOADLOCR2:
00038e 8119      	LDD  R17,Y+1
00038f 8108      	LD   R16,Y
000390 9508      	RET
                 
                 ;END OF CODE MARKER
                 __END_OF_CODE:


RESOURCE USE INFORMATION
------------------------

Notice:
The register and instruction counts are symbol table hit counts,
and hence implicitly used resources are not counted, eg, the
'lpm' instruction without operands implicitly uses r0 and z,
none of which are counted.

x,y,z are separate entities in the symbol table and are
counted separately from r26..r31 here.

.dseg memory usage only counts static data declared with .byte

ATmega16 register use summary:
r0 :  11 r1 :   1 r2 :   0 r3 :   0 r4 :   4 r5 :   2 r6 :   2 r7 :   4 
r8 :   0 r9 :   0 r10:   0 r11:   0 r12:   0 r13:   0 r14:   0 r15:   4 
r16:  34 r17:  27 r18:  29 r19:   8 r20:   9 r21:  17 r22:   6 r23:   2 
r24:  25 r25:   5 r26: 102 r27:  40 r28:  14 r29:   1 r30: 197 r31:  60 
x  :  23 y  : 174 z  :  16 
Registers used: 26 out of 35 (74.3%)

ATmega16 instruction use summary:
.lds  :   0 .lds.l:   0 .sts  :   0 .sts.l:   0 adc   :   1 add   :   3 
adiw  :  25 and   :   0 andi  :   6 asr   :   0 bclr  :   0 bld   :   0 
brbc  :   0 brbs  :   0 brcc  :   0 brcs  :   0 break :   0 breq  :  18 
brge  :   0 brhc  :   0 brhs  :   0 brid  :   0 brie  :   0 brlo  :   8 
brlt  :   0 brmi  :   1 brne  :  31 brpl  :   1 brsh  :   2 brtc  :   0 
brts  :   0 brvc  :   0 brvs  :   0 bset  :   0 bst   :   0 call  :  53 
cbi   :   5 cbr   :   0 clc   :   0 clh   :   0 cli   :   1 cln   :   0 
clr   :  10 cls   :   0 clt   :   0 clv   :   0 clz   :   0 com   :   0 
cp    :   4 cpc   :   2 cpi   :  34 cpse  :   0 dec   :   6 des   :   0 
eor   :   0 fmul  :   0 fmuls :   0 fmulsu:   0 icall :   2 ijmp  :   0 
in    :   3 inc   :   2 jmp   :  24 ld    :  26 ldd   :  79 ldi   :  94 
lds   :   0 lpm   :  16 lsl   :   0 lsr   :   0 mov   :  21 movw  :  14 
mul   :   1 muls  :   0 mulsu :   0 neg   :   2 nop   :   0 or    :   1 
ori   :   8 out   :  44 pop   :   1 push  :   1 rcall :  16 ret   :  24 
reti  :   0 rjmp  :  62 rol   :   0 ror   :   0 sbc   :   1 sbci  :   2 
sbi   :   7 sbic  :   0 sbis  :   1 sbiw  :  20 sbr   :   0 sbrc  :   2 
sbrs  :  10 sec   :   0 seh   :   0 sei   :   0 sen   :   0 ser   :   0 
ses   :   0 set   :   0 sev   :   0 sez   :   0 sleep :   0 spm   :   0 
st    :  62 std   :  33 sts   :   2 sub   :   1 subi  :  16 swap  :   1 
tst   :   4 wdr   :   1 
Instructions used: 53 out of 116 (45.7%)

ATmega16 memory use summary [bytes]:
Segment   Begin    End      Code   Data   Used    Size   Use%
---------------------------------------------------------------
[.cseg] 0x000000 0x000722   1782     44   1826   16384  11.1%
[.dseg] 0x000060 0x000167      0      7      7    1024   0.7%
[.eseg] 0x000000 0x000000      0      0      0     512   0.0%

Assembly complete, 0 errors, 4 warnings
